[2026-04-13T13:09:28.282Z] [ERROR] POST /api/login/reset - 500 - 148ms
[2026-04-13T13:09:30.367Z] [ERROR] POST /api/login/reset - 500 - 94ms
[2026-04-13T13:09:33.269Z] [ERROR] POST /api/login/reset - 500 - 99ms
[2026-04-13T13:09:35.531Z] [ERROR] POST /api/login/reset - 500 - 99ms
[2026-04-13T13:09:44.145Z] [ERROR] POST /api/login/reset - 500 - 95ms
[2026-04-13T13:13:50.835Z] [ERROR] POST /api/login/reset - 500 - 104ms
[2026-04-13T13:13:53.366Z] [ERROR] POST /api/login/reset - 500 - 101ms
[2026-04-13T13:13:53.877Z] [ERROR] POST /api/login/reset - 500 - 117ms
[2026-04-13T13:14:30.682Z] [ERROR] POST /api/login/reset - 500 - 127ms
[2026-04-13T13:17:53.884Z] [ERROR] POST /api/login/reset - 500 - 118ms
[2026-04-13T13:18:38.175Z] [ERROR] POST /api/login/reset - 500 - 109ms
[2026-04-13T13:18:39.939Z] [ERROR] POST /api/login/reset - 500 - 105ms
[2026-04-13T13:18:41.345Z] [ERROR] POST /api/login/reset - 500 - 103ms
[2026-04-13T13:18:41.629Z] [ERROR] POST /api/login/reset - 500 - 196ms
[2026-04-13T13:18:41.752Z] [ERROR] POST /api/login/reset - 500 - 127ms
[2026-04-13T13:18:43.042Z] [ERROR] POST /api/login/reset - 500 - 137ms
[2026-04-13T13:28:06.661Z] [ERROR] POST /api/login/reset - 500 - 130ms
[2026-04-13T13:28:12.883Z] [ERROR] POST /api/login/reset - 500 - 104ms
[2026-04-13T13:29:51.606Z] [INFO] POST /api/login/reset - 200 - 152ms
[2026-04-13T13:30:19.595Z] [INFO] POST /api/login/validate - 200 - 116ms
[2026-04-13T13:30:19.628Z] [INFO] GET /api/members?search=kyle_creamer%40dummy.com&limit=1 - 200 - 29ms
[2026-04-13T13:30:19.723Z] [INFO] GET /api/dashboard/stats - 200 - 22ms
[2026-04-13T13:30:33.470Z] [INFO] GET /api/schedules?startDate=2026-04-01&endDate=2026-04-30 - 200 - 85ms
[2026-04-13T13:30:40.737Z] [INFO] GET /api/rotations - 304 - 8ms
[2026-04-13T13:30:40.745Z] [INFO] GET /api/groups - 304 - 7ms
[2026-04-13T13:30:40.762Z] [INFO] GET /api/members?limit=1000 - 304 - 16ms
[2026-04-13T13:30:40.823Z] [INFO] GET /api/teams - 200 - 92ms
[2026-04-13T13:30:40.831Z] [INFO] GET /api/rotations/types - 304 - 92ms
[2026-04-13T13:30:40.848Z] [INFO] GET /api/rotations/templates - 304 - 108ms
[2026-04-13T13:30:42.826Z] [INFO] GET /api/roles - 304 - 3ms
[2026-04-13T13:30:42.831Z] [INFO] GET /api/location/countries - 304 - 7ms
[2026-04-13T13:30:42.834Z] [INFO] GET /api/location/cities - 304 - 13ms
[2026-04-13T13:30:42.846Z] [INFO] GET /api/members?page=1&limit=10&search=&jobTitle=&status=&location= - 304 - 22ms
[2026-04-13T13:30:43.926Z] [INFO] GET /api/teams - 304 - 2ms
[2026-04-13T13:30:43.934Z] [INFO] GET /api/groups - 304 - 9ms
[2026-04-13T13:30:43.944Z] [INFO] GET /api/teams/84e950b2-fb8c-4112-9ea3-71d0c40ad52c/members - 304 - 9ms
[2026-04-13T13:30:49.130Z] [INFO] PUT /api/teams/84e950b2-fb8c-4112-9ea3-71d0c40ad52c/status - 200 - 6ms
[2026-04-13T13:30:49.803Z] [INFO] PUT /api/teams/84e950b2-fb8c-4112-9ea3-71d0c40ad52c/status - 200 - 2ms
[2026-04-13T13:31:03.670Z] [INFO] GET /api/roles - 304 - 61ms
[2026-04-13T13:31:03.689Z] [INFO] GET /api/location/cities - 304 - 80ms
[2026-04-13T13:31:03.721Z] [INFO] GET /api/location/countries - 304 - 109ms
[2026-04-13T13:31:03.731Z] [INFO] GET /api/members?page=1&limit=10&search=&jobTitle=&status=&location= - 304 - 120ms
[2026-04-13T13:31:05.897Z] [INFO] GET /api/groups - 304 - 3ms
[2026-04-13T13:31:05.900Z] [INFO] GET /api/teams - 304 - 7ms
[2026-04-13T13:31:05.908Z] [INFO] GET /api/teams/84e950b2-fb8c-4112-9ea3-71d0c40ad52c/members - 304 - 4ms
[2026-04-13T13:34:04.108Z] [INFO] GET /api/groups - 304 - 110ms
[2026-04-13T13:34:04.149Z] [INFO] GET /api/teams - 304 - 152ms
[2026-04-13T13:34:04.176Z] [INFO] GET /api/teams/84e950b2-fb8c-4112-9ea3-71d0c40ad52c/members - 304 - 15ms
[2026-04-13T13:48:49.442Z] [INFO] GET /api/dashboard/stats - 304 - 59ms
[2026-04-13T13:49:09.919Z] [INFO] GET /api/teams - 304 - 63ms
[2026-04-13T13:49:09.922Z] [INFO] GET /api/groups - 304 - 65ms
[2026-04-13T13:49:09.935Z] [INFO] GET /api/teams/84e950b2-fb8c-4112-9ea3-71d0c40ad52c/members - 304 - 13ms
[2026-04-13T14:26:40.012Z] [INFO] GET / - 200 - 7ms
[2026-04-13T14:26:40.068Z] [WARN] GET /favicon.ico - 404 - 8ms
[2026-04-13T14:27:05.503Z] [ERROR] GET /api/holidays - 500 - 81ms
[2026-04-13T14:30:20.138Z] [INFO] GET /api/holidays - 200 - 178ms
[2026-04-13T14:47:23.580Z] [INFO] GET /api/dashboard/stats - 304 - 136ms
[2026-04-13T14:48:12.430Z] [WARN] POST /api/login/validate - 401 - 110ms
[2026-04-13T14:48:25.944Z] [WARN] POST /api/login/validate - 401 - 48ms
[2026-04-13T14:50:11.950Z] [WARN] POST /api/login/validate - 401 - 260ms
[2026-04-13T14:51:28.971Z] [INFO] POST /api/login/validate - 200 - 114ms
[2026-04-13T14:51:29.031Z] [INFO] GET /api/members?search=kyle_creamer%40dummy.com&limit=1 - 304 - 57ms
[2026-04-13T14:51:29.095Z] [INFO] GET /api/dashboard/stats - 304 - 27ms
[2026-04-13T14:51:34.814Z] [INFO] GET /api/groups - 304 - 3ms
[2026-04-13T14:51:34.820Z] [INFO] GET /api/teams - 304 - 9ms
[2026-04-13T14:51:34.847Z] [INFO] GET /api/teams/84e950b2-fb8c-4112-9ea3-71d0c40ad52c/members - 304 - 17ms
[2026-04-13T14:51:35.747Z] [INFO] GET /api/holidays - 304 - 3ms
[2026-04-13T14:52:30.775Z] [INFO] POST /api/holidays - 201 - 54ms
[2026-04-13T14:52:47.754Z] [WARN] DELETE /api/holidays/3d56b0c5-b3fc-4908-ab33-2fa42a559776 - 404 - 2ms
[2026-04-13T14:52:53.847Z] [INFO] GET /api/rotations - 304 - 62ms
[2026-04-13T14:52:53.899Z] [INFO] GET /api/groups - 304 - 110ms
[2026-04-13T14:52:53.914Z] [INFO] GET /api/teams - 304 - 128ms
[2026-04-13T14:52:53.929Z] [INFO] GET /api/rotations/templates - 304 - 138ms
[2026-04-13T14:52:53.934Z] [INFO] GET /api/rotations/types - 304 - 144ms
[2026-04-13T14:52:53.947Z] [INFO] GET /api/members?limit=1000 - 304 - 161ms
[2026-04-13T14:52:55.286Z] [INFO] GET /api/holidays - 200 - 4ms
[2026-04-13T14:53:14.336Z] [INFO] GET /api/teams - 304 - 54ms
[2026-04-13T14:53:14.345Z] [INFO] GET /api/groups - 304 - 62ms
[2026-04-13T14:53:14.353Z] [INFO] GET /api/teams/84e950b2-fb8c-4112-9ea3-71d0c40ad52c/members - 304 - 15ms
[2026-04-13T14:53:21.307Z] [INFO] GET /api/teams/b7bbca90-e474-4d50-81c5-7e6ec95d6630/members - 304 - 5ms
[2026-04-13T14:55:08.938Z] [INFO] GET /api/holidays - 304 - 53ms
[2026-04-13T14:55:18.032Z] [WARN] PUT /api/holidays/3d56b0c5-b3fc-4908-ab33-2fa42a559776 - 404 - 0ms
[2026-04-13T14:55:20.590Z] [WARN] PUT /api/holidays/3d56b0c5-b3fc-4908-ab33-2fa42a559776 - 404 - 1ms
[2026-04-13T15:02:55.011Z] [INFO] GET /api/holidays - 304 - 41ms
[2026-04-13T15:18:25.013Z] [INFO] GET /api/holidays - 304 - 41ms
[2026-04-13T15:18:36.189Z] [INFO] GET /api/holidays - 304 - 55ms
[2026-04-13T15:18:48.419Z] [WARN] PUT /api/holidays/3d56b0c5-b3fc-4908-ab33-2fa42a559776 - 404 - 0ms
[2026-04-13T15:18:55.873Z] [WARN] PUT /api/holidays/3d56b0c5-b3fc-4908-ab33-2fa42a559776 - 404 - 0ms
[2026-04-13T15:19:30.892Z] [WARN] DELETE /api/holidays/3d56b0c5-b3fc-4908-ab33-2fa42a559776 - 404 - 1ms
[2026-04-13T15:19:33.791Z] [WARN] DELETE /api/holidays/3d56b0c5-b3fc-4908-ab33-2fa42a559776 - 404 - 0ms
[2026-04-13T15:19:39.722Z] [WARN] DELETE /api/holidays/3d56b0c5-b3fc-4908-ab33-2fa42a559776 - 404 - 1ms
[2026-04-13T15:32:37.707Z] [INFO] DELETE /api/holidays/3d56b0c5-b3fc-4908-ab33-2fa42a559776 - 200 - 186ms
[2026-04-13T15:32:53.349Z] [INFO] POST /api/holidays - 201 - 53ms
[2026-04-13T15:33:02.208Z] [INFO] PUT /api/holidays/b7453738-3375-4c12-9076-5fd49278fb75 - 200 - 5ms
