[2026-04-14T02:54:17.216Z] [INFO] GET /api/groups - 304 - 95ms
[2026-04-14T02:54:17.219Z] [INFO] GET /api/holidays - 200 - 102ms
[2026-04-14T02:56:00.713Z] [INFO] POST /api/login/validate - 200 - 136ms
[2026-04-14T02:56:00.735Z] [INFO] GET /api/members?search=kyle_creamer%40dummy.com&limit=1 - 304 - 20ms
[2026-04-14T02:56:00.819Z] [INFO] GET /api/dashboard/stats - 304 - 14ms
[2026-04-14T02:56:07.961Z] [INFO] GET /api/schedules?startDate=2026-04-01&endDate=2026-04-30 - 200 - 83ms
[2026-04-14T02:56:10.611Z] [INFO] GET /api/location/cities - 304 - 7ms
[2026-04-14T02:56:10.675Z] [INFO] GET /api/roles - 304 - 67ms
[2026-04-14T02:56:10.687Z] [INFO] GET /api/location/countries - 304 - 77ms
[2026-04-14T02:56:10.704Z] [INFO] GET /api/members?page=1&limit=10&search=&jobTitle=&status=&location= - 304 - 95ms
[2026-04-14T02:56:13.358Z] [INFO] GET /api/groups - 304 - 3ms
[2026-04-14T02:56:13.363Z] [INFO] GET /api/teams - 304 - 8ms
[2026-04-14T02:56:13.375Z] [INFO] GET /api/teams/84e950b2-fb8c-4112-9ea3-71d0c40ad52c/members - 304 - 2ms
[2026-04-14T02:56:16.143Z] [INFO] GET /api/groups - 304 - 1ms
[2026-04-14T02:56:16.146Z] [INFO] GET /api/holidays - 304 - 4ms
[2026-04-14T02:56:30.378Z] [INFO] DELETE /api/holidays/b7453738-3375-4c12-9076-5fd49278fb75 - 200 - 49ms
[2026-04-14T02:57:13.300Z] [INFO] POST /api/holidays - 201 - 56ms
[2026-04-14T02:57:20.881Z] [INFO] PUT /api/holidays/86741e66-4bca-4bad-93c5-f98eb99aa560 - 200 - 5ms
[2026-04-14T12:34:21.460Z] [INFO] GET /api/holidays - 200 - 149ms
[2026-04-14T12:34:21.463Z] [INFO] GET /api/groups - 304 - 120ms
[2026-04-14T12:34:56.954Z] [INFO] GET /api/groups - 304 - 141ms
[2026-04-14T12:34:56.962Z] [INFO] GET /api/teams - 304 - 176ms
[2026-04-14T12:34:57.018Z] [INFO] GET /api/teams/d41a032f-4d27-482d-9fe1-aea8b1ae7265/members - 304 - 43ms
[2026-04-14T12:35:02.935Z] [INFO] GET /api/location/cities - 304 - 6ms
[2026-04-14T12:35:02.939Z] [INFO] GET /api/roles - 304 - 7ms
[2026-04-14T12:35:02.946Z] [INFO] GET /api/location/countries - 304 - 3ms
[2026-04-14T12:35:02.989Z] [INFO] GET /api/members?page=1&limit=10&search=&jobTitle=&status=&location= - 304 - 49ms
[2026-04-14T12:35:04.771Z] [INFO] GET /api/groups - 304 - 3ms
[2026-04-14T12:35:04.785Z] [INFO] GET /api/teams - 304 - 19ms
[2026-04-14T12:35:04.808Z] [INFO] GET /api/teams/d41a032f-4d27-482d-9fe1-aea8b1ae7265/members - 304 - 4ms
[2026-04-14T12:35:08.129Z] [INFO] GET /api/location/cities - 304 - 5ms
[2026-04-14T12:35:08.133Z] [INFO] GET /api/roles - 304 - 8ms
[2026-04-14T12:35:08.137Z] [INFO] GET /api/location/countries - 304 - 6ms
[2026-04-14T12:35:08.339Z] [INFO] GET /api/members?page=1&limit=10&search=&jobTitle=&status=&location= - 304 - 213ms
[2026-04-14T12:35:09.892Z] [INFO] GET /api/groups - 304 - 1ms
[2026-04-14T12:35:09.896Z] [INFO] GET /api/holidays - 304 - 8ms
[2026-04-14T12:35:10.957Z] [INFO] GET /api/groups - 304 - 1ms
[2026-04-14T12:35:10.966Z] [INFO] GET /api/teams - 304 - 12ms
[2026-04-14T12:35:10.986Z] [INFO] GET /api/teams/d41a032f-4d27-482d-9fe1-aea8b1ae7265/members - 304 - 7ms
[2026-04-14T12:35:12.925Z] [INFO] GET /api/location/cities - 304 - 4ms
[2026-04-14T12:35:12.928Z] [INFO] GET /api/roles - 304 - 6ms
[2026-04-14T12:35:12.940Z] [INFO] GET /api/location/countries - 304 - 3ms
[2026-04-14T12:35:12.950Z] [INFO] GET /api/members?page=1&limit=10&search=&jobTitle=&status=&location= - 304 - 27ms
[2026-04-14T12:35:13.798Z] [INFO] GET /api/rotations - 304 - 8ms
[2026-04-14T12:35:13.818Z] [INFO] GET /api/teams - 304 - 10ms
[2026-04-14T12:35:13.824Z] [INFO] GET /api/groups - 304 - 14ms
[2026-04-14T12:35:13.831Z] [INFO] GET /api/members?limit=1000 - 304 - 24ms
[2026-04-14T12:35:13.969Z] [INFO] GET /api/rotations/types - 304 - 159ms
[2026-04-14T12:35:13.976Z] [INFO] GET /api/rotations/templates - 304 - 162ms
[2026-04-14T12:35:15.272Z] [INFO] GET /api/schedules?startDate=2026-04-01&endDate=2026-04-30 - 304 - 122ms
[2026-04-14T12:35:16.735Z] [INFO] GET /api/teams - 304 - 5ms
[2026-04-14T12:35:16.744Z] [INFO] GET /api/groups - 304 - 2ms
[2026-04-14T12:35:16.783Z] [INFO] GET /api/teams/d41a032f-4d27-482d-9fe1-aea8b1ae7265/members - 304 - 24ms
[2026-04-14T12:35:17.650Z] [INFO] GET /api/holidays - 304 - 1ms
[2026-04-14T12:35:17.656Z] [INFO] GET /api/groups - 304 - 1ms
[2026-04-14T12:35:19.496Z] [INFO] GET /api/teams - 304 - 4ms
[2026-04-14T12:35:19.501Z] [INFO] GET /api/groups - 304 - 8ms
[2026-04-14T12:35:19.564Z] [INFO] GET /api/teams/d41a032f-4d27-482d-9fe1-aea8b1ae7265/members - 304 - 59ms
[2026-04-14T12:35:22.967Z] [INFO] GET /api/teams/50ef787a-4fc6-40e4-b443-bd39bbf55317/members - 200 - 15ms
[2026-04-14T12:35:23.995Z] [INFO] GET /api/teams/a37f014e-9834-4441-b475-b9984412b419/members - 200 - 14ms
[2026-04-14T12:35:25.643Z] [INFO] GET /api/teams/5b8c0deb-2c48-4190-9624-02cd154d0185/members - 200 - 13ms
[2026-04-14T12:35:26.555Z] [INFO] GET /api/teams/b3abdfd8-9b10-46d5-9c38-e0d5f1881add/members - 200 - 15ms
[2026-04-14T12:35:39.941Z] [INFO] GET /api/holidays - 304 - 113ms
[2026-04-14T12:35:39.956Z] [INFO] GET /api/groups - 304 - 115ms
[2026-04-14T12:35:41.051Z] [INFO] GET /api/rotations - 304 - 12ms
[2026-04-14T12:35:41.068Z] [INFO] GET /api/groups - 304 - 10ms
[2026-04-14T12:35:41.216Z] [INFO] GET /api/rotations/templates - 304 - 152ms
[2026-04-14T12:35:41.232Z] [INFO] GET /api/members?limit=1000 - 304 - 192ms
[2026-04-14T12:35:41.254Z] [INFO] GET /api/rotations/types - 304 - 193ms
[2026-04-14T12:35:41.264Z] [INFO] GET /api/teams - 304 - 216ms
[2026-04-14T12:35:42.627Z] [INFO] GET /api/schedules?startDate=2026-04-01&endDate=2026-04-30 - 304 - 62ms
[2026-04-14T12:35:43.750Z] [INFO] GET /api/dashboard/stats - 304 - 8ms
[2026-04-14T12:35:45.568Z] [INFO] GET /api/teams - 304 - 6ms
[2026-04-14T12:35:45.575Z] [INFO] GET /api/groups - 304 - 1ms
[2026-04-14T12:35:45.605Z] [INFO] GET /api/teams/d41a032f-4d27-482d-9fe1-aea8b1ae7265/members - 304 - 23ms
[2026-04-14T12:35:54.534Z] [INFO] GET /api/location/cities - 304 - 3ms
[2026-04-14T12:35:54.542Z] [INFO] GET /api/roles - 304 - 4ms
[2026-04-14T12:35:54.708Z] [INFO] GET /api/location/countries - 304 - 169ms
[2026-04-14T12:35:54.755Z] [INFO] GET /api/members?page=1&limit=10&search=&jobTitle=&status=&location= - 304 - 214ms
[2026-04-14T12:35:57.224Z] [INFO] GET /api/teams - 304 - 3ms
[2026-04-14T12:35:57.235Z] [INFO] GET /api/rotations - 304 - 20ms
[2026-04-14T12:35:57.242Z] [INFO] GET /api/rotations/types - 304 - 9ms
[2026-04-14T12:35:57.245Z] [INFO] GET /api/rotations/templates - 304 - 5ms
[2026-04-14T12:35:57.339Z] [INFO] GET /api/members?limit=1000 - 304 - 121ms
[2026-04-14T12:35:57.387Z] [INFO] GET /api/groups - 304 - 165ms
[2026-04-14T12:35:58.774Z] [INFO] GET /api/groups - 304 - 4ms
[2026-04-14T12:35:58.780Z] [INFO] GET /api/teams - 304 - 11ms
[2026-04-14T12:35:58.833Z] [INFO] GET /api/teams/d41a032f-4d27-482d-9fe1-aea8b1ae7265/members - 304 - 30ms
[2026-04-14T12:36:07.240Z] [INFO] GET /api/holidays - 304 - 6ms
[2026-04-14T12:36:07.256Z] [INFO] GET /api/groups - 304 - 4ms
[2026-04-14T12:36:13.967Z] [INFO] GET /api/teams - 304 - 4ms
[2026-04-14T12:36:13.971Z] [INFO] GET /api/groups - 304 - 2ms
[2026-04-14T12:36:13.999Z] [INFO] GET /api/teams/d41a032f-4d27-482d-9fe1-aea8b1ae7265/members - 304 - 4ms
[2026-04-14T12:36:17.822Z] [INFO] GET /api/holidays - 304 - 2ms
[2026-04-14T12:36:17.825Z] [INFO] GET /api/groups - 304 - 1ms
[2026-04-14T12:36:23.237Z] [INFO] GET /api/teams - 304 - 5ms
[2026-04-14T12:36:23.281Z] [INFO] GET /api/teams/d41a032f-4d27-482d-9fe1-aea8b1ae7265/members - 304 - 4ms
[2026-04-14T12:36:23.394Z] [INFO] GET /api/groups - 304 - 159ms
[2026-04-14T12:36:25.007Z] [INFO] PUT /api/teams/d41a032f-4d27-482d-9fe1-aea8b1ae7265/status - 200 - 16ms
[2026-04-14T12:36:25.755Z] [INFO] PUT /api/teams/d41a032f-4d27-482d-9fe1-aea8b1ae7265/status - 200 - 3ms
[2026-04-14T12:36:32.619Z] [INFO] PUT /api/teams/d41a032f-4d27-482d-9fe1-aea8b1ae7265/status - 200 - 6ms
[2026-04-14T12:36:33.093Z] [INFO] PUT /api/teams/d41a032f-4d27-482d-9fe1-aea8b1ae7265/status - 200 - 6ms
[2026-04-14T12:36:48.458Z] [INFO] PUT /api/teams/d41a032f-4d27-482d-9fe1-aea8b1ae7265/status - 200 - 64ms
[2026-04-14T12:36:49.504Z] [INFO] PUT /api/teams/d41a032f-4d27-482d-9fe1-aea8b1ae7265/status - 200 - 5ms
[2026-04-14T12:37:01.287Z] [INFO] GET /api/roles - 304 - 89ms
[2026-04-14T12:37:01.316Z] [INFO] GET /api/members?limit=1000 - 304 - 120ms
[2026-04-14T12:37:06.615Z] [INFO] GET /api/holidays - 304 - 9ms
[2026-04-14T12:37:06.631Z] [INFO] GET /api/groups - 304 - 6ms
[2026-04-14T12:37:19.237Z] [INFO] GET /api/groups - 304 - 98ms
[2026-04-14T12:37:19.336Z] [INFO] GET /api/teams - 304 - 199ms
[2026-04-14T12:37:19.374Z] [INFO] GET /api/teams/d41a032f-4d27-482d-9fe1-aea8b1ae7265/members - 304 - 27ms
[2026-04-14T12:37:20.136Z] [INFO] GET /api/location/cities - 304 - 4ms
[2026-04-14T12:37:20.140Z] [INFO] GET /api/roles - 304 - 7ms
[2026-04-14T12:37:20.147Z] [INFO] GET /api/location/countries - 304 - 4ms
[2026-04-14T12:37:20.320Z] [INFO] GET /api/members?page=1&limit=10&search=&jobTitle=&status=&location= - 304 - 186ms
[2026-04-14T12:37:21.501Z] [INFO] GET /api/rotations - 304 - 14ms
[2026-04-14T12:37:21.515Z] [INFO] GET /api/groups - 304 - 4ms
[2026-04-14T12:37:21.518Z] [INFO] GET /api/teams - 304 - 8ms
[2026-04-14T12:37:21.536Z] [INFO] GET /api/members?limit=1000 - 304 - 40ms
[2026-04-14T12:37:21.657Z] [INFO] GET /api/rotations/templates - 304 - 143ms
[2026-04-14T12:37:21.691Z] [INFO] GET /api/rotations/types - 304 - 179ms
[2026-04-14T12:37:22.538Z] [INFO] GET /api/holidays - 304 - 7ms
[2026-04-14T12:37:22.544Z] [INFO] GET /api/groups - 304 - 9ms
[2026-04-14T12:37:25.267Z] [INFO] GET /api/groups - 304 - 5ms
[2026-04-14T12:37:25.272Z] [INFO] GET /api/teams - 304 - 12ms
[2026-04-14T12:37:25.348Z] [INFO] GET /api/teams/d41a032f-4d27-482d-9fe1-aea8b1ae7265/members - 304 - 42ms
[2026-04-14T12:37:34.245Z] [INFO] GET /api/location/cities - 304 - 3ms
[2026-04-14T12:37:34.255Z] [INFO] GET /api/roles - 304 - 4ms
[2026-04-14T12:37:34.268Z] [INFO] GET /api/members?page=1&limit=10&search=&jobTitle=&status=&location= - 304 - 17ms
[2026-04-14T12:37:34.424Z] [INFO] GET /api/location/countries - 304 - 172ms
[2026-04-14T12:37:43.437Z] [INFO] GET /api/groups - 304 - 1ms
[2026-04-14T12:37:43.455Z] [INFO] GET /api/teams - 304 - 20ms
[2026-04-14T12:37:43.500Z] [INFO] GET /api/teams/d41a032f-4d27-482d-9fe1-aea8b1ae7265/members - 304 - 27ms
[2026-04-14T12:38:07.797Z] [INFO] GET /api/location/cities - 304 - 171ms
[2026-04-14T12:38:07.836Z] [INFO] GET /api/location/countries - 304 - 193ms
[2026-04-14T12:38:07.879Z] [INFO] GET /api/roles - 304 - 243ms
[2026-04-14T12:38:07.911Z] [INFO] GET /api/members?page=1&limit=10&search=&jobTitle=&status=&location= - 304 - 272ms
[2026-04-14T12:38:08.757Z] [INFO] GET /api/schedules?startDate=2026-04-01&endDate=2026-04-30 - 304 - 81ms
[2026-04-14T12:40:06.449Z] [INFO] GET /api/dashboard/stats - 304 - 195ms
[2026-04-14T12:42:12.143Z] [INFO] GET /api/location/cities - 304 - 134ms
[2026-04-14T12:42:12.171Z] [INFO] GET /api/roles - 304 - 160ms
[2026-04-14T12:42:12.222Z] [INFO] GET /api/members?page=1&limit=10&search=&jobTitle=&status=&location= - 304 - 207ms
[2026-04-14T12:42:12.248Z] [INFO] GET /api/location/countries - 304 - 232ms
[2026-04-14T12:42:13.772Z] [INFO] GET /api/schedules?startDate=2026-03-30&endDate=2026-04-30 - 200 - 53ms
[2026-04-14T12:42:17.380Z] [INFO] GET /api/schedules?startDate=2026-03-30&endDate=2026-04-30&search=H - 200 - 28ms
[2026-04-14T12:42:22.805Z] [INFO] GET /api/schedules?startDate=2026-03-30&endDate=2026-04-30 - 304 - 26ms
[2026-04-14T12:42:26.120Z] [INFO] GET /api/schedules?startDate=2026-03-30&endDate=2026-04-30&search=b - 200 - 21ms
[2026-04-14T12:42:30.007Z] [INFO] GET /api/schedules?startDate=2026-03-30&endDate=2026-04-30&search=br - 200 - 30ms
[2026-04-14T12:42:57.033Z] [INFO] GET /api/schedules?startDate=2026-03-30&endDate=2026-04-30&search=b - 304 - 115ms
[2026-04-14T12:51:29.750Z] [INFO] GET /api/schedules?startDate=2026-04-01&endDate=2026-04-30 - 304 - 254ms
[2026-04-14T12:52:40.591Z] [INFO] GET /api/schedules?startDate=2026-04-01&endDate=2026-04-30 - 304 - 304ms
[2026-04-14T13:02:15.493Z] [INFO] GET /api/schedules?startDate=2026-04-01&endDate=2026-04-30 - 304 - 165ms
[2026-04-14T13:02:20.064Z] [INFO] GET /api/schedules?startDate=2026-04-01&endDate=2026-04-30 - 304 - 18ms
[2026-04-14T13:02:32.013Z] [INFO] GET /api/schedules?startDate=2026-04-01&endDate=2026-04-30&search=ri - 200 - 327ms
[2026-04-14T13:02:38.368Z] [INFO] GET /api/schedules?startDate=2026-04-01&endDate=2026-04-30&search=rishi - 200 - 13ms
[2026-04-14T13:02:42.738Z] [INFO] GET /api/schedules?startDate=2026-04-01&endDate=2026-04-30 - 304 - 46ms
[2026-04-14T13:06:17.557Z] [INFO] POST /api/login/validate - 200 - 179ms
[2026-04-14T13:07:34.054Z] [INFO] GET /api/schedules?startDate=2026-04-01&endDate=2026-04-30 - 304 - 147ms
[2026-04-14T13:07:37.874Z] [INFO] GET /api/schedules?startDate=2026-04-01&endDate=2026-04-30&teamId=bb0afa07-c4da-466c-b18a-34bd174fafa4 - 200 - 33ms
[2026-04-14T13:07:41.578Z] [INFO] GET /api/schedules?startDate=2026-04-01&endDate=2026-04-30&teamId=bb0afa07-c4da-466c-b18a-34bd174fafa4,50ef787a-4fc6-40e4-b443-bd39bbf55317 - 200 - 24ms
[2026-04-14T13:07:44.740Z] [INFO] GET /api/schedules?startDate=2026-04-01&endDate=2026-04-30&teamId=bb0afa07-c4da-466c-b18a-34bd174fafa4,50ef787a-4fc6-40e4-b443-bd39bbf55317&rotationType=On-Call - 200 - 19ms
[2026-04-14T13:07:47.656Z] [INFO] GET /api/schedules?startDate=2026-04-01&endDate=2026-04-30&teamId=bb0afa07-c4da-466c-b18a-34bd174fafa4,50ef787a-4fc6-40e4-b443-bd39bbf55317&rotationType=On-Call,Cross-Team+Analyst - 200 - 26ms
[2026-04-14T13:07:54.684Z] [INFO] GET /api/schedules?startDate=2026-04-01&endDate=2026-04-30&teamId=bb0afa07-c4da-466c-b18a-34bd174fafa4,50ef787a-4fc6-40e4-b443-bd39bbf55317 - 304 - 15ms
[2026-04-14T13:07:57.614Z] [INFO] GET /api/schedules?startDate=2026-04-01&endDate=2026-04-30 - 304 - 43ms
[2026-04-14T13:08:04.508Z] [INFO] GET /api/schedules?startDate=2026-04-01&endDate=2026-04-30&rotationType=On-Call - 200 - 41ms
[2026-04-14T13:08:12.029Z] [INFO] GET /api/schedules?startDate=2026-04-01&endDate=2026-04-30 - 304 - 35ms
[2026-04-14T13:08:15.466Z] [INFO] GET /api/schedules?startDate=2026-04-01&endDate=2026-04-30&teamId=a37f014e-9834-4441-b475-b9984412b419 - 200 - 29ms
[2026-04-14T13:08:18.866Z] [INFO] GET /api/schedules?startDate=2026-04-01&endDate=2026-04-30&teamId=a37f014e-9834-4441-b475-b9984412b419,50ef787a-4fc6-40e4-b443-bd39bbf55317 - 200 - 35ms
[2026-04-14T13:08:29.898Z] [INFO] GET /api/schedules?startDate=2026-04-01&endDate=2026-04-30&teamId=a37f014e-9834-4441-b475-b9984412b419,50ef787a-4fc6-40e4-b443-bd39bbf55317,7a2a5498-c9ab-4579-9309-abcb3d68464e - 200 - 125ms
[2026-04-14T13:08:37.549Z] [INFO] GET /api/schedules?startDate=2026-04-01&endDate=2026-04-30&teamId=a37f014e-9834-4441-b475-b9984412b419,50ef787a-4fc6-40e4-b443-bd39bbf55317,7a2a5498-c9ab-4579-9309-abcb3d68464e,639cae90-ac3c-44ba-bcb0-b8e4fcd28f25 - 200 - 21ms
[2026-04-14T13:08:45.076Z] [INFO] GET /api/schedules?startDate=2026-04-01&endDate=2026-04-30 - 304 - 16ms
[2026-04-14T13:08:47.544Z] [INFO] GET /api/schedules?startDate=2026-04-01&endDate=2026-04-30 - 304 - 32ms
[2026-04-14T13:08:51.446Z] [INFO] GET /api/schedules?startDate=2026-04-01&endDate=2026-04-30&search=bre - 200 - 40ms
[2026-04-14T13:08:59.027Z] [INFO] GET /api/schedules?startDate=2026-04-01&endDate=2026-04-30 - 304 - 38ms
[2026-04-14T13:09:04.893Z] [INFO] GET /api/schedules?startDate=2026-04-01&endDate=2026-04-30&search=Rishi - 200 - 39ms
[2026-04-14T13:09:14.488Z] [INFO] GET /api/schedules?startDate=2026-04-01&endDate=2026-04-30 - 304 - 40ms
[2026-04-14T13:09:23.861Z] [INFO] GET /api/schedules?startDate=2026-04-01&endDate=2026-04-30&teamId=639cae90-ac3c-44ba-bcb0-b8e4fcd28f25 - 200 - 15ms
[2026-04-14T13:09:42.624Z] [INFO] GET /api/schedules?startDate=2026-04-01&endDate=2026-04-30 - 304 - 126ms
[2026-04-14T13:09:45.839Z] [INFO] GET /api/schedules?startDate=2026-04-01&endDate=2026-04-30&teamId=50ef787a-4fc6-40e4-b443-bd39bbf55317 - 200 - 24ms
[2026-04-14T13:09:51.328Z] [INFO] GET /api/schedules?startDate=2026-04-01&endDate=2026-04-30&teamId=50ef787a-4fc6-40e4-b443-bd39bbf55317,639cae90-ac3c-44ba-bcb0-b8e4fcd28f25 - 200 - 41ms
[2026-04-14T13:10:00.881Z] [INFO] GET /api/schedules?startDate=2026-04-01&endDate=2026-04-30 - 304 - 12ms
[2026-04-14T13:10:03.902Z] [INFO] GET /api/schedules?startDate=2026-04-01&endDate=2026-04-30&rotationType=On-Call - 304 - 28ms
[2026-04-14T13:10:08.059Z] [INFO] GET /api/schedules?startDate=2026-04-01&endDate=2026-04-30 - 304 - 30ms
[2026-04-14T13:13:13.437Z] [INFO] GET /api/schedules?startDate=2026-04-01&endDate=2026-04-30 - 304 - 280ms
[2026-04-14T13:13:53.289Z] [INFO] GET /api/schedules?startDate=2026-04-01&endDate=2026-04-30&teamId=d41a032f-4d27-482d-9fe1-aea8b1ae7265 - 200 - 143ms
[2026-04-14T13:13:57.768Z] [INFO] GET /api/schedules?startDate=2026-04-01&endDate=2026-04-30&teamId=d41a032f-4d27-482d-9fe1-aea8b1ae7265,639cae90-ac3c-44ba-bcb0-b8e4fcd28f25 - 200 - 27ms
[2026-04-14T13:14:01.651Z] [INFO] GET /api/schedules?startDate=2026-04-01&endDate=2026-04-30 - 304 - 18ms
[2026-04-14T13:20:58.431Z] [INFO] GET /api/schedules?startDate=2026-04-01&endDate=2026-04-30 - 304 - 141ms
[2026-04-14T13:23:31.443Z] [INFO] GET /api/schedules?startDate=2026-04-01&endDate=2026-04-30 - 304 - 159ms
[2026-04-14T13:23:36.004Z] [INFO] GET /api/schedules?startDate=2026-04-01&endDate=2026-04-30&teamId=50ef787a-4fc6-40e4-b443-bd39bbf55317 - 304 - 34ms
[2026-04-14T13:23:38.437Z] [INFO] GET /api/schedules?startDate=2026-04-01&endDate=2026-04-30 - 304 - 19ms
[2026-04-14T13:23:42.561Z] [INFO] GET /api/schedules?startDate=2026-04-01&endDate=2026-04-30&teamId=639cae90-ac3c-44ba-bcb0-b8e4fcd28f25 - 304 - 13ms
[2026-04-14T13:23:51.134Z] [INFO] GET /api/schedules?startDate=2026-04-01&endDate=2026-04-30&teamId=639cae90-ac3c-44ba-bcb0-b8e4fcd28f25&rotationType=On-Call - 200 - 21ms
[2026-04-14T13:23:55.573Z] [INFO] GET /api/schedules?startDate=2026-04-01&endDate=2026-04-30&rotationType=On-Call - 304 - 41ms
[2026-04-14T13:24:05.077Z] [INFO] GET /api/schedules?startDate=2026-04-01&endDate=2026-04-30&rotationType=On-Call,Cross-Team+Analyst - 200 - 47ms
[2026-04-14T13:24:07.131Z] [INFO] GET /api/schedules?startDate=2026-04-01&endDate=2026-04-30 - 304 - 41ms
[2026-04-14T13:24:09.815Z] [INFO] GET /api/schedules?startDate=2026-04-01&endDate=2026-04-30&teamId=d41a032f-4d27-482d-9fe1-aea8b1ae7265 - 304 - 13ms
[2026-04-14T13:24:14.274Z] [INFO] GET /api/schedules?startDate=2026-04-01&endDate=2026-04-30&teamId=d41a032f-4d27-482d-9fe1-aea8b1ae7265,639cae90-ac3c-44ba-bcb0-b8e4fcd28f25 - 304 - 29ms
[2026-04-14T13:24:25.080Z] [INFO] GET /api/schedules?startDate=2026-04-01&endDate=2026-04-30 - 304 - 231ms
[2026-04-14T13:26:45.523Z] [INFO] GET /api/schedules?startDate=2026-04-01&endDate=2026-04-30&search=bre - 304 - 323ms
[2026-04-14T13:27:00.994Z] [INFO] GET /api/schedules?startDate=2026-04-01&endDate=2026-04-30&search=bre - 304 - 146ms
[2026-04-14T13:27:30.953Z] [INFO] POST /api/login/validate - 200 - 168ms
[2026-04-14T13:28:00.001Z] [INFO] GET /api/schedules?startDate=2026-04-01&endDate=2026-04-30 - 304 - 174ms
[2026-04-14T13:28:04.589Z] [INFO] GET /api/schedules?startDate=2026-04-01&endDate=2026-04-30&search=Rish - 200 - 48ms
[2026-04-14T13:28:10.835Z] [INFO] GET /api/schedules?startDate=2026-04-01&endDate=2026-04-30&search=Ri - 200 - 37ms
[2026-04-14T13:28:18.839Z] [INFO] GET /api/schedules?startDate=2026-04-01&endDate=2026-04-30 - 304 - 25ms
[2026-04-14T13:28:24.044Z] [INFO] GET /api/schedules?startDate=2026-04-01&endDate=2026-04-30&search=Bre - 200 - 43ms
[2026-04-14T13:28:29.625Z] [INFO] GET /api/schedules?startDate=2026-04-01&endDate=2026-04-30 - 304 - 37ms
[2026-04-14T13:28:35.738Z] [INFO] GET /api/schedules?startDate=2026-04-01&endDate=2026-04-30&search=Kr - 200 - 24ms
[2026-04-14T13:28:40.751Z] [INFO] GET /api/schedules?startDate=2026-04-01&endDate=2026-04-30 - 304 - 31ms
