[2026-04-07T15:12:24.537Z] [ERROR] POST /api/login/validate - 500 - 264ms
[2026-04-07T15:12:26.450Z] [ERROR] POST /api/login/reset - 500 - 231ms
[2026-04-07T15:12:40.125Z] [ERROR] POST /api/login/validate - 500 - 98ms
[2026-04-07T15:12:48.123Z] [ERROR] POST /api/login/validate - 500 - 143ms
[2026-04-07T15:12:49.588Z] [ERROR] POST /api/login/reset - 500 - 311ms
[2026-04-07T15:13:11.079Z] [ERROR] POST /api/login/validate - 500 - 93ms
[2026-04-07T15:13:15.587Z] [ERROR] POST /api/login/validate - 500 - 217ms
[2026-04-07T15:13:26.492Z] [ERROR] POST /api/login/reset - 500 - 229ms
[2026-04-07T15:13:39.898Z] [ERROR] POST /api/login/validate - 500 - 94ms
[2026-04-07T15:13:41.728Z] [ERROR] POST /api/login/reset - 500 - 428ms
[2026-04-07T15:13:51.483Z] [ERROR] POST /api/login/validate - 500 - 90ms
[2026-04-07T15:14:17.630Z] [ERROR] POST /api/login/validate - 500 - 61ms
[2026-04-07T15:16:10.703Z] [ERROR] POST /api/login/validate - 500 - 75ms
[2026-04-07T15:16:12.502Z] [ERROR] POST /api/login/reset - 500 - 217ms
[2026-04-07T15:16:48.427Z] [ERROR] POST /api/login/validate - 500 - 77ms
[2026-04-07T15:18:10.978Z] [ERROR] POST /api/login/reset - 500 - 315ms
[2026-04-07T15:18:17.940Z] [ERROR] POST /api/login/reset - 500 - 309ms
[2026-04-07T15:22:04.350Z] [ERROR] POST /api/login/reset - 500 - 353ms
[2026-04-07T15:22:44.534Z] [INFO] POST /api/login/reset - 200 - 458ms
[2026-04-07T15:22:59.461Z] [INFO] POST /api/login/validate - 200 - 432ms
[2026-04-07T15:37:06.499Z] [INFO] GET /api/members - 200 - 235ms
[2026-04-07T15:37:06.738Z] [WARN] GET /favicon.ico - 404 - 5ms
[2026-04-07T15:37:14.979Z] [INFO] GET /api/schedules?startDate=2026-04-06&endDate=2026-04-19 - 200 - 100ms
