[2026-04-15T13:48:18.754Z] [INFO] GET /api/groups - 304 - 46ms
[2026-04-15T13:48:18.756Z] [INFO] GET /api/teams - 304 - 61ms
[2026-04-15T13:48:18.773Z] [INFO] GET /api/teams/c3af3991-e266-4d5c-99f3-d53950ebcba9/members - 304 - 13ms
[2026-04-15T13:48:22.486Z] [INFO] GET /api/groups - 304 - 2ms
[2026-04-15T13:48:22.488Z] [INFO] GET /api/teams - 304 - 4ms
[2026-04-15T13:48:22.493Z] [INFO] GET /api/rotations - 304 - 5ms
[2026-04-15T13:48:22.508Z] [INFO] GET /api/members?limit=1000 - 304 - 19ms
[2026-04-15T13:48:22.530Z] [INFO] GET /api/rotations/types - 304 - 40ms
[2026-04-15T13:48:22.530Z] [INFO] GET /api/rotations/templates - 304 - 40ms
[2026-04-15T13:48:23.991Z] [INFO] GET /api/schedules/overrides?startDate=2026-04-01&endDate=2026-04-30 - 200 - 9ms
[2026-04-15T13:48:24.410Z] [INFO] GET /api/schedules?startDate=2026-04-01&endDate=2026-04-30 - 304 - 26ms
[2026-04-15T13:48:27.424Z] [INFO] GET /api/account-roles - 304 - 3ms
[2026-04-15T13:48:27.441Z] [INFO] GET /api/members?page=1&limit=2000 - 304 - 12ms
[2026-04-15T13:48:27.487Z] [INFO] GET /api/users/b97867e4-0fc8-4e24-88ef-047ade8e5424/app-roles - 304 - 4ms
[2026-04-15T13:48:27.498Z] [INFO] GET /api/users/88cfe47e-7da3-4f91-85ab-84c4cae4350a/app-roles - 304 - 4ms
[2026-04-15T13:48:27.500Z] [INFO] GET /api/users/0a517699-85a9-4995-ab03-9d6de3d70354/app-roles - 304 - 6ms
[2026-04-15T13:48:27.501Z] [INFO] GET /api/users/1101e75c-ec4e-46e7-aa05-d8a68b88fdcf/app-roles - 304 - 6ms
[2026-04-15T13:48:27.504Z] [INFO] GET /api/users/c93a528a-6cba-4ca8-9499-b7d8f3ee46ed/app-roles - 304 - 10ms
[2026-04-15T13:48:27.505Z] [INFO] GET /api/users/173510ab-e555-49b4-90aa-145147436bba/app-roles - 304 - 5ms
[2026-04-15T13:48:27.506Z] [INFO] GET /api/users/1f177408-88c4-4681-ad58-ff008d04b2ce/app-roles - 304 - 4ms
[2026-04-15T13:48:27.508Z] [INFO] GET /api/users/21d56357-fb09-4a08-b019-1d8294588696/app-roles - 304 - 6ms
[2026-04-15T13:48:27.511Z] [INFO] GET /api/users/23e1a57b-080b-4a6c-9f96-09cb36ca8cc2/app-roles - 304 - 6ms
[2026-04-15T13:48:27.513Z] [INFO] GET /api/users/2737fc68-7719-4cf7-8527-26d1fb4c8377/app-roles - 304 - 6ms
[2026-04-15T13:48:27.514Z] [INFO] GET /api/users/282572fe-dd31-49c6-88a4-9f994882188d/app-roles - 304 - 5ms
[2026-04-15T13:48:27.516Z] [INFO] GET /api/users/2af65392-cf67-4280-9ca7-bb978f6ffa87/app-roles - 304 - 6ms
[2026-04-15T13:48:27.518Z] [INFO] GET /api/users/2c09488d-0ac8-4ca6-bb53-a415aed3b026/app-roles - 304 - 6ms
[2026-04-15T13:48:27.521Z] [INFO] GET /api/users/34204c80-1e47-4499-9a14-31d1ca8633bd/app-roles - 304 - 6ms
[2026-04-15T13:48:27.520Z] [INFO] GET /api/users/2fc14c19-8dad-4a0e-9ce8-c55f470f729a/app-roles - 304 - 5ms
[2026-04-15T13:48:27.523Z] [INFO] GET /api/users/38c3a6cb-72af-4316-84a0-efff9c580529/app-roles - 304 - 6ms
[2026-04-15T13:48:27.525Z] [INFO] GET /api/users/3adc051f-445d-4f6a-a74c-5876a6a927ed/app-roles - 304 - 5ms
[2026-04-15T13:48:27.527Z] [INFO] GET /api/users/407965e7-091a-4a2c-91c5-e03aa9158edf/app-roles - 304 - 5ms
[2026-04-15T13:48:27.527Z] [INFO] GET /api/users/40b57464-22c0-4e40-b157-4e5aa798e567/app-roles - 304 - 4ms
[2026-04-15T13:48:27.529Z] [INFO] GET /api/users/42007fd8-6b34-4fc6-b4b3-a2cb653a56a6/app-roles - 304 - 5ms
[2026-04-15T13:48:27.531Z] [INFO] GET /api/users/4b8ed776-9fb3-49cb-bee6-7521a62a62c9/app-roles - 304 - 5ms
[2026-04-15T13:48:27.531Z] [INFO] GET /api/users/4e0eef3a-204b-45e8-8241-c878c9843cb1/app-roles - 304 - 3ms
[2026-04-15T13:48:27.532Z] [INFO] GET /api/users/4e8b5d76-b712-4255-950e-99ab72356f15/app-roles - 304 - 3ms
[2026-04-15T13:48:27.544Z] [INFO] GET /api/users/4fd9bdba-9b4d-464f-8546-5f165ed1cbd9/app-roles - 304 - 5ms
[2026-04-15T13:48:27.544Z] [INFO] GET /api/users/4feaa17d-eef4-408a-8a97-473a847dd23a/app-roles - 304 - 5ms
[2026-04-15T13:48:27.545Z] [INFO] GET /api/users/5066f9e6-c16a-46b2-92b6-be4083bb991e/app-roles - 304 - 5ms
[2026-04-15T13:48:27.546Z] [INFO] GET /api/users/50f4aa7f-7760-4cf6-ad65-fcd488e6eba7/app-roles - 304 - 6ms
[2026-04-15T13:48:27.548Z] [INFO] GET /api/users/1305368a-50bb-4c35-b7da-8bfba533ae56/app-roles - 304 - 53ms
[2026-04-15T13:48:27.550Z] [INFO] GET /api/users/54a0b956-ac26-49e3-be20-2b99cd5b6d26/app-roles - 304 - 5ms
[2026-04-15T13:48:27.551Z] [INFO] GET /api/users/54c62cc7-605a-4c8c-802c-6d72bbf5a532/app-roles - 304 - 5ms
[2026-04-15T13:48:27.552Z] [INFO] GET /api/users/62ecd82b-497e-4524-9e78-648cf948c558/app-roles - 304 - 5ms
[2026-04-15T13:48:27.553Z] [INFO] GET /api/users/6974f0c6-eb23-4bbf-8a76-6300a516fe67/app-roles - 304 - 6ms
[2026-04-15T13:48:27.556Z] [INFO] GET /api/users/6f04b0b9-adf6-4887-80ed-33e426a5bc49/app-roles - 304 - 7ms
[2026-04-15T13:48:27.558Z] [INFO] GET /api/users/701b19e9-0930-4dbc-b0f3-9f769ef4b4e9/app-roles - 304 - 7ms
[2026-04-15T13:48:27.559Z] [INFO] GET /api/users/846f89d2-90ed-45cb-b45c-256de1d6a8a8/app-roles - 304 - 6ms
[2026-04-15T13:48:27.560Z] [INFO] GET /api/users/8e800518-a44c-4b88-81a8-833165fbe5e4/app-roles - 304 - 6ms
[2026-04-15T13:48:27.560Z] [INFO] GET /api/users/13cf40a6-ade1-4b1c-b161-ad1ee4b8acb8/app-roles - 304 - 64ms
[2026-04-15T13:48:27.561Z] [INFO] GET /api/users/939d4c78-6e18-4a73-b3b7-f32028f7a706/app-roles - 304 - 7ms
[2026-04-15T13:48:27.564Z] [INFO] GET /api/users/97f483f7-f1b1-4442-8988-29ac7bac469a/app-roles - 304 - 7ms
[2026-04-15T13:48:27.566Z] [INFO] GET /api/users/accf2b48-0244-4be0-b7d2-bb8a54131519/app-roles - 304 - 7ms
[2026-04-15T13:48:27.568Z] [INFO] GET /api/users/baf651a6-9d36-47b0-a915-f78bb8af33d2/app-roles - 304 - 6ms
[2026-04-15T13:48:27.567Z] [INFO] GET /api/users/b30454a8-b6c1-40a6-b361-868fc381c517/app-roles - 304 - 6ms
[2026-04-15T13:48:27.567Z] [INFO] GET /api/users/b88fc656-90cf-4672-ad7f-dddd13ae439d/app-roles - 304 - 5ms
[2026-04-15T13:48:27.569Z] [INFO] GET /api/users/bddff6da-7424-44c3-b5f6-62cb1dad6b67/app-roles - 304 - 6ms
[2026-04-15T13:48:27.571Z] [INFO] GET /api/users/c27892bf-3102-4538-8340-6c6ff0a37ae1/app-roles - 304 - 6ms
[2026-04-15T13:48:27.574Z] [INFO] GET /api/users/c4d91893-4857-4ad8-bc5e-a83f0e492410/app-roles - 304 - 7ms
[2026-04-15T13:48:27.575Z] [INFO] GET /api/users/c8f50988-f834-4335-8ecf-375a0d6c6147/app-roles - 304 - 6ms
[2026-04-15T13:48:27.576Z] [INFO] GET /api/users/c9afe4c9-7f3f-42cd-abc9-1377299c9aec/app-roles - 304 - 6ms
[2026-04-15T13:48:27.577Z] [INFO] GET /api/users/cd7201ec-b77c-4ad6-ba6b-5c61e00fd702/app-roles - 304 - 7ms
[2026-04-15T13:48:27.577Z] [INFO] GET /api/users/da31b4a6-a498-47bb-a8ca-ff6b2f1f40b0/app-roles - 304 - 7ms
[2026-04-15T13:48:27.580Z] [INFO] GET /api/users/e78c5d0f-885a-4010-af74-459d9128b1c4/app-roles - 304 - 7ms
[2026-04-15T13:48:27.582Z] [INFO] GET /api/users/eadca28f-fe91-4aeb-91b9-320f9c50837a/app-roles - 304 - 6ms
[2026-04-15T13:48:27.583Z] [INFO] GET /api/users/f0349621-ece2-496e-8d99-ae77082607d8/app-roles - 304 - 5ms
[2026-04-15T13:48:27.584Z] [INFO] GET /api/users/f043b4fc-37da-4cdb-b4b0-2aa501480ffa/app-roles - 304 - 6ms
[2026-04-15T13:48:27.585Z] [INFO] GET /api/users/00118ed8-8113-493b-ae36-5fc23e32bd1f/app-roles - 304 - 7ms
[2026-04-15T13:48:27.585Z] [INFO] GET /api/users/f2e49eed-4df0-4fa8-91a5-d0f35b66ca0e/app-roles - 304 - 6ms
[2026-04-15T13:48:27.586Z] [INFO] GET /api/users/01362ebf-3aba-49aa-8ac1-ae8ab6f9388b/app-roles - 304 - 5ms
[2026-04-15T13:48:27.587Z] [INFO] GET /api/users/0211f13a-2563-4e9d-97f0-653e6b11d74b/app-roles - 304 - 3ms
[2026-04-15T13:48:27.602Z] [INFO] GET /api/users/role-audit?limit=25 - 304 - 11ms
[2026-04-15T13:48:28.767Z] [INFO] GET /api/location/countries - 304 - 1ms
[2026-04-15T13:48:28.768Z] [INFO] GET /api/roles - 304 - 3ms
[2026-04-15T13:48:28.768Z] [INFO] GET /api/location/cities - 304 - 3ms
[2026-04-15T13:48:28.770Z] [INFO] GET /api/members?page=1&limit=10&search=&jobTitle=&status=&location= - 304 - 4ms
[2026-04-15T13:48:29.122Z] [INFO] GET /api/teams - 304 - 2ms
[2026-04-15T13:48:29.123Z] [INFO] GET /api/groups - 304 - 2ms
[2026-04-15T13:48:29.132Z] [INFO] GET /api/teams/c3af3991-e266-4d5c-99f3-d53950ebcba9/members - 304 - 6ms
[2026-04-15T13:48:30.572Z] [INFO] GET /api/roles - 304 - 1ms
[2026-04-15T13:48:30.572Z] [INFO] GET /api/location/cities - 304 - 2ms
[2026-04-15T13:48:30.573Z] [INFO] GET /api/location/countries - 304 - 2ms
[2026-04-15T13:48:30.583Z] [INFO] GET /api/members?page=1&limit=10&search=&jobTitle=&status=&location= - 304 - 12ms
[2026-04-15T13:48:38.861Z] [INFO] GET /api/account-roles - 304 - 1ms
[2026-04-15T13:48:38.870Z] [INFO] GET /api/members?page=1&limit=2000 - 304 - 5ms
[2026-04-15T13:48:38.930Z] [INFO] GET /api/users/b97867e4-0fc8-4e24-88ef-047ade8e5424/app-roles - 304 - 5ms
[2026-04-15T13:48:38.930Z] [INFO] GET /api/users/88cfe47e-7da3-4f91-85ab-84c4cae4350a/app-roles - 304 - 4ms
[2026-04-15T13:48:38.931Z] [INFO] GET /api/users/c93a528a-6cba-4ca8-9499-b7d8f3ee46ed/app-roles - 304 - 5ms
[2026-04-15T13:48:38.932Z] [INFO] GET /api/users/0a517699-85a9-4995-ab03-9d6de3d70354/app-roles - 304 - 6ms
[2026-04-15T13:48:38.934Z] [INFO] GET /api/users/13cf40a6-ade1-4b1c-b161-ad1ee4b8acb8/app-roles - 304 - 3ms
[2026-04-15T13:48:38.935Z] [INFO] GET /api/users/173510ab-e555-49b4-90aa-145147436bba/app-roles - 304 - 3ms
[2026-04-15T13:48:38.936Z] [INFO] GET /api/users/1f177408-88c4-4681-ad58-ff008d04b2ce/app-roles - 304 - 4ms
[2026-04-15T13:48:38.937Z] [INFO] GET /api/users/21d56357-fb09-4a08-b019-1d8294588696/app-roles - 304 - 4ms
[2026-04-15T13:48:38.940Z] [INFO] GET /api/users/23e1a57b-080b-4a6c-9f96-09cb36ca8cc2/app-roles - 304 - 4ms
[2026-04-15T13:48:38.941Z] [INFO] GET /api/users/2737fc68-7719-4cf7-8527-26d1fb4c8377/app-roles - 304 - 4ms
[2026-04-15T13:48:38.942Z] [INFO] GET /api/users/282572fe-dd31-49c6-88a4-9f994882188d/app-roles - 304 - 4ms
[2026-04-15T13:48:38.943Z] [INFO] GET /api/users/2af65392-cf67-4280-9ca7-bb978f6ffa87/app-roles - 304 - 4ms
[2026-04-15T13:48:38.947Z] [INFO] GET /api/users/2c09488d-0ac8-4ca6-bb53-a415aed3b026/app-roles - 304 - 5ms
[2026-04-15T13:48:38.948Z] [INFO] GET /api/users/2fc14c19-8dad-4a0e-9ce8-c55f470f729a/app-roles - 304 - 5ms
[2026-04-15T13:48:38.949Z] [INFO] GET /api/users/34204c80-1e47-4499-9a14-31d1ca8633bd/app-roles - 304 - 4ms
[2026-04-15T13:48:38.950Z] [INFO] GET /api/users/38c3a6cb-72af-4316-84a0-efff9c580529/app-roles - 304 - 4ms
[2026-04-15T13:48:38.953Z] [INFO] GET /api/users/3adc051f-445d-4f6a-a74c-5876a6a927ed/app-roles - 304 - 5ms
[2026-04-15T13:48:38.953Z] [INFO] GET /api/users/407965e7-091a-4a2c-91c5-e03aa9158edf/app-roles - 304 - 4ms
[2026-04-15T13:48:38.955Z] [INFO] GET /api/users/42007fd8-6b34-4fc6-b4b3-a2cb653a56a6/app-roles - 304 - 4ms
[2026-04-15T13:48:38.954Z] [INFO] GET /api/users/40b57464-22c0-4e40-b157-4e5aa798e567/app-roles - 304 - 4ms
[2026-04-15T13:48:38.958Z] [INFO] GET /api/users/4b8ed776-9fb3-49cb-bee6-7521a62a62c9/app-roles - 304 - 4ms
[2026-04-15T13:48:38.959Z] [INFO] GET /api/users/4e0eef3a-204b-45e8-8241-c878c9843cb1/app-roles - 304 - 3ms
[2026-04-15T13:48:38.960Z] [INFO] GET /api/users/4e8b5d76-b712-4255-950e-99ab72356f15/app-roles - 304 - 4ms
[2026-04-15T13:48:38.960Z] [INFO] GET /api/users/4fd9bdba-9b4d-464f-8546-5f165ed1cbd9/app-roles - 304 - 4ms
[2026-04-15T13:48:38.963Z] [INFO] GET /api/users/4feaa17d-eef4-408a-8a97-473a847dd23a/app-roles - 304 - 4ms
[2026-04-15T13:48:38.964Z] [INFO] GET /api/users/5066f9e6-c16a-46b2-92b6-be4083bb991e/app-roles - 304 - 3ms
[2026-04-15T13:48:38.965Z] [INFO] GET /api/users/50f4aa7f-7760-4cf6-ad65-fcd488e6eba7/app-roles - 304 - 4ms
[2026-04-15T13:48:38.966Z] [INFO] GET /api/users/54a0b956-ac26-49e3-be20-2b99cd5b6d26/app-roles - 304 - 4ms
[2026-04-15T13:48:38.969Z] [INFO] GET /api/users/54c62cc7-605a-4c8c-802c-6d72bbf5a532/app-roles - 304 - 5ms
[2026-04-15T13:48:38.970Z] [INFO] GET /api/users/6f04b0b9-adf6-4887-80ed-33e426a5bc49/app-roles - 304 - 3ms
[2026-04-15T13:48:38.971Z] [INFO] GET /api/users/62ecd82b-497e-4524-9e78-648cf948c558/app-roles - 304 - 5ms
[2026-04-15T13:48:38.971Z] [INFO] GET /api/users/6974f0c6-eb23-4bbf-8a76-6300a516fe67/app-roles - 304 - 4ms
[2026-04-15T13:48:38.976Z] [INFO] GET /api/users/701b19e9-0930-4dbc-b0f3-9f769ef4b4e9/app-roles - 304 - 6ms
[2026-04-15T13:48:38.977Z] [INFO] GET /api/users/846f89d2-90ed-45cb-b45c-256de1d6a8a8/app-roles - 304 - 4ms
[2026-04-15T13:48:38.978Z] [INFO] GET /api/users/8e800518-a44c-4b88-81a8-833165fbe5e4/app-roles - 304 - 5ms
[2026-04-15T13:48:38.978Z] [INFO] GET /api/users/939d4c78-6e18-4a73-b3b7-f32028f7a706/app-roles - 304 - 5ms
[2026-04-15T13:48:38.981Z] [INFO] GET /api/users/97f483f7-f1b1-4442-8988-29ac7bac469a/app-roles - 304 - 4ms
[2026-04-15T13:48:38.983Z] [INFO] GET /api/users/accf2b48-0244-4be0-b7d2-bb8a54131519/app-roles - 304 - 4ms
[2026-04-15T13:48:38.983Z] [INFO] GET /api/users/b30454a8-b6c1-40a6-b361-868fc381c517/app-roles - 304 - 4ms
[2026-04-15T13:48:38.985Z] [INFO] GET /api/users/b88fc656-90cf-4672-ad7f-dddd13ae439d/app-roles - 304 - 5ms
[2026-04-15T13:48:38.988Z] [INFO] GET /api/users/baf651a6-9d36-47b0-a915-f78bb8af33d2/app-roles - 304 - 6ms
[2026-04-15T13:48:38.989Z] [INFO] GET /api/users/c27892bf-3102-4538-8340-6c6ff0a37ae1/app-roles - 304 - 5ms
[2026-04-15T13:48:38.989Z] [INFO] GET /api/users/bddff6da-7424-44c3-b5f6-62cb1dad6b67/app-roles - 304 - 5ms
[2026-04-15T13:48:38.991Z] [INFO] GET /api/users/c4d91893-4857-4ad8-bc5e-a83f0e492410/app-roles - 304 - 4ms
[2026-04-15T13:48:38.994Z] [INFO] GET /api/users/c8f50988-f834-4335-8ecf-375a0d6c6147/app-roles - 304 - 6ms
[2026-04-15T13:48:38.995Z] [INFO] GET /api/users/cd7201ec-b77c-4ad6-ba6b-5c61e00fd702/app-roles - 304 - 4ms
[2026-04-15T13:48:38.995Z] [INFO] GET /api/users/c9afe4c9-7f3f-42cd-abc9-1377299c9aec/app-roles - 304 - 5ms
[2026-04-15T13:48:38.997Z] [INFO] GET /api/users/da31b4a6-a498-47bb-a8ca-ff6b2f1f40b0/app-roles - 304 - 5ms
[2026-04-15T13:48:38.998Z] [INFO] GET /api/users/1101e75c-ec4e-46e7-aa05-d8a68b88fdcf/app-roles - 304 - 71ms
[2026-04-15T13:48:38.998Z] [INFO] GET /api/users/1305368a-50bb-4c35-b7da-8bfba533ae56/app-roles - 304 - 71ms
[2026-04-15T13:48:39.001Z] [INFO] GET /api/users/e78c5d0f-885a-4010-af74-459d9128b1c4/app-roles - 304 - 7ms
[2026-04-15T13:48:39.003Z] [INFO] GET /api/users/eadca28f-fe91-4aeb-91b9-320f9c50837a/app-roles - 304 - 7ms
[2026-04-15T13:48:39.004Z] [INFO] GET /api/users/f0349621-ece2-496e-8d99-ae77082607d8/app-roles - 304 - 7ms
[2026-04-15T13:48:39.005Z] [INFO] GET /api/users/f043b4fc-37da-4cdb-b4b0-2aa501480ffa/app-roles - 304 - 6ms
[2026-04-15T13:48:39.005Z] [INFO] GET /api/users/00118ed8-8113-493b-ae36-5fc23e32bd1f/app-roles - 304 - 6ms
[2026-04-15T13:48:39.006Z] [INFO] GET /api/users/f2e49eed-4df0-4fa8-91a5-d0f35b66ca0e/app-roles - 304 - 6ms
[2026-04-15T13:48:39.007Z] [INFO] GET /api/users/01362ebf-3aba-49aa-8ac1-ae8ab6f9388b/app-roles - 304 - 5ms
[2026-04-15T13:48:39.008Z] [INFO] GET /api/users/0211f13a-2563-4e9d-97f0-653e6b11d74b/app-roles - 304 - 4ms
[2026-04-15T13:48:39.014Z] [INFO] GET /api/users/role-audit?limit=25 - 304 - 2ms
[2026-04-15T13:48:55.428Z] [INFO] GET /api/dashboard/stats - 304 - 50ms
[2026-04-15T13:48:55.428Z] [INFO] GET /api/dashboard/conflicts - 304 - 49ms
[2026-04-15T13:48:55.431Z] [INFO] GET /api/dashboard/activity - 304 - 51ms
[2026-04-15T13:48:56.011Z] [INFO] GET /api/schedules/overrides?startDate=2026-04-01&endDate=2026-04-30 - 304 - 3ms
[2026-04-15T13:48:56.430Z] [INFO] GET /api/schedules?startDate=2026-04-01&endDate=2026-04-30 - 304 - 18ms
[2026-04-15T13:49:03.024Z] [INFO] GET /api/rotations - 304 - 2ms
[2026-04-15T13:49:03.027Z] [INFO] GET /api/teams - 304 - 4ms
[2026-04-15T13:49:03.035Z] [INFO] GET /api/members?limit=1000 - 304 - 12ms
[2026-04-15T13:49:03.064Z] [INFO] GET /api/groups - 304 - 41ms
[2026-04-15T13:49:03.065Z] [INFO] GET /api/rotations/types - 304 - 42ms
[2026-04-15T13:49:03.169Z] [INFO] GET /api/rotations/templates - 304 - 146ms
[2026-04-15T13:49:24.328Z] [INFO] POST /api/rotations - 201 - 40ms
[2026-04-15T13:49:24.335Z] [INFO] GET /api/rotations - 200 - 4ms
[2026-04-15T13:49:27.514Z] [INFO] GET /api/rotations/ddb87efd-97e4-46e3-9bef-9fe8172d1034/members - 200 - 12ms
[2026-04-15T13:49:35.546Z] [INFO] POST /api/rotations/ddb87efd-97e4-46e3-9bef-9fe8172d1034/members - 201 - 6ms
[2026-04-15T13:49:35.550Z] [INFO] GET /api/rotations/ddb87efd-97e4-46e3-9bef-9fe8172d1034/members - 200 - 1ms
[2026-04-15T13:49:51.017Z] [INFO] POST /api/rotations/ddb87efd-97e4-46e3-9bef-9fe8172d1034/members - 201 - 43ms
[2026-04-15T13:49:51.024Z] [INFO] GET /api/rotations/ddb87efd-97e4-46e3-9bef-9fe8172d1034/members - 200 - 4ms
[2026-04-15T13:49:55.659Z] [INFO] GET /api/teams - 304 - 3ms
[2026-04-15T13:49:55.672Z] [INFO] GET /api/teams/c3af3991-e266-4d5c-99f3-d53950ebcba9/members - 304 - 9ms
[2026-04-15T13:49:55.696Z] [INFO] GET /api/groups - 304 - 40ms
[2026-04-15T13:49:56.120Z] [INFO] GET /api/dashboard/conflicts - 304 - 4ms
[2026-04-15T13:49:56.124Z] [INFO] GET /api/dashboard/stats - 200 - 8ms
[2026-04-15T13:49:56.157Z] [INFO] GET /api/dashboard/activity - 200 - 40ms
[2026-04-15T13:49:57.286Z] [INFO] GET /api/groups - 304 - 0ms
[2026-04-15T13:49:57.289Z] [INFO] GET /api/rotations - 304 - 2ms
[2026-04-15T13:49:57.289Z] [INFO] GET /api/teams - 304 - 5ms
[2026-04-15T13:49:57.291Z] [INFO] GET /api/rotations/templates - 304 - 1ms
[2026-04-15T13:49:57.294Z] [INFO] GET /api/members?limit=1000 - 304 - 6ms
[2026-04-15T13:49:57.325Z] [INFO] GET /api/rotations/types - 304 - 37ms
[2026-04-15T13:49:58.019Z] [INFO] GET /api/schedules/overrides?startDate=2026-04-01&endDate=2026-04-30 - 304 - 3ms
[2026-04-15T13:49:58.441Z] [INFO] GET /api/schedules?startDate=2026-04-01&endDate=2026-04-30 - 200 - 22ms
[2026-04-15T13:50:03.002Z] [INFO] GET /api/schedules/rotations - 200 - 1ms
[2026-04-15T13:50:06.862Z] [INFO] POST /api/schedules/generate - 200 - 47ms
[2026-04-15T13:50:06.873Z] [INFO] GET /api/schedules?startDate=2026-04-01&endDate=2026-04-30 - 200 - 7ms
[2026-04-15T13:50:06.886Z] [INFO] GET /api/schedules/rotations - 304 - 2ms
[2026-04-15T13:50:23.346Z] [INFO] POST /api/login - 200 - 106ms
[2026-04-15T13:50:26.778Z] [INFO] POST /api/login/validate - 200 - 71ms
[2026-04-15T13:50:35.187Z] [INFO] POST /api/login/change-password - 200 - 137ms
[2026-04-15T13:50:35.201Z] [INFO] GET /api/members?search=ryanmcguigan&limit=1 - 200 - 10ms
[2026-04-15T13:50:35.208Z] [INFO] GET /api/users/0211f13a-2563-4e9d-97f0-653e6b11d74b/app-roles - 304 - 4ms
[2026-04-15T13:50:35.247Z] [INFO] GET /api/teams - 304 - 4ms
[2026-04-15T13:50:35.268Z] [INFO] GET /api/teams/91cdc28a-d851-4d06-8c7b-a87c737aca9c/members - 200 - 4ms
[2026-04-15T13:50:35.270Z] [INFO] GET /api/teams/df736e3a-2122-4fa4-8eb8-9f0e49d3758d/members - 200 - 2ms
[2026-04-15T13:50:35.274Z] [INFO] GET /api/teams/42ae1000-1d4a-4844-845c-d9ce6dc5dab2/members - 200 - 2ms
[2026-04-15T13:50:35.278Z] [INFO] GET /api/teams/7b461bfd-aa0d-48a5-96b4-c381d1f85a1c/members - 200 - 2ms
[2026-04-15T13:50:35.283Z] [INFO] GET /api/teams/2932316c-ff37-45f1-850a-6b4229ab6951/members - 200 - 3ms
[2026-04-15T13:50:35.287Z] [INFO] GET /api/teams/4e2355f1-ff16-430f-8913-254f99289d7c/members - 200 - 3ms
[2026-04-15T13:50:35.291Z] [INFO] GET /api/teams/7c979fe5-dcb7-485d-9f0d-c6a773ed5a29/members - 200 - 2ms
[2026-04-15T13:50:35.294Z] [INFO] GET /api/teams/8593d02d-0fcf-4929-92ff-0f6e5ea2c667/members - 200 - 2ms
[2026-04-15T13:50:35.299Z] [INFO] GET /api/teams/9d79d07b-c486-4687-8bbd-efca84f1c856/members - 200 - 3ms
[2026-04-15T13:50:35.302Z] [INFO] GET /api/teams/a444b533-9c21-4add-ac61-22c0ebde254f/members - 200 - 2ms
[2026-04-15T13:50:35.306Z] [INFO] GET /api/teams/19b878f9-c7f1-4011-bb42-0f652ee420b6/members - 200 - 2ms
[2026-04-15T13:50:35.309Z] [INFO] GET /api/teams/567d64f9-4330-4473-ae70-b553cf8a70bc/members - 200 - 2ms
[2026-04-15T13:50:35.312Z] [INFO] GET /api/teams/1e83940f-2961-4f08-b673-01b4265d1f1d/members - 200 - 2ms
[2026-04-15T13:50:35.318Z] [INFO] GET /api/teams/c3af3991-e266-4d5c-99f3-d53950ebcba9/members - 304 - 53ms
[2026-04-15T13:50:35.321Z] [INFO] GET /api/teams/fc2b466c-eba0-4d43-96ed-0f5a375507f2/members - 200 - 56ms
[2026-04-15T13:50:35.323Z] [INFO] GET /api/teams/a58c226e-9876-4bfc-a36d-706380ea3d68/members - 200 - 58ms
[2026-04-15T13:50:35.327Z] [INFO] GET /api/teams/1add3b10-6c87-4cf8-8143-c1debf894846/members - 200 - 61ms
[2026-04-15T13:50:35.437Z] [INFO] GET /api/teams/e3a4175d-ebc5-4117-8ed0-316f835df7dc/members - 200 - 167ms
[2026-04-15T13:50:35.462Z] [INFO] GET /api/schedules?startDate=2026-04-15&endDate=2026-04-28 - 200 - 21ms
[2026-04-15T13:50:37.965Z] [INFO] GET /api/schedules/overrides?startDate=2026-04-01&endDate=2026-04-30 - 304 - 3ms
[2026-04-15T13:50:38.372Z] [INFO] GET /api/schedules?startDate=2026-04-01&endDate=2026-04-30&userId=0211f13a-2563-4e9d-97f0-653e6b11d74b&role=Team+Leader - 200 - 9ms
[2026-04-15T13:50:46.938Z] [INFO] GET /api/teams - 304 - 1ms
[2026-04-15T13:50:46.944Z] [INFO] GET /api/teams/c3af3991-e266-4d5c-99f3-d53950ebcba9/members - 304 - 2ms
[2026-04-15T13:50:46.975Z] [INFO] GET /api/groups - 304 - 38ms
[2026-04-15T13:51:07.442Z] [INFO] POST /api/teams - 201 - 38ms
[2026-04-15T13:51:07.446Z] [INFO] GET /api/teams - 200 - 2ms
[2026-04-15T13:51:07.460Z] [INFO] GET /api/teams/efab0c29-66b4-4787-9d59-b413f334ba51/members - 200 - 10ms
[2026-04-15T13:51:08.593Z] [INFO] GET /api/members?limit=1000 - 304 - 6ms
[2026-04-15T13:51:08.627Z] [INFO] GET /api/roles - 304 - 40ms
[2026-04-15T13:51:22.656Z] [INFO] POST /api/login/validate - 200 - 100ms
[2026-04-15T13:51:22.670Z] [INFO] GET /api/members?search=admin&limit=1 - 304 - 10ms
[2026-04-15T13:51:22.677Z] [INFO] GET /api/users/88cfe47e-7da3-4f91-85ab-84c4cae4350a/app-roles - 304 - 4ms
[2026-04-15T13:51:22.723Z] [INFO] GET /api/dashboard/stats - 200 - 10ms
[2026-04-15T13:51:22.756Z] [INFO] GET /api/dashboard/activity - 304 - 42ms
[2026-04-15T13:51:22.858Z] [INFO] GET /api/dashboard/conflicts - 200 - 144ms
[2026-04-15T13:51:25.549Z] [INFO] GET /api/groups - 304 - 3ms
[2026-04-15T13:51:25.550Z] [INFO] GET /api/teams - 304 - 4ms
[2026-04-15T13:51:25.563Z] [INFO] GET /api/teams/c3af3991-e266-4d5c-99f3-d53950ebcba9/members - 304 - 9ms
[2026-04-15T13:51:28.520Z] [INFO] GET /api/teams/efab0c29-66b4-4787-9d59-b413f334ba51/members - 304 - 1ms
[2026-04-15T13:51:31.213Z] [INFO] GET /api/schedules/overrides?startDate=2026-04-01&endDate=2026-04-30 - 304 - 3ms
[2026-04-15T13:51:31.629Z] [INFO] GET /api/schedules?startDate=2026-04-01&endDate=2026-04-30 - 200 - 15ms
[2026-04-15T13:51:35.133Z] [INFO] GET /api/groups - 304 - 1ms
[2026-04-15T13:51:35.134Z] [INFO] GET /api/teams - 304 - 2ms
[2026-04-15T13:51:35.141Z] [INFO] GET /api/teams/c3af3991-e266-4d5c-99f3-d53950ebcba9/members - 304 - 2ms
[2026-04-15T13:51:39.152Z] [INFO] GET /api/teams/efab0c29-66b4-4787-9d59-b413f334ba51/members - 304 - 1ms
[2026-04-15T13:51:40.203Z] [INFO] GET /api/roles - 304 - 2ms
[2026-04-15T13:51:40.205Z] [INFO] GET /api/members?limit=1000 - 304 - 4ms
[2026-04-15T13:51:48.165Z] [INFO] POST /api/teams/efab0c29-66b4-4787-9d59-b413f334ba51/members - 201 - 2ms
[2026-04-15T13:51:48.169Z] [INFO] GET /api/teams/efab0c29-66b4-4787-9d59-b413f334ba51/members - 200 - 2ms
[2026-04-15T13:51:49.331Z] [INFO] GET /api/roles - 304 - 0ms
[2026-04-15T13:51:49.335Z] [INFO] GET /api/members?limit=1000 - 200 - 4ms
[2026-04-15T13:51:57.107Z] [INFO] POST /api/teams/efab0c29-66b4-4787-9d59-b413f334ba51/members - 201 - 2ms
[2026-04-15T13:51:57.111Z] [INFO] GET /api/teams/efab0c29-66b4-4787-9d59-b413f334ba51/members - 200 - 2ms
[2026-04-15T13:52:13.900Z] [INFO] GET /api/roles - 304 - 35ms
[2026-04-15T13:52:13.910Z] [INFO] GET /api/members?limit=1000 - 200 - 46ms
[2026-04-15T13:52:23.693Z] [INFO] POST /api/teams/efab0c29-66b4-4787-9d59-b413f334ba51/members - 201 - 7ms
[2026-04-15T13:52:23.698Z] [INFO] GET /api/teams/efab0c29-66b4-4787-9d59-b413f334ba51/members - 200 - 1ms
[2026-04-15T13:52:36.727Z] [INFO] GET /api/teams/efab0c29-66b4-4787-9d59-b413f334ba51/members - 304 - 43ms
[2026-04-15T13:52:36.998Z] [INFO] GET /api/teams/efab0c29-66b4-4787-9d59-b413f334ba51/members - 304 - 1ms
[2026-04-15T13:52:47.122Z] [INFO] GET /api/roles - 304 - 34ms
[2026-04-15T13:52:47.134Z] [INFO] GET /api/members?limit=1000 - 200 - 47ms
[2026-04-15T13:53:15.973Z] [INFO] GET /api/account-roles - 304 - 133ms
[2026-04-15T13:53:15.990Z] [INFO] GET /api/members?page=1&limit=2000 - 200 - 13ms
[2026-04-15T13:53:16.018Z] [INFO] GET /api/users/b97867e4-0fc8-4e24-88ef-047ade8e5424/app-roles - 304 - 3ms
[2026-04-15T13:53:16.037Z] [INFO] GET /api/users/88cfe47e-7da3-4f91-85ab-84c4cae4350a/app-roles - 304 - 3ms
[2026-04-15T13:53:16.041Z] [INFO] GET /api/users/13cf40a6-ade1-4b1c-b161-ad1ee4b8acb8/app-roles - 304 - 3ms
[2026-04-15T13:53:16.043Z] [INFO] GET /api/users/1f177408-88c4-4681-ad58-ff008d04b2ce/app-roles - 304 - 1ms
[2026-04-15T13:53:16.045Z] [INFO] GET /api/users/21d56357-fb09-4a08-b019-1d8294588696/app-roles - 304 - 1ms
[2026-04-15T13:53:16.048Z] [INFO] GET /api/users/23e1a57b-080b-4a6c-9f96-09cb36ca8cc2/app-roles - 304 - 2ms
[2026-04-15T13:53:16.050Z] [INFO] GET /api/users/2737fc68-7719-4cf7-8527-26d1fb4c8377/app-roles - 304 - 2ms
[2026-04-15T13:53:16.052Z] [INFO] GET /api/users/282572fe-dd31-49c6-88a4-9f994882188d/app-roles - 304 - 1ms
[2026-04-15T13:53:16.055Z] [INFO] GET /api/users/2af65392-cf67-4280-9ca7-bb978f6ffa87/app-roles - 304 - 2ms
[2026-04-15T13:53:16.057Z] [INFO] GET /api/users/2c09488d-0ac8-4ca6-bb53-a415aed3b026/app-roles - 304 - 1ms
[2026-04-15T13:53:16.060Z] [INFO] GET /api/users/2fc14c19-8dad-4a0e-9ce8-c55f470f729a/app-roles - 304 - 2ms
[2026-04-15T13:53:16.063Z] [INFO] GET /api/users/34204c80-1e47-4499-9a14-31d1ca8633bd/app-roles - 304 - 3ms
[2026-04-15T13:53:16.066Z] [INFO] GET /api/users/38c3a6cb-72af-4316-84a0-efff9c580529/app-roles - 304 - 2ms
[2026-04-15T13:53:16.069Z] [INFO] GET /api/users/3adc051f-445d-4f6a-a74c-5876a6a927ed/app-roles - 304 - 3ms
[2026-04-15T13:53:16.071Z] [INFO] GET /api/users/407965e7-091a-4a2c-91c5-e03aa9158edf/app-roles - 304 - 2ms
[2026-04-15T13:53:16.073Z] [INFO] GET /api/users/40b57464-22c0-4e40-b157-4e5aa798e567/app-roles - 304 - 2ms
[2026-04-15T13:53:16.076Z] [INFO] GET /api/users/42007fd8-6b34-4fc6-b4b3-a2cb653a56a6/app-roles - 304 - 2ms
[2026-04-15T13:53:16.078Z] [INFO] GET /api/users/4b8ed776-9fb3-49cb-bee6-7521a62a62c9/app-roles - 304 - 2ms
[2026-04-15T13:53:16.080Z] [INFO] GET /api/users/4e0eef3a-204b-45e8-8241-c878c9843cb1/app-roles - 304 - 1ms
[2026-04-15T13:53:16.083Z] [INFO] GET /api/users/4e8b5d76-b712-4255-950e-99ab72356f15/app-roles - 304 - 2ms
[2026-04-15T13:53:16.083Z] [INFO] GET /api/users/c93a528a-6cba-4ca8-9499-b7d8f3ee46ed/app-roles - 304 - 48ms
[2026-04-15T13:53:16.086Z] [INFO] GET /api/users/4fd9bdba-9b4d-464f-8546-5f165ed1cbd9/app-roles - 304 - 2ms
[2026-04-15T13:53:16.087Z] [INFO] GET /api/users/4feaa17d-eef4-408a-8a97-473a847dd23a/app-roles - 304 - 3ms
[2026-04-15T13:53:16.088Z] [INFO] GET /api/users/0a517699-85a9-4995-ab03-9d6de3d70354/app-roles - 304 - 52ms
[2026-04-15T13:53:16.091Z] [INFO] GET /api/users/5066f9e6-c16a-46b2-92b6-be4083bb991e/app-roles - 304 - 4ms
[2026-04-15T13:53:16.092Z] [INFO] GET /api/users/50f4aa7f-7760-4cf6-ad65-fcd488e6eba7/app-roles - 304 - 4ms
[2026-04-15T13:53:16.094Z] [INFO] GET /api/users/1101e75c-ec4e-46e7-aa05-d8a68b88fdcf/app-roles - 304 - 57ms
[2026-04-15T13:53:16.094Z] [INFO] GET /api/users/54a0b956-ac26-49e3-be20-2b99cd5b6d26/app-roles - 304 - 5ms
[2026-04-15T13:53:16.096Z] [INFO] GET /api/users/54c62cc7-605a-4c8c-802c-6d72bbf5a532/app-roles - 304 - 4ms
[2026-04-15T13:53:16.098Z] [INFO] GET /api/users/62ecd82b-497e-4524-9e78-648cf948c558/app-roles - 304 - 5ms
[2026-04-15T13:53:16.099Z] [INFO] GET /api/users/6974f0c6-eb23-4bbf-8a76-6300a516fe67/app-roles - 304 - 4ms
[2026-04-15T13:53:16.101Z] [INFO] GET /api/users/1305368a-50bb-4c35-b7da-8bfba533ae56/app-roles - 304 - 64ms
[2026-04-15T13:53:16.100Z] [INFO] GET /api/users/6f04b0b9-adf6-4887-80ed-33e426a5bc49/app-roles - 304 - 5ms
[2026-04-15T13:53:16.102Z] [INFO] GET /api/users/701b19e9-0930-4dbc-b0f3-9f769ef4b4e9/app-roles - 304 - 5ms
[2026-04-15T13:53:16.104Z] [INFO] GET /api/users/846f89d2-90ed-45cb-b45c-256de1d6a8a8/app-roles - 304 - 6ms
[2026-04-15T13:53:16.106Z] [INFO] GET /api/users/8e800518-a44c-4b88-81a8-833165fbe5e4/app-roles - 304 - 6ms
[2026-04-15T13:53:16.107Z] [INFO] GET /api/users/939d4c78-6e18-4a73-b3b7-f32028f7a706/app-roles - 304 - 6ms
[2026-04-15T13:53:16.107Z] [INFO] GET /api/users/97f483f7-f1b1-4442-8988-29ac7bac469a/app-roles - 304 - 5ms
[2026-04-15T13:53:16.108Z] [INFO] GET /api/users/173510ab-e555-49b4-90aa-145147436bba/app-roles - 304 - 69ms
[2026-04-15T13:53:16.109Z] [INFO] GET /api/users/accf2b48-0244-4be0-b7d2-bb8a54131519/app-roles - 304 - 6ms
[2026-04-15T13:53:16.111Z] [INFO] GET /api/users/b30454a8-b6c1-40a6-b361-868fc381c517/app-roles - 304 - 6ms
[2026-04-15T13:53:16.112Z] [INFO] GET /api/users/b88fc656-90cf-4672-ad7f-dddd13ae439d/app-roles - 304 - 5ms
[2026-04-15T13:53:16.113Z] [INFO] GET /api/users/baf651a6-9d36-47b0-a915-f78bb8af33d2/app-roles - 304 - 5ms
[2026-04-15T13:53:16.114Z] [INFO] GET /api/users/bddff6da-7424-44c3-b5f6-62cb1dad6b67/app-roles - 304 - 5ms
[2026-04-15T13:53:16.115Z] [INFO] GET /api/users/c27892bf-3102-4538-8340-6c6ff0a37ae1/app-roles - 304 - 5ms
[2026-04-15T13:53:16.115Z] [INFO] GET /api/users/c4d91893-4857-4ad8-bc5e-a83f0e492410/app-roles - 304 - 5ms
[2026-04-15T13:53:16.117Z] [INFO] GET /api/users/c8f50988-f834-4335-8ecf-375a0d6c6147/app-roles - 304 - 5ms
[2026-04-15T13:53:16.119Z] [INFO] GET /api/users/c9afe4c9-7f3f-42cd-abc9-1377299c9aec/app-roles - 304 - 6ms
[2026-04-15T13:53:16.119Z] [INFO] GET /api/users/cd7201ec-b77c-4ad6-ba6b-5c61e00fd702/app-roles - 304 - 5ms
[2026-04-15T13:53:16.121Z] [INFO] GET /api/users/e78c5d0f-885a-4010-af74-459d9128b1c4/app-roles - 304 - 5ms
[2026-04-15T13:53:16.120Z] [INFO] GET /api/users/da31b4a6-a498-47bb-a8ca-ff6b2f1f40b0/app-roles - 304 - 5ms
[2026-04-15T13:53:16.122Z] [INFO] GET /api/users/eadca28f-fe91-4aeb-91b9-320f9c50837a/app-roles - 304 - 6ms
[2026-04-15T13:53:16.123Z] [INFO] GET /api/users/f0349621-ece2-496e-8d99-ae77082607d8/app-roles - 304 - 5ms
[2026-04-15T13:53:16.124Z] [INFO] GET /api/users/f043b4fc-37da-4cdb-b4b0-2aa501480ffa/app-roles - 304 - 4ms
[2026-04-15T13:53:16.125Z] [INFO] GET /api/users/00118ed8-8113-493b-ae36-5fc23e32bd1f/app-roles - 304 - 5ms
[2026-04-15T13:53:16.126Z] [INFO] GET /api/users/f2e49eed-4df0-4fa8-91a5-d0f35b66ca0e/app-roles - 304 - 5ms
[2026-04-15T13:53:16.126Z] [INFO] GET /api/users/01362ebf-3aba-49aa-8ac1-ae8ab6f9388b/app-roles - 304 - 4ms
[2026-04-15T13:53:16.127Z] [INFO] GET /api/users/0211f13a-2563-4e9d-97f0-653e6b11d74b/app-roles - 304 - 4ms
[2026-04-15T13:53:16.135Z] [INFO] GET /api/users/role-audit?limit=25 - 304 - 5ms
[2026-04-15T13:53:16.255Z] [INFO] GET /api/dashboard/activity - 304 - 6ms
[2026-04-15T13:53:16.256Z] [INFO] GET /api/dashboard/stats - 304 - 7ms
[2026-04-15T13:53:16.256Z] [INFO] GET /api/dashboard/conflicts - 304 - 7ms
[2026-04-15T13:53:20.117Z] [INFO] GET /api/teams - 304 - 3ms
[2026-04-15T13:53:20.118Z] [INFO] GET /api/groups - 304 - 2ms
[2026-04-15T13:53:20.128Z] [INFO] GET /api/teams/c3af3991-e266-4d5c-99f3-d53950ebcba9/members - 304 - 6ms
[2026-04-15T13:53:37.320Z] [INFO] POST /api/teams - 201 - 39ms
[2026-04-15T13:53:37.324Z] [INFO] GET /api/teams - 200 - 2ms
[2026-04-15T13:53:37.336Z] [INFO] GET /api/teams/c24f3b99-d364-44ac-810b-5f4d702f13b5/members - 200 - 9ms
[2026-04-15T13:53:39.132Z] [INFO] GET /api/teams/c24f3b99-d364-44ac-810b-5f4d702f13b5/members - 304 - 1ms
[2026-04-15T13:53:40.071Z] [INFO] GET /api/members?limit=1000 - 304 - 5ms
[2026-04-15T13:53:40.100Z] [INFO] GET /api/roles - 304 - 34ms
[2026-04-15T13:53:54.291Z] [INFO] POST /api/teams/c24f3b99-d364-44ac-810b-5f4d702f13b5/members - 201 - 50ms
[2026-04-15T13:53:54.301Z] [INFO] GET /api/teams/c24f3b99-d364-44ac-810b-5f4d702f13b5/members - 200 - 7ms
[2026-04-15T13:53:56.108Z] [INFO] GET /api/members?limit=1000 - 200 - 4ms
[2026-04-15T13:53:56.139Z] [INFO] GET /api/roles - 304 - 34ms
[2026-04-15T13:54:02.459Z] [INFO] POST /api/teams/c24f3b99-d364-44ac-810b-5f4d702f13b5/members - 201 - 9ms
[2026-04-15T13:54:02.467Z] [INFO] GET /api/teams/c24f3b99-d364-44ac-810b-5f4d702f13b5/members - 200 - 6ms
[2026-04-15T13:54:03.378Z] [INFO] GET /api/roles - 304 - 0ms
[2026-04-15T13:54:03.382Z] [INFO] GET /api/members?limit=1000 - 200 - 4ms
[2026-04-15T13:54:09.653Z] [INFO] POST /api/teams/c24f3b99-d364-44ac-810b-5f4d702f13b5/members - 201 - 2ms
[2026-04-15T13:54:09.657Z] [INFO] GET /api/teams/c24f3b99-d364-44ac-810b-5f4d702f13b5/members - 200 - 2ms
[2026-04-15T13:54:36.913Z] [INFO] POST /api/login/validate - 200 - 102ms
[2026-04-15T13:54:36.926Z] [INFO] GET /api/members?search=ryanmcguigan&limit=1 - 200 - 9ms
[2026-04-15T13:54:36.933Z] [INFO] GET /api/users/0211f13a-2563-4e9d-97f0-653e6b11d74b/app-roles - 304 - 4ms
[2026-04-15T13:54:36.962Z] [INFO] GET /api/teams - 304 - 5ms
[2026-04-15T13:54:36.984Z] [INFO] GET /api/teams/c3af3991-e266-4d5c-99f3-d53950ebcba9/members - 304 - 2ms
[2026-04-15T13:54:36.988Z] [INFO] GET /api/teams/91cdc28a-d851-4d06-8c7b-a87c737aca9c/members - 304 - 2ms
[2026-04-15T13:54:36.992Z] [INFO] GET /api/teams/1add3b10-6c87-4cf8-8143-c1debf894846/members - 304 - 3ms
[2026-04-15T13:54:36.995Z] [INFO] GET /api/teams/7b461bfd-aa0d-48a5-96b4-c381d1f85a1c/members - 304 - 2ms
[2026-04-15T13:54:36.997Z] [INFO] GET /api/teams/2932316c-ff37-45f1-850a-6b4229ab6951/members - 304 - 2ms
[2026-04-15T13:54:37.000Z] [INFO] GET /api/teams/4e2355f1-ff16-430f-8913-254f99289d7c/members - 304 - 2ms
[2026-04-15T13:54:37.004Z] [INFO] GET /api/teams/7c979fe5-dcb7-485d-9f0d-c6a773ed5a29/members - 304 - 2ms
[2026-04-15T13:54:37.007Z] [INFO] GET /api/teams/8593d02d-0fcf-4929-92ff-0f6e5ea2c667/members - 304 - 3ms
[2026-04-15T13:54:37.009Z] [INFO] GET /api/teams/9d79d07b-c486-4687-8bbd-efca84f1c856/members - 304 - 2ms
[2026-04-15T13:54:37.012Z] [INFO] GET /api/teams/efab0c29-66b4-4787-9d59-b413f334ba51/members - 304 - 2ms
[2026-04-15T13:54:37.015Z] [INFO] GET /api/teams/c24f3b99-d364-44ac-810b-5f4d702f13b5/members - 304 - 2ms
[2026-04-15T13:54:37.019Z] [INFO] GET /api/teams/a444b533-9c21-4add-ac61-22c0ebde254f/members - 304 - 3ms
[2026-04-15T13:54:37.022Z] [INFO] GET /api/teams/19b878f9-c7f1-4011-bb42-0f652ee420b6/members - 304 - 2ms
[2026-04-15T13:54:37.025Z] [INFO] GET /api/teams/567d64f9-4330-4473-ae70-b553cf8a70bc/members - 304 - 2ms
[2026-04-15T13:54:37.028Z] [INFO] GET /api/teams/1e83940f-2961-4f08-b673-01b4265d1f1d/members - 304 - 3ms
[2026-04-15T13:54:37.036Z] [INFO] GET /api/teams/fc2b466c-eba0-4d43-96ed-0f5a375507f2/members - 304 - 50ms
[2026-04-15T13:54:37.038Z] [INFO] GET /api/teams/a58c226e-9876-4bfc-a36d-706380ea3d68/members - 304 - 51ms
[2026-04-15T13:54:37.041Z] [INFO] GET /api/teams/df736e3a-2122-4fa4-8eb8-9f0e49d3758d/members - 304 - 52ms
[2026-04-15T13:54:37.045Z] [INFO] GET /api/teams/e3a4175d-ebc5-4117-8ed0-316f835df7dc/members - 304 - 55ms
[2026-04-15T13:54:37.049Z] [INFO] GET /api/teams/42ae1000-1d4a-4844-845c-d9ce6dc5dab2/members - 304 - 59ms
[2026-04-15T13:54:37.073Z] [INFO] GET /api/schedules?startDate=2026-04-15&endDate=2026-04-28 - 200 - 20ms
[2026-04-15T13:54:38.308Z] [INFO] GET /api/schedules/overrides?startDate=2026-04-01&endDate=2026-04-30 - 304 - 3ms
[2026-04-15T13:54:38.718Z] [INFO] GET /api/schedules?startDate=2026-04-01&endDate=2026-04-30&userId=0211f13a-2563-4e9d-97f0-653e6b11d74b&role=Team+Leader - 200 - 8ms
[2026-04-15T13:56:00.594Z] [INFO] POST /api/login/validate - 200 - 106ms
[2026-04-15T13:56:00.608Z] [INFO] GET /api/members?search=admin&limit=1 - 304 - 10ms
[2026-04-15T13:56:00.614Z] [INFO] GET /api/users/88cfe47e-7da3-4f91-85ab-84c4cae4350a/app-roles - 304 - 3ms
[2026-04-15T13:56:00.652Z] [INFO] GET /api/dashboard/stats - 200 - 10ms
[2026-04-15T13:56:00.686Z] [INFO] GET /api/dashboard/activity - 304 - 43ms
[2026-04-15T13:56:00.687Z] [INFO] GET /api/dashboard/conflicts - 304 - 44ms
[2026-04-15T13:56:03.576Z] [INFO] GET /api/schedules/overrides?startDate=2026-04-01&endDate=2026-04-30 - 304 - 3ms
[2026-04-15T13:56:03.992Z] [INFO] GET /api/schedules?startDate=2026-04-01&endDate=2026-04-30 - 200 - 17ms
[2026-04-15T13:56:42.986Z] [INFO] GET /api/location/cities - 304 - 45ms
[2026-04-15T13:56:42.988Z] [INFO] GET /api/roles - 304 - 46ms
[2026-04-15T13:56:42.994Z] [INFO] GET /api/location/countries - 304 - 51ms
[2026-04-15T13:56:43.002Z] [INFO] GET /api/members?page=1&limit=10&search=&jobTitle=&status=&location= - 200 - 60ms
[2026-04-15T13:56:45.479Z] [INFO] GET /api/members?page=1&limit=10&search=m&jobTitle=&status=&location= - 200 - 4ms
[2026-04-15T13:56:45.487Z] [INFO] GET /api/members?page=1&limit=10&search=mn&jobTitle=&status=&location= - 200 - 3ms
[2026-04-15T13:56:45.789Z] [INFO] GET /api/members?page=1&limit=10&search=m&jobTitle=&status=&location= - 304 - 4ms
[2026-04-15T13:56:45.931Z] [INFO] GET /api/members?page=1&limit=10&search=&jobTitle=&status=&location= - 304 - 3ms
[2026-04-15T13:56:46.157Z] [INFO] GET /api/members?page=1&limit=10&search=m&jobTitle=&status=&location= - 304 - 5ms
[2026-04-15T13:56:46.294Z] [INFO] GET /api/members?page=1&limit=10&search=mo&jobTitle=&status=&location= - 200 - 3ms
[2026-04-15T13:56:46.448Z] [INFO] GET /api/members?page=1&limit=10&search=mon&jobTitle=&status=&location= - 200 - 3ms
[2026-04-15T13:56:46.532Z] [INFO] GET /api/members?page=1&limit=10&search=moni&jobTitle=&status=&location= - 200 - 4ms
[2026-04-15T13:56:55.831Z] [INFO] POST /api/login - 200 - 78ms
[2026-04-15T13:57:00.686Z] [INFO] POST /api/login/validate - 200 - 72ms
[2026-04-15T13:57:11.526Z] [INFO] POST /api/login/change-password - 200 - 179ms
[2026-04-15T13:57:11.541Z] [INFO] GET /api/members?search=monicaduddela&limit=1 - 200 - 11ms
[2026-04-15T13:57:11.548Z] [INFO] GET /api/users/173510ab-e555-49b4-90aa-145147436bba/app-roles - 304 - 4ms
[2026-04-15T13:57:11.592Z] [INFO] GET /api/schedules?startDate=2026-04-15&endDate=2026-04-28 - 304 - 22ms
[2026-04-15T13:57:20.237Z] [INFO] GET /api/schedules/overrides?startDate=2026-04-01&endDate=2026-04-30 - 304 - 2ms
[2026-04-15T13:57:20.648Z] [INFO] GET /api/schedules?startDate=2026-04-01&endDate=2026-04-30&userId=173510ab-e555-49b4-90aa-145147436bba&role=Individual - 200 - 7ms
[2026-04-15T13:57:40.305Z] [WARN] POST /api/login/validate - 401 - 99ms
[2026-04-15T13:57:44.403Z] [INFO] POST /api/login/validate - 200 - 67ms
[2026-04-15T13:57:44.415Z] [INFO] GET /api/members?search=admin&limit=1 - 304 - 9ms
[2026-04-15T13:57:44.420Z] [INFO] GET /api/users/88cfe47e-7da3-4f91-85ab-84c4cae4350a/app-roles - 304 - 2ms
[2026-04-15T13:57:44.450Z] [INFO] GET /api/dashboard/stats - 304 - 8ms
[2026-04-15T13:57:44.483Z] [INFO] GET /api/dashboard/activity - 304 - 40ms
[2026-04-15T13:57:44.485Z] [INFO] GET /api/dashboard/conflicts - 304 - 42ms
[2026-04-15T13:57:46.079Z] [INFO] GET /api/rotations - 304 - 4ms
[2026-04-15T13:57:46.079Z] [INFO] GET /api/teams - 304 - 3ms
[2026-04-15T13:57:46.088Z] [INFO] GET /api/members?limit=1000 - 200 - 13ms
[2026-04-15T13:57:46.114Z] [INFO] GET /api/groups - 304 - 38ms
[2026-04-15T13:57:46.120Z] [INFO] GET /api/rotations/types - 304 - 44ms
[2026-04-15T13:57:46.121Z] [INFO] GET /api/rotations/templates - 304 - 45ms
[2026-04-15T13:57:47.006Z] [INFO] GET /api/location/countries - 304 - 1ms
[2026-04-15T13:57:47.007Z] [INFO] GET /api/roles - 304 - 2ms
[2026-04-15T13:57:47.009Z] [INFO] GET /api/location/cities - 304 - 5ms
[2026-04-15T13:57:47.019Z] [INFO] GET /api/members?page=1&limit=10&search=&jobTitle=&status=&location= - 304 - 14ms
[2026-04-15T13:57:47.671Z] [INFO] GET /api/groups - 304 - 2ms
[2026-04-15T13:57:47.672Z] [INFO] GET /api/teams - 304 - 3ms
[2026-04-15T13:57:47.679Z] [INFO] GET /api/teams/c3af3991-e266-4d5c-99f3-d53950ebcba9/members - 304 - 2ms
[2026-04-15T13:57:50.978Z] [INFO] GET /api/teams/c24f3b99-d364-44ac-810b-5f4d702f13b5/members - 304 - 2ms
[2026-04-15T13:58:07.260Z] [INFO] POST /api/login/validate - 200 - 96ms
[2026-04-15T13:58:07.272Z] [INFO] GET /api/members?search=admin&limit=1 - 304 - 8ms
[2026-04-15T13:58:07.278Z] [INFO] GET /api/users/88cfe47e-7da3-4f91-85ab-84c4cae4350a/app-roles - 304 - 3ms
[2026-04-15T13:58:07.312Z] [INFO] GET /api/dashboard/stats - 304 - 10ms
[2026-04-15T13:58:07.343Z] [INFO] GET /api/dashboard/activity - 304 - 40ms
[2026-04-15T13:58:07.345Z] [INFO] GET /api/dashboard/conflicts - 304 - 42ms
[2026-04-15T13:58:08.277Z] [INFO] GET /api/groups - 304 - 2ms
[2026-04-15T13:58:08.278Z] [INFO] GET /api/teams - 304 - 3ms
[2026-04-15T13:58:08.290Z] [INFO] GET /api/teams/c3af3991-e266-4d5c-99f3-d53950ebcba9/members - 304 - 9ms
[2026-04-15T13:58:14.427Z] [INFO] GET /api/teams/19b878f9-c7f1-4011-bb42-0f652ee420b6/members - 304 - 2ms
[2026-04-15T13:58:15.032Z] [INFO] GET /api/teams/567d64f9-4330-4473-ae70-b553cf8a70bc/members - 304 - 1ms
[2026-04-15T13:58:17.508Z] [INFO] GET /api/dashboard/stats - 304 - 3ms
[2026-04-15T13:58:17.511Z] [INFO] GET /api/dashboard/conflicts - 304 - 6ms
[2026-04-15T13:58:17.546Z] [INFO] GET /api/dashboard/activity - 304 - 41ms
[2026-04-15T13:58:31.767Z] [INFO] POST /api/login/validate - 200 - 109ms
[2026-04-15T13:58:31.778Z] [INFO] GET /api/members?search=ryanmcguigan&limit=1 - 304 - 8ms
[2026-04-15T13:58:31.783Z] [INFO] GET /api/users/0211f13a-2563-4e9d-97f0-653e6b11d74b/app-roles - 304 - 3ms
[2026-04-15T13:58:31.806Z] [INFO] GET /api/teams - 304 - 4ms
[2026-04-15T13:58:31.825Z] [INFO] GET /api/teams/c3af3991-e266-4d5c-99f3-d53950ebcba9/members - 304 - 2ms
[2026-04-15T13:58:31.828Z] [INFO] GET /api/teams/91cdc28a-d851-4d06-8c7b-a87c737aca9c/members - 304 - 2ms
[2026-04-15T13:58:31.831Z] [INFO] GET /api/teams/df736e3a-2122-4fa4-8eb8-9f0e49d3758d/members - 304 - 2ms
[2026-04-15T13:58:31.834Z] [INFO] GET /api/teams/7b461bfd-aa0d-48a5-96b4-c381d1f85a1c/members - 304 - 2ms
[2026-04-15T13:58:31.836Z] [INFO] GET /api/teams/2932316c-ff37-45f1-850a-6b4229ab6951/members - 304 - 2ms
[2026-04-15T13:58:31.840Z] [INFO] GET /api/teams/4e2355f1-ff16-430f-8913-254f99289d7c/members - 304 - 2ms
[2026-04-15T13:58:31.843Z] [INFO] GET /api/teams/7c979fe5-dcb7-485d-9f0d-c6a773ed5a29/members - 304 - 2ms
[2026-04-15T13:58:31.845Z] [INFO] GET /api/teams/8593d02d-0fcf-4929-92ff-0f6e5ea2c667/members - 304 - 2ms
[2026-04-15T13:58:31.849Z] [INFO] GET /api/teams/9d79d07b-c486-4687-8bbd-efca84f1c856/members - 304 - 2ms
[2026-04-15T13:58:31.851Z] [INFO] GET /api/teams/efab0c29-66b4-4787-9d59-b413f334ba51/members - 304 - 2ms
[2026-04-15T13:58:31.854Z] [INFO] GET /api/teams/c24f3b99-d364-44ac-810b-5f4d702f13b5/members - 304 - 2ms
[2026-04-15T13:58:31.856Z] [INFO] GET /api/teams/a444b533-9c21-4add-ac61-22c0ebde254f/members - 304 - 1ms
[2026-04-15T13:58:31.858Z] [INFO] GET /api/teams/19b878f9-c7f1-4011-bb42-0f652ee420b6/members - 304 - 1ms
[2026-04-15T13:58:31.861Z] [INFO] GET /api/teams/567d64f9-4330-4473-ae70-b553cf8a70bc/members - 304 - 2ms
[2026-04-15T13:58:31.862Z] [INFO] GET /api/teams/1e83940f-2961-4f08-b673-01b4265d1f1d/members - 304 - 1ms
[2026-04-15T13:58:31.869Z] [INFO] GET /api/teams/fc2b466c-eba0-4d43-96ed-0f5a375507f2/members - 304 - 43ms
[2026-04-15T13:58:31.872Z] [INFO] GET /api/teams/a58c226e-9876-4bfc-a36d-706380ea3d68/members - 304 - 46ms
[2026-04-15T13:58:31.875Z] [INFO] GET /api/teams/1add3b10-6c87-4cf8-8143-c1debf894846/members - 304 - 48ms
[2026-04-15T13:58:31.877Z] [INFO] GET /api/teams/e3a4175d-ebc5-4117-8ed0-316f835df7dc/members - 304 - 47ms
[2026-04-15T13:58:31.883Z] [INFO] GET /api/teams/42ae1000-1d4a-4844-845c-d9ce6dc5dab2/members - 304 - 53ms
[2026-04-15T13:58:31.905Z] [INFO] GET /api/schedules?startDate=2026-04-15&endDate=2026-04-28 - 304 - 18ms
[2026-04-15T13:58:43.298Z] [INFO] GET /api/schedules/overrides?startDate=2026-04-01&endDate=2026-04-30 - 304 - 52ms
[2026-04-15T13:58:43.671Z] [INFO] GET /api/schedules?startDate=2026-04-01&endDate=2026-04-30&userId=0211f13a-2563-4e9d-97f0-653e6b11d74b&role=Team+Leader - 304 - 24ms
[2026-04-15T13:58:50.643Z] [INFO] GET /api/teams - 304 - 2ms
[2026-04-15T13:58:50.655Z] [INFO] GET /api/teams/c3af3991-e266-4d5c-99f3-d53950ebcba9/members - 304 - 8ms
[2026-04-15T13:58:50.680Z] [INFO] GET /api/groups - 304 - 38ms
[2026-04-15T13:59:00.282Z] [INFO] GET /api/teams/c24f3b99-d364-44ac-810b-5f4d702f13b5/members - 304 - 10ms
[2026-04-15T13:59:33.720Z] [INFO] GET /api/teams/91cdc28a-d851-4d06-8c7b-a87c737aca9c/members - 304 - 42ms
[2026-04-15T13:59:37.924Z] [INFO] GET /api/teams/c3af3991-e266-4d5c-99f3-d53950ebcba9/members - 304 - 2ms
[2026-04-15T13:59:38.979Z] [INFO] GET /api/teams/fc2b466c-eba0-4d43-96ed-0f5a375507f2/members - 304 - 2ms
[2026-04-15T13:59:39.648Z] [INFO] GET /api/teams/a58c226e-9876-4bfc-a36d-706380ea3d68/members - 304 - 2ms
[2026-04-15T14:04:08.291Z] [INFO] GET /api/groups - 304 - 50ms
[2026-04-15T14:04:08.294Z] [INFO] GET /api/teams?userId=0211f13a-2563-4e9d-97f0-653e6b11d74b&role=Team+Leader - 200 - 68ms
[2026-04-15T14:12:04.707Z] [INFO] GET /api/teams/c24f3b99-d364-44ac-810b-5f4d702f13b5/members - 304 - 45ms
[2026-04-15T14:12:07.646Z] [INFO] GET /api/teams/efab0c29-66b4-4787-9d59-b413f334ba51/members - 304 - 3ms
[2026-04-15T14:12:10.926Z] [INFO] GET /api/teams/a58c226e-9876-4bfc-a36d-706380ea3d68/members - 304 - 3ms
[2026-04-15T14:12:12.570Z] [INFO] GET /api/teams/efab0c29-66b4-4787-9d59-b413f334ba51/members - 304 - 3ms
[2026-04-15T14:12:13.637Z] [INFO] GET /api/teams/c24f3b99-d364-44ac-810b-5f4d702f13b5/members - 304 - 2ms
[2026-04-15T14:12:13.931Z] [INFO] GET /api/teams/a58c226e-9876-4bfc-a36d-706380ea3d68/members - 304 - 2ms
[2026-04-15T14:12:14.878Z] [INFO] GET /api/teams/efab0c29-66b4-4787-9d59-b413f334ba51/members - 304 - 2ms
[2026-04-15T14:12:21.557Z] [WARN] POST /api/login/validate - 401 - 72ms
[2026-04-15T14:12:25.227Z] [INFO] POST /api/login/validate - 200 - 72ms
[2026-04-15T14:12:25.236Z] [INFO] GET /api/members?search=admin&limit=1 - 304 - 5ms
[2026-04-15T14:12:25.243Z] [INFO] GET /api/users/88cfe47e-7da3-4f91-85ab-84c4cae4350a/app-roles - 304 - 4ms
[2026-04-15T14:12:25.294Z] [INFO] GET /api/dashboard/stats - 304 - 10ms
[2026-04-15T14:12:25.331Z] [INFO] GET /api/dashboard/activity - 304 - 46ms
[2026-04-15T14:12:25.331Z] [INFO] GET /api/dashboard/conflicts - 304 - 47ms
[2026-04-15T14:12:27.872Z] [INFO] GET /api/schedules/overrides?startDate=2026-04-01&endDate=2026-04-30 - 304 - 3ms
[2026-04-15T14:12:28.291Z] [INFO] GET /api/schedules?startDate=2026-04-01&endDate=2026-04-30 - 304 - 18ms
[2026-04-15T14:12:28.332Z] [INFO] GET /api/dashboard/stats - 304 - 4ms
[2026-04-15T14:12:28.333Z] [INFO] GET /api/dashboard/activity - 304 - 4ms
[2026-04-15T14:12:28.337Z] [INFO] GET /api/dashboard/conflicts - 304 - 8ms
[2026-04-15T14:12:33.686Z] [INFO] GET /api/teams - 304 - 3ms
[2026-04-15T14:12:33.688Z] [INFO] GET /api/rotations - 304 - 5ms
[2026-04-15T14:12:33.691Z] [INFO] GET /api/members?limit=1000 - 304 - 8ms
[2026-04-15T14:12:33.728Z] [INFO] GET /api/groups - 304 - 44ms
[2026-04-15T14:12:33.729Z] [INFO] GET /api/rotations/types - 304 - 45ms
[2026-04-15T14:12:33.733Z] [INFO] GET /api/rotations/templates - 304 - 48ms
[2026-04-15T14:37:43.596Z] [INFO] POST /api/login/validate - 200 - 105ms
[2026-04-15T14:37:43.611Z] [INFO] GET /api/members?search=admin&limit=1 - 304 - 11ms
[2026-04-15T14:37:43.619Z] [INFO] GET /api/users/88cfe47e-7da3-4f91-85ab-84c4cae4350a/app-roles - 304 - 4ms
[2026-04-15T14:37:43.670Z] [INFO] GET /api/dashboard/stats - 304 - 11ms
[2026-04-15T14:37:43.708Z] [INFO] GET /api/dashboard/conflicts - 304 - 49ms
[2026-04-15T14:37:43.709Z] [INFO] GET /api/dashboard/activity - 304 - 49ms
[2026-04-15T14:45:00.787Z] [INFO] GET /api/schedules/overrides?startDate=2026-04-01&endDate=2026-04-30 - 304 - 56ms
[2026-04-15T14:45:01.156Z] [INFO] GET /api/schedules?startDate=2026-04-01&endDate=2026-04-30 - 304 - 30ms
[2026-04-15T14:45:02.517Z] [INFO] GET /api/rotations - 304 - 4ms
[2026-04-15T14:45:02.567Z] [INFO] GET /api/teams - 304 - 52ms
[2026-04-15T14:45:02.569Z] [INFO] GET /api/groups - 304 - 54ms
[2026-04-15T14:45:02.575Z] [INFO] GET /api/members?limit=1000 - 304 - 61ms
[2026-04-15T14:45:02.576Z] [INFO] GET /api/rotations/types - 304 - 60ms
[2026-04-15T14:45:02.577Z] [INFO] GET /api/rotations/templates - 304 - 61ms
[2026-04-15T14:45:03.541Z] [INFO] GET /api/roles - 304 - 2ms
[2026-04-15T14:45:03.543Z] [INFO] GET /api/location/countries - 304 - 3ms
[2026-04-15T14:45:03.544Z] [INFO] GET /api/location/cities - 304 - 6ms
[2026-04-15T14:45:03.546Z] [INFO] GET /api/members?page=1&limit=10&search=&jobTitle=&status=&location= - 304 - 6ms
[2026-04-15T14:45:04.405Z] [INFO] GET /api/groups - 304 - 2ms
[2026-04-15T14:45:04.407Z] [INFO] GET /api/teams - 304 - 4ms
[2026-04-15T14:45:04.415Z] [INFO] GET /api/teams/c3af3991-e266-4d5c-99f3-d53950ebcba9/members - 304 - 3ms
[2026-04-15T14:45:05.416Z] [INFO] GET /api/groups - 304 - 0ms
[2026-04-15T14:45:05.420Z] [INFO] GET /api/holidays - 304 - 3ms
[2026-04-15T14:45:08.724Z] [INFO] GET /api/schedules/overrides?startDate=2026-04-01&endDate=2026-04-30 - 304 - 3ms
[2026-04-15T14:45:09.143Z] [INFO] GET /api/schedules?startDate=2026-04-01&endDate=2026-04-30 - 304 - 18ms
[2026-04-15T14:45:17.214Z] [INFO] GET /api/rotations - 304 - 3ms
[2026-04-15T14:45:17.217Z] [INFO] GET /api/rotations/templates - 304 - 3ms
[2026-04-15T14:45:17.261Z] [INFO] GET /api/teams - 304 - 49ms
[2026-04-15T14:45:17.262Z] [INFO] GET /api/groups - 304 - 50ms
[2026-04-15T14:45:17.267Z] [INFO] GET /api/members?limit=1000 - 304 - 55ms
[2026-04-15T14:45:17.268Z] [INFO] GET /api/rotations/types - 304 - 55ms
[2026-04-15T14:45:25.312Z] [INFO] DELETE /api/rotations/ddb87efd-97e4-46e3-9bef-9fe8172d1034 - 200 - 28ms
[2026-04-15T14:45:25.320Z] [INFO] GET /api/rotations - 200 - 5ms
[2026-04-15T14:45:27.583Z] [INFO] DELETE /api/rotations/f57d3fe2-cf00-44cc-bede-760b98c86cbe - 200 - 6ms
[2026-04-15T14:45:27.587Z] [INFO] GET /api/rotations - 200 - 2ms
[2026-04-15T14:45:29.647Z] [INFO] DELETE /api/rotations/75e46f1d-573d-41a7-979e-d181fade7c5d - 200 - 6ms
[2026-04-15T14:45:29.651Z] [INFO] GET /api/rotations - 200 - 1ms
[2026-04-15T14:45:30.390Z] [INFO] GET /api/schedules/overrides?startDate=2026-04-01&endDate=2026-04-30 - 304 - 2ms
[2026-04-15T14:45:30.796Z] [INFO] GET /api/schedules?startDate=2026-04-01&endDate=2026-04-30 - 200 - 10ms
[2026-04-15T14:45:54.181Z] [INFO] GET /api/dashboard/stats - 200 - 46ms
[2026-04-15T14:45:54.187Z] [INFO] GET /api/dashboard/conflicts - 200 - 52ms
[2026-04-15T14:45:54.290Z] [INFO] GET /api/dashboard/activity - 200 - 154ms
[2026-04-15T14:45:55.495Z] [INFO] GET /api/roles - 304 - 2ms
[2026-04-15T14:45:55.496Z] [INFO] GET /api/location/cities - 304 - 3ms
[2026-04-15T14:45:55.508Z] [INFO] GET /api/members?page=1&limit=10&search=&jobTitle=&status=&location= - 304 - 14ms
[2026-04-15T14:45:55.528Z] [INFO] GET /api/location/countries - 304 - 34ms
[2026-04-15T14:45:57.849Z] [INFO] GET /api/groups - 304 - 2ms
[2026-04-15T14:45:57.852Z] [INFO] GET /api/teams - 304 - 5ms
[2026-04-15T14:45:57.865Z] [INFO] GET /api/teams/c3af3991-e266-4d5c-99f3-d53950ebcba9/members - 304 - 9ms
[2026-04-15T14:58:00.148Z] [INFO] GET /api/account-roles - 304 - 59ms
[2026-04-15T14:58:00.172Z] [INFO] GET /api/members?page=1&limit=2000 - 200 - 19ms
[2026-04-15T14:58:00.213Z] [INFO] GET /api/users/b97867e4-0fc8-4e24-88ef-047ade8e5424/app-roles - 304 - 7ms
[2026-04-15T14:58:00.226Z] [INFO] GET /api/users/88cfe47e-7da3-4f91-85ab-84c4cae4350a/app-roles - 304 - 6ms
[2026-04-15T14:58:00.229Z] [INFO] GET /api/users/173510ab-e555-49b4-90aa-145147436bba/app-roles - 304 - 2ms
[2026-04-15T14:58:00.232Z] [INFO] GET /api/users/1f177408-88c4-4681-ad58-ff008d04b2ce/app-roles - 304 - 2ms
[2026-04-15T14:58:00.235Z] [INFO] GET /api/users/21d56357-fb09-4a08-b019-1d8294588696/app-roles - 304 - 3ms
[2026-04-15T14:58:00.238Z] [INFO] GET /api/users/23e1a57b-080b-4a6c-9f96-09cb36ca8cc2/app-roles - 304 - 3ms
[2026-04-15T14:58:00.241Z] [INFO] GET /api/users/2737fc68-7719-4cf7-8527-26d1fb4c8377/app-roles - 304 - 2ms
[2026-04-15T14:58:00.244Z] [INFO] GET /api/users/282572fe-dd31-49c6-88a4-9f994882188d/app-roles - 304 - 2ms
[2026-04-15T14:58:00.247Z] [INFO] GET /api/users/2af65392-cf67-4280-9ca7-bb978f6ffa87/app-roles - 304 - 2ms
[2026-04-15T14:58:00.250Z] [INFO] GET /api/users/2c09488d-0ac8-4ca6-bb53-a415aed3b026/app-roles - 304 - 2ms
[2026-04-15T14:58:00.253Z] [INFO] GET /api/users/2fc14c19-8dad-4a0e-9ce8-c55f470f729a/app-roles - 304 - 2ms
[2026-04-15T14:58:00.256Z] [INFO] GET /api/users/34204c80-1e47-4499-9a14-31d1ca8633bd/app-roles - 304 - 2ms
[2026-04-15T14:58:00.259Z] [INFO] GET /api/users/38c3a6cb-72af-4316-84a0-efff9c580529/app-roles - 304 - 2ms
[2026-04-15T14:58:00.263Z] [INFO] GET /api/users/3adc051f-445d-4f6a-a74c-5876a6a927ed/app-roles - 304 - 3ms
[2026-04-15T14:58:00.266Z] [INFO] GET /api/users/407965e7-091a-4a2c-91c5-e03aa9158edf/app-roles - 304 - 2ms
[2026-04-15T14:58:00.270Z] [INFO] GET /api/users/40b57464-22c0-4e40-b157-4e5aa798e567/app-roles - 304 - 3ms
[2026-04-15T14:58:00.273Z] [INFO] GET /api/users/42007fd8-6b34-4fc6-b4b3-a2cb653a56a6/app-roles - 304 - 3ms
[2026-04-15T14:58:00.276Z] [INFO] GET /api/users/4b8ed776-9fb3-49cb-bee6-7521a62a62c9/app-roles - 304 - 3ms
[2026-04-15T14:58:00.277Z] [INFO] GET /api/users/c93a528a-6cba-4ca8-9499-b7d8f3ee46ed/app-roles - 304 - 57ms
[2026-04-15T14:58:00.282Z] [INFO] GET /api/users/0a517699-85a9-4995-ab03-9d6de3d70354/app-roles - 304 - 61ms
[2026-04-15T14:58:00.282Z] [INFO] GET /api/users/4e0eef3a-204b-45e8-8241-c878c9843cb1/app-roles - 304 - 4ms
[2026-04-15T14:58:00.283Z] [INFO] GET /api/users/4e8b5d76-b712-4255-950e-99ab72356f15/app-roles - 304 - 5ms
[2026-04-15T14:58:00.287Z] [INFO] GET /api/users/1101e75c-ec4e-46e7-aa05-d8a68b88fdcf/app-roles - 304 - 65ms
[2026-04-15T14:58:00.289Z] [INFO] GET /api/users/4fd9bdba-9b4d-464f-8546-5f165ed1cbd9/app-roles - 304 - 5ms
[2026-04-15T14:58:00.289Z] [INFO] GET /api/users/4feaa17d-eef4-408a-8a97-473a847dd23a/app-roles - 304 - 5ms
[2026-04-15T14:58:00.290Z] [INFO] GET /api/users/5066f9e6-c16a-46b2-92b6-be4083bb991e/app-roles - 304 - 6ms
[2026-04-15T14:58:00.293Z] [INFO] GET /api/users/50f4aa7f-7760-4cf6-ad65-fcd488e6eba7/app-roles - 304 - 5ms
[2026-04-15T14:58:00.295Z] [INFO] GET /api/users/54a0b956-ac26-49e3-be20-2b99cd5b6d26/app-roles - 304 - 4ms
[2026-04-15T14:58:00.296Z] [INFO] GET /api/users/54c62cc7-605a-4c8c-802c-6d72bbf5a532/app-roles - 304 - 5ms
[2026-04-15T14:58:00.296Z] [INFO] GET /api/users/62ecd82b-497e-4524-9e78-648cf948c558/app-roles - 304 - 5ms
[2026-04-15T14:58:00.296Z] [INFO] GET /api/users/13cf40a6-ade1-4b1c-b161-ad1ee4b8acb8/app-roles - 304 - 73ms
[2026-04-15T14:58:00.300Z] [INFO] GET /api/users/6974f0c6-eb23-4bbf-8a76-6300a516fe67/app-roles - 304 - 6ms
[2026-04-15T14:58:00.303Z] [INFO] GET /api/users/6f04b0b9-adf6-4887-80ed-33e426a5bc49/app-roles - 304 - 6ms
[2026-04-15T14:58:00.303Z] [INFO] GET /api/users/846f89d2-90ed-45cb-b45c-256de1d6a8a8/app-roles - 304 - 5ms
[2026-04-15T14:58:00.302Z] [INFO] GET /api/users/701b19e9-0930-4dbc-b0f3-9f769ef4b4e9/app-roles - 304 - 4ms
[2026-04-15T14:58:00.304Z] [INFO] GET /api/users/8e800518-a44c-4b88-81a8-833165fbe5e4/app-roles - 304 - 5ms
[2026-04-15T14:58:00.306Z] [INFO] GET /api/users/1305368a-50bb-4c35-b7da-8bfba533ae56/app-roles - 304 - 83ms
[2026-04-15T14:58:00.308Z] [INFO] GET /api/users/939d4c78-6e18-4a73-b3b7-f32028f7a706/app-roles - 304 - 7ms
[2026-04-15T14:58:00.310Z] [INFO] GET /api/users/97f483f7-f1b1-4442-8988-29ac7bac469a/app-roles - 304 - 6ms
[2026-04-15T14:58:00.312Z] [INFO] GET /api/users/b88fc656-90cf-4672-ad7f-dddd13ae439d/app-roles - 304 - 7ms
[2026-04-15T14:58:00.311Z] [INFO] GET /api/users/accf2b48-0244-4be0-b7d2-bb8a54131519/app-roles - 304 - 6ms
[2026-04-15T14:58:00.311Z] [INFO] GET /api/users/b30454a8-b6c1-40a6-b361-868fc381c517/app-roles - 304 - 6ms
[2026-04-15T14:58:00.314Z] [INFO] GET /api/users/baf651a6-9d36-47b0-a915-f78bb8af33d2/app-roles - 304 - 7ms
[2026-04-15T14:58:00.317Z] [INFO] GET /api/users/bddff6da-7424-44c3-b5f6-62cb1dad6b67/app-roles - 304 - 7ms
[2026-04-15T14:58:00.318Z] [INFO] GET /api/users/c27892bf-3102-4538-8340-6c6ff0a37ae1/app-roles - 304 - 6ms
[2026-04-15T14:58:00.319Z] [INFO] GET /api/users/c4d91893-4857-4ad8-bc5e-a83f0e492410/app-roles - 304 - 6ms
[2026-04-15T14:58:00.319Z] [INFO] GET /api/users/c8f50988-f834-4335-8ecf-375a0d6c6147/app-roles - 304 - 6ms
[2026-04-15T14:58:00.320Z] [INFO] GET /api/users/c9afe4c9-7f3f-42cd-abc9-1377299c9aec/app-roles - 304 - 6ms
[2026-04-15T14:58:00.322Z] [INFO] GET /api/users/cd7201ec-b77c-4ad6-ba6b-5c61e00fd702/app-roles - 304 - 7ms
[2026-04-15T14:58:00.324Z] [INFO] GET /api/users/da31b4a6-a498-47bb-a8ca-ff6b2f1f40b0/app-roles - 304 - 6ms
[2026-04-15T14:58:00.327Z] [INFO] GET /api/users/eadca28f-fe91-4aeb-91b9-320f9c50837a/app-roles - 304 - 6ms
[2026-04-15T14:58:00.327Z] [INFO] GET /api/users/f0349621-ece2-496e-8d99-ae77082607d8/app-roles - 304 - 6ms
[2026-04-15T14:58:00.326Z] [INFO] GET /api/users/e78c5d0f-885a-4010-af74-459d9128b1c4/app-roles - 304 - 6ms
[2026-04-15T14:58:00.328Z] [INFO] GET /api/users/f043b4fc-37da-4cdb-b4b0-2aa501480ffa/app-roles - 304 - 6ms
[2026-04-15T14:58:00.330Z] [INFO] GET /api/users/00118ed8-8113-493b-ae36-5fc23e32bd1f/app-roles - 304 - 7ms
[2026-04-15T14:58:00.331Z] [INFO] GET /api/users/f2e49eed-4df0-4fa8-91a5-d0f35b66ca0e/app-roles - 304 - 6ms
[2026-04-15T14:58:00.332Z] [INFO] GET /api/users/01362ebf-3aba-49aa-8ac1-ae8ab6f9388b/app-roles - 304 - 4ms
[2026-04-15T14:58:00.333Z] [INFO] GET /api/users/0211f13a-2563-4e9d-97f0-653e6b11d74b/app-roles - 304 - 5ms
[2026-04-15T14:58:00.349Z] [INFO] GET /api/users/role-audit?limit=25 - 304 - 12ms
[2026-04-15T14:58:00.356Z] [INFO] GET /api/users/super-admin - 200 - 2ms
[2026-04-15T14:58:02.594Z] [INFO] GET /api/account-roles - 304 - 2ms
[2026-04-15T14:58:02.628Z] [INFO] GET /api/members?page=1&limit=2000 - 304 - 12ms
[2026-04-15T14:58:02.638Z] [INFO] GET /api/users/b97867e4-0fc8-4e24-88ef-047ade8e5424/app-roles - 304 - 4ms
[2026-04-15T14:58:02.640Z] [INFO] GET /api/users/88cfe47e-7da3-4f91-85ab-84c4cae4350a/app-roles - 304 - 5ms
[2026-04-15T14:58:02.641Z] [INFO] GET /api/users/c93a528a-6cba-4ca8-9499-b7d8f3ee46ed/app-roles - 304 - 5ms
[2026-04-15T14:58:02.642Z] [INFO] GET /api/users/1101e75c-ec4e-46e7-aa05-d8a68b88fdcf/app-roles - 304 - 5ms
[2026-04-15T14:58:02.642Z] [INFO] GET /api/users/0a517699-85a9-4995-ab03-9d6de3d70354/app-roles - 304 - 6ms
[2026-04-15T14:58:02.643Z] [INFO] GET /api/users/1305368a-50bb-4c35-b7da-8bfba533ae56/app-roles - 304 - 6ms
[2026-04-15T14:58:02.646Z] [INFO] GET /api/users/13cf40a6-ade1-4b1c-b161-ad1ee4b8acb8/app-roles - 304 - 7ms
[2026-04-15T14:58:02.648Z] [INFO] GET /api/users/173510ab-e555-49b4-90aa-145147436bba/app-roles - 304 - 7ms
[2026-04-15T14:58:02.649Z] [INFO] GET /api/users/1f177408-88c4-4681-ad58-ff008d04b2ce/app-roles - 304 - 5ms
[2026-04-15T14:58:02.650Z] [INFO] GET /api/users/21d56357-fb09-4a08-b019-1d8294588696/app-roles - 304 - 6ms
[2026-04-15T14:58:02.651Z] [INFO] GET /api/users/23e1a57b-080b-4a6c-9f96-09cb36ca8cc2/app-roles - 304 - 7ms
[2026-04-15T14:58:02.651Z] [INFO] GET /api/users/2737fc68-7719-4cf7-8527-26d1fb4c8377/app-roles - 304 - 6ms
[2026-04-15T14:58:02.654Z] [INFO] GET /api/users/282572fe-dd31-49c6-88a4-9f994882188d/app-roles - 304 - 7ms
[2026-04-15T14:58:02.657Z] [INFO] GET /api/users/2af65392-cf67-4280-9ca7-bb978f6ffa87/app-roles - 304 - 7ms
[2026-04-15T14:58:02.657Z] [INFO] GET /api/users/2c09488d-0ac8-4ca6-bb53-a415aed3b026/app-roles - 304 - 5ms
[2026-04-15T14:58:02.658Z] [INFO] GET /api/users/2fc14c19-8dad-4a0e-9ce8-c55f470f729a/app-roles - 304 - 5ms
[2026-04-15T14:58:02.659Z] [INFO] GET /api/users/34204c80-1e47-4499-9a14-31d1ca8633bd/app-roles - 304 - 6ms
[2026-04-15T14:58:02.659Z] [INFO] GET /api/users/38c3a6cb-72af-4316-84a0-efff9c580529/app-roles - 304 - 6ms
[2026-04-15T14:58:02.662Z] [INFO] GET /api/users/3adc051f-445d-4f6a-a74c-5876a6a927ed/app-roles - 304 - 6ms
[2026-04-15T14:58:02.664Z] [INFO] GET /api/users/407965e7-091a-4a2c-91c5-e03aa9158edf/app-roles - 304 - 6ms
[2026-04-15T14:58:02.666Z] [INFO] GET /api/users/42007fd8-6b34-4fc6-b4b3-a2cb653a56a6/app-roles - 304 - 6ms
[2026-04-15T14:58:02.665Z] [INFO] GET /api/users/40b57464-22c0-4e40-b157-4e5aa798e567/app-roles - 304 - 5ms
[2026-04-15T14:58:02.667Z] [INFO] GET /api/users/4b8ed776-9fb3-49cb-bee6-7521a62a62c9/app-roles - 304 - 7ms
[2026-04-15T14:58:02.667Z] [INFO] GET /api/users/4e0eef3a-204b-45e8-8241-c878c9843cb1/app-roles - 304 - 7ms
[2026-04-15T14:58:02.670Z] [INFO] GET /api/users/4e8b5d76-b712-4255-950e-99ab72356f15/app-roles - 304 - 7ms
[2026-04-15T14:58:02.672Z] [INFO] GET /api/users/4fd9bdba-9b4d-464f-8546-5f165ed1cbd9/app-roles - 304 - 6ms
[2026-04-15T14:58:02.674Z] [INFO] GET /api/users/5066f9e6-c16a-46b2-92b6-be4083bb991e/app-roles - 304 - 6ms
[2026-04-15T14:58:02.674Z] [INFO] GET /api/users/50f4aa7f-7760-4cf6-ad65-fcd488e6eba7/app-roles - 304 - 5ms
[2026-04-15T14:58:02.673Z] [INFO] GET /api/users/4feaa17d-eef4-408a-8a97-473a847dd23a/app-roles - 304 - 5ms
[2026-04-15T14:58:02.675Z] [INFO] GET /api/users/54a0b956-ac26-49e3-be20-2b99cd5b6d26/app-roles - 304 - 6ms
[2026-04-15T14:58:02.677Z] [INFO] GET /api/users/54c62cc7-605a-4c8c-802c-6d72bbf5a532/app-roles - 304 - 6ms
[2026-04-15T14:58:02.680Z] [INFO] GET /api/users/62ecd82b-497e-4524-9e78-648cf948c558/app-roles - 304 - 7ms
[2026-04-15T14:58:02.681Z] [INFO] GET /api/users/6974f0c6-eb23-4bbf-8a76-6300a516fe67/app-roles - 304 - 7ms
[2026-04-15T14:58:02.684Z] [INFO] GET /api/users/846f89d2-90ed-45cb-b45c-256de1d6a8a8/app-roles - 304 - 8ms
[2026-04-15T14:58:02.682Z] [INFO] GET /api/users/6f04b0b9-adf6-4887-80ed-33e426a5bc49/app-roles - 304 - 7ms
[2026-04-15T14:58:02.683Z] [INFO] GET /api/users/701b19e9-0930-4dbc-b0f3-9f769ef4b4e9/app-roles - 304 - 7ms
[2026-04-15T14:58:02.687Z] [INFO] GET /api/users/8e800518-a44c-4b88-81a8-833165fbe5e4/app-roles - 304 - 8ms
[2026-04-15T14:58:02.689Z] [INFO] GET /api/users/939d4c78-6e18-4a73-b3b7-f32028f7a706/app-roles - 304 - 8ms
[2026-04-15T14:58:02.690Z] [INFO] GET /api/users/accf2b48-0244-4be0-b7d2-bb8a54131519/app-roles - 304 - 5ms
[2026-04-15T14:58:02.689Z] [INFO] GET /api/users/97f483f7-f1b1-4442-8988-29ac7bac469a/app-roles - 304 - 5ms
[2026-04-15T14:58:02.693Z] [INFO] GET /api/users/b88fc656-90cf-4672-ad7f-dddd13ae439d/app-roles - 304 - 7ms
[2026-04-15T14:58:02.691Z] [INFO] GET /api/users/b30454a8-b6c1-40a6-b361-868fc381c517/app-roles - 304 - 5ms
[2026-04-15T14:58:02.694Z] [INFO] GET /api/users/baf651a6-9d36-47b0-a915-f78bb8af33d2/app-roles - 304 - 6ms
[2026-04-15T14:58:02.696Z] [INFO] GET /api/users/bddff6da-7424-44c3-b5f6-62cb1dad6b67/app-roles - 304 - 6ms
[2026-04-15T14:58:02.698Z] [INFO] GET /api/users/c27892bf-3102-4538-8340-6c6ff0a37ae1/app-roles - 304 - 6ms
[2026-04-15T14:58:02.700Z] [INFO] GET /api/users/c4d91893-4857-4ad8-bc5e-a83f0e492410/app-roles - 304 - 7ms
[2026-04-15T14:58:02.701Z] [INFO] GET /api/users/c8f50988-f834-4335-8ecf-375a0d6c6147/app-roles - 304 - 8ms
[2026-04-15T14:58:02.704Z] [INFO] GET /api/users/cd7201ec-b77c-4ad6-ba6b-5c61e00fd702/app-roles - 304 - 9ms
[2026-04-15T14:58:02.703Z] [INFO] GET /api/users/c9afe4c9-7f3f-42cd-abc9-1377299c9aec/app-roles - 304 - 8ms
[2026-04-15T14:58:02.708Z] [INFO] GET /api/users/da31b4a6-a498-47bb-a8ca-ff6b2f1f40b0/app-roles - 304 - 9ms
[2026-04-15T14:58:02.709Z] [INFO] GET /api/users/e78c5d0f-885a-4010-af74-459d9128b1c4/app-roles - 304 - 9ms
[2026-04-15T14:58:02.710Z] [INFO] GET /api/users/eadca28f-fe91-4aeb-91b9-320f9c50837a/app-roles - 304 - 8ms
[2026-04-15T14:58:02.711Z] [INFO] GET /api/users/f0349621-ece2-496e-8d99-ae77082607d8/app-roles - 304 - 8ms
[2026-04-15T14:58:02.714Z] [INFO] GET /api/users/f043b4fc-37da-4cdb-b4b0-2aa501480ffa/app-roles - 304 - 7ms
[2026-04-15T14:58:02.715Z] [INFO] GET /api/users/00118ed8-8113-493b-ae36-5fc23e32bd1f/app-roles - 304 - 8ms
[2026-04-15T14:58:02.719Z] [INFO] GET /api/users/f2e49eed-4df0-4fa8-91a5-d0f35b66ca0e/app-roles - 304 - 9ms
[2026-04-15T14:58:02.720Z] [INFO] GET /api/users/01362ebf-3aba-49aa-8ac1-ae8ab6f9388b/app-roles - 304 - 9ms
[2026-04-15T14:58:02.721Z] [INFO] GET /api/users/0211f13a-2563-4e9d-97f0-653e6b11d74b/app-roles - 304 - 9ms
[2026-04-15T14:58:02.731Z] [INFO] GET /api/users/role-audit?limit=25 - 304 - 7ms
[2026-04-15T14:58:02.740Z] [INFO] GET /api/users/super-admin - 304 - 1ms
[2026-04-15T14:58:10.192Z] [INFO] POST /api/login/reset - 200 - 70ms
[2026-04-15T14:58:13.607Z] [INFO] POST /api/login/reset - 200 - 69ms
[2026-04-15T14:58:19.763Z] [INFO] POST /api/login/validate - 200 - 73ms
[2026-04-15T14:58:35.275Z] [INFO] POST /api/login/change-password - 200 - 166ms
[2026-04-15T14:58:35.290Z] [INFO] GET /api/members?search=admin&limit=1 - 304 - 11ms
[2026-04-15T14:58:35.297Z] [INFO] GET /api/users/88cfe47e-7da3-4f91-85ab-84c4cae4350a/app-roles - 304 - 3ms
[2026-04-15T14:58:35.343Z] [INFO] GET /api/dashboard/stats - 304 - 8ms
[2026-04-15T14:58:35.375Z] [INFO] GET /api/dashboard/activity - 304 - 39ms
[2026-04-15T14:58:35.482Z] [INFO] GET /api/dashboard/conflicts - 304 - 147ms
[2026-04-15T14:58:37.281Z] [INFO] GET /api/account-roles - 304 - 3ms
[2026-04-15T14:58:37.297Z] [INFO] GET /api/members?page=1&limit=2000 - 304 - 12ms
[2026-04-15T14:58:37.308Z] [INFO] GET /api/users/88cfe47e-7da3-4f91-85ab-84c4cae4350a/app-roles - 304 - 3ms
[2026-04-15T14:58:37.332Z] [INFO] GET /api/users/b97867e4-0fc8-4e24-88ef-047ade8e5424/app-roles - 304 - 2ms
[2026-04-15T14:58:37.344Z] [INFO] GET /api/users/c93a528a-6cba-4ca8-9499-b7d8f3ee46ed/app-roles - 304 - 2ms
[2026-04-15T14:58:37.351Z] [INFO] GET /api/users/0a517699-85a9-4995-ab03-9d6de3d70354/app-roles - 304 - 4ms
[2026-04-15T14:58:37.353Z] [INFO] GET /api/users/1305368a-50bb-4c35-b7da-8bfba533ae56/app-roles - 304 - 5ms
[2026-04-15T14:58:37.355Z] [INFO] GET /api/users/21d56357-fb09-4a08-b019-1d8294588696/app-roles - 304 - 2ms
[2026-04-15T14:58:37.356Z] [INFO] GET /api/users/23e1a57b-080b-4a6c-9f96-09cb36ca8cc2/app-roles - 304 - 2ms
[2026-04-15T14:58:37.358Z] [INFO] GET /api/users/1101e75c-ec4e-46e7-aa05-d8a68b88fdcf/app-roles - 304 - 10ms
[2026-04-15T14:58:37.360Z] [INFO] GET /api/users/2737fc68-7719-4cf7-8527-26d1fb4c8377/app-roles - 304 - 5ms
[2026-04-15T14:58:37.361Z] [INFO] GET /api/users/282572fe-dd31-49c6-88a4-9f994882188d/app-roles - 304 - 4ms
[2026-04-15T14:58:37.364Z] [INFO] GET /api/users/2af65392-cf67-4280-9ca7-bb978f6ffa87/app-roles - 304 - 5ms
[2026-04-15T14:58:37.366Z] [INFO] GET /api/users/2c09488d-0ac8-4ca6-bb53-a415aed3b026/app-roles - 304 - 5ms
[2026-04-15T14:58:37.367Z] [INFO] GET /api/users/2fc14c19-8dad-4a0e-9ce8-c55f470f729a/app-roles - 304 - 5ms
[2026-04-15T14:58:37.368Z] [INFO] GET /api/users/34204c80-1e47-4499-9a14-31d1ca8633bd/app-roles - 304 - 3ms
[2026-04-15T14:58:37.370Z] [INFO] GET /api/users/38c3a6cb-72af-4316-84a0-efff9c580529/app-roles - 304 - 4ms
[2026-04-15T14:58:37.371Z] [INFO] GET /api/users/3adc051f-445d-4f6a-a74c-5876a6a927ed/app-roles - 304 - 3ms
[2026-04-15T14:58:37.373Z] [INFO] GET /api/users/407965e7-091a-4a2c-91c5-e03aa9158edf/app-roles - 304 - 4ms
[2026-04-15T14:58:37.374Z] [INFO] GET /api/users/40b57464-22c0-4e40-b157-4e5aa798e567/app-roles - 304 - 4ms
[2026-04-15T14:58:37.376Z] [INFO] GET /api/users/42007fd8-6b34-4fc6-b4b3-a2cb653a56a6/app-roles - 304 - 4ms
[2026-04-15T14:58:37.378Z] [INFO] GET /api/users/4b8ed776-9fb3-49cb-bee6-7521a62a62c9/app-roles - 304 - 4ms
[2026-04-15T14:58:37.379Z] [INFO] GET /api/users/4e0eef3a-204b-45e8-8241-c878c9843cb1/app-roles - 304 - 3ms
[2026-04-15T14:58:37.380Z] [INFO] GET /api/users/4e8b5d76-b712-4255-950e-99ab72356f15/app-roles - 304 - 3ms
[2026-04-15T14:58:37.382Z] [INFO] GET /api/users/4fd9bdba-9b4d-464f-8546-5f165ed1cbd9/app-roles - 304 - 3ms
[2026-04-15T14:58:37.383Z] [INFO] GET /api/users/4feaa17d-eef4-408a-8a97-473a847dd23a/app-roles - 304 - 3ms
[2026-04-15T14:58:37.384Z] [INFO] GET /api/users/5066f9e6-c16a-46b2-92b6-be4083bb991e/app-roles - 304 - 3ms
[2026-04-15T14:58:37.386Z] [INFO] GET /api/users/50f4aa7f-7760-4cf6-ad65-fcd488e6eba7/app-roles - 304 - 4ms
[2026-04-15T14:58:37.387Z] [INFO] GET /api/users/54a0b956-ac26-49e3-be20-2b99cd5b6d26/app-roles - 304 - 4ms
[2026-04-15T14:58:37.388Z] [INFO] GET /api/users/54c62cc7-605a-4c8c-802c-6d72bbf5a532/app-roles - 304 - 3ms
[2026-04-15T14:58:37.390Z] [INFO] GET /api/users/62ecd82b-497e-4524-9e78-648cf948c558/app-roles - 304 - 4ms
[2026-04-15T14:58:37.392Z] [INFO] GET /api/users/6974f0c6-eb23-4bbf-8a76-6300a516fe67/app-roles - 304 - 4ms
[2026-04-15T14:58:37.393Z] [INFO] GET /api/users/6f04b0b9-adf6-4887-80ed-33e426a5bc49/app-roles - 304 - 4ms
[2026-04-15T14:58:37.396Z] [INFO] GET /api/users/701b19e9-0930-4dbc-b0f3-9f769ef4b4e9/app-roles - 304 - 5ms
[2026-04-15T14:58:37.396Z] [INFO] GET /api/users/846f89d2-90ed-45cb-b45c-256de1d6a8a8/app-roles - 304 - 3ms
[2026-04-15T14:58:37.398Z] [INFO] GET /api/users/8e800518-a44c-4b88-81a8-833165fbe5e4/app-roles - 304 - 4ms
[2026-04-15T14:58:37.400Z] [INFO] GET /api/users/939d4c78-6e18-4a73-b3b7-f32028f7a706/app-roles - 304 - 4ms
[2026-04-15T14:58:37.401Z] [INFO] GET /api/users/97f483f7-f1b1-4442-8988-29ac7bac469a/app-roles - 304 - 4ms
[2026-04-15T14:58:37.402Z] [INFO] GET /api/users/accf2b48-0244-4be0-b7d2-bb8a54131519/app-roles - 304 - 3ms
[2026-04-15T14:58:37.404Z] [INFO] GET /api/users/b30454a8-b6c1-40a6-b361-868fc381c517/app-roles - 304 - 3ms
[2026-04-15T14:58:37.406Z] [INFO] GET /api/users/b88fc656-90cf-4672-ad7f-dddd13ae439d/app-roles - 304 - 4ms
[2026-04-15T14:58:37.407Z] [INFO] GET /api/users/baf651a6-9d36-47b0-a915-f78bb8af33d2/app-roles - 304 - 4ms
[2026-04-15T14:58:37.409Z] [INFO] GET /api/users/173510ab-e555-49b4-90aa-145147436bba/app-roles - 304 - 60ms
[2026-04-15T14:58:37.410Z] [INFO] GET /api/users/bddff6da-7424-44c3-b5f6-62cb1dad6b67/app-roles - 304 - 5ms
[2026-04-15T14:58:37.411Z] [INFO] GET /api/users/c27892bf-3102-4538-8340-6c6ff0a37ae1/app-roles - 304 - 4ms
[2026-04-15T14:58:37.413Z] [INFO] GET /api/users/c4d91893-4857-4ad8-bc5e-a83f0e492410/app-roles - 304 - 5ms
[2026-04-15T14:58:37.413Z] [INFO] GET /api/users/1f177408-88c4-4681-ad58-ff008d04b2ce/app-roles - 304 - 63ms
[2026-04-15T14:58:37.414Z] [INFO] GET /api/users/c8f50988-f834-4335-8ecf-375a0d6c6147/app-roles - 304 - 5ms
[2026-04-15T14:58:37.416Z] [INFO] GET /api/users/c9afe4c9-7f3f-42cd-abc9-1377299c9aec/app-roles - 304 - 5ms
[2026-04-15T14:58:37.418Z] [INFO] GET /api/users/cd7201ec-b77c-4ad6-ba6b-5c61e00fd702/app-roles - 304 - 6ms
[2026-04-15T14:58:37.419Z] [INFO] GET /api/users/da31b4a6-a498-47bb-a8ca-ff6b2f1f40b0/app-roles - 304 - 5ms
[2026-04-15T14:58:37.419Z] [INFO] GET /api/users/e78c5d0f-885a-4010-af74-459d9128b1c4/app-roles - 304 - 4ms
[2026-04-15T14:58:37.421Z] [INFO] GET /api/users/eadca28f-fe91-4aeb-91b9-320f9c50837a/app-roles - 304 - 6ms
[2026-04-15T14:58:37.422Z] [INFO] GET /api/users/f0349621-ece2-496e-8d99-ae77082607d8/app-roles - 304 - 5ms
[2026-04-15T14:58:37.424Z] [INFO] GET /api/users/f043b4fc-37da-4cdb-b4b0-2aa501480ffa/app-roles - 304 - 6ms
[2026-04-15T14:58:37.425Z] [INFO] GET /api/users/00118ed8-8113-493b-ae36-5fc23e32bd1f/app-roles - 304 - 5ms
[2026-04-15T14:58:37.426Z] [INFO] GET /api/users/01362ebf-3aba-49aa-8ac1-ae8ab6f9388b/app-roles - 304 - 4ms
[2026-04-15T14:58:37.425Z] [INFO] GET /api/users/f2e49eed-4df0-4fa8-91a5-d0f35b66ca0e/app-roles - 304 - 4ms
[2026-04-15T14:58:37.427Z] [INFO] GET /api/users/0211f13a-2563-4e9d-97f0-653e6b11d74b/app-roles - 304 - 4ms
[2026-04-15T14:58:37.494Z] [INFO] GET /api/users/13cf40a6-ade1-4b1c-b161-ad1ee4b8acb8/app-roles - 304 - 146ms
[2026-04-15T14:58:37.503Z] [INFO] GET /api/users/role-audit?limit=25 - 304 - 5ms
[2026-04-15T14:58:37.509Z] [INFO] GET /api/users/super-admin - 304 - 1ms
[2026-04-15T14:59:35.982Z] [INFO] GET /api/roles - 304 - 43ms
[2026-04-15T14:59:35.989Z] [INFO] GET /api/location/countries - 304 - 49ms
[2026-04-15T14:59:35.995Z] [INFO] GET /api/members?page=1&limit=10&search=&jobTitle=&status=&location= - 304 - 56ms
[2026-04-15T14:59:36.085Z] [INFO] GET /api/location/cities - 304 - 147ms
[2026-04-15T15:02:37.851Z] [INFO] GET /api/location/countries - 304 - 61ms
[2026-04-15T15:02:37.853Z] [INFO] GET /api/location/cities - 304 - 81ms
[2026-04-15T15:02:37.863Z] [INFO] GET /api/members?page=1&limit=10&search=&jobTitle=&status=&location= - 200 - 74ms
[2026-04-15T15:02:37.951Z] [INFO] GET /api/roles - 304 - 165ms
[2026-04-15T15:04:04.147Z] [WARN] POST /api/login/validate - 401 - 105ms
[2026-04-15T15:04:08.198Z] [INFO] POST /api/login/validate - 200 - 71ms
[2026-04-15T15:04:08.204Z] [INFO] GET /api/login/me?identifier=admin - 200 - 2ms
[2026-04-15T15:04:08.213Z] [INFO] GET /api/users/88cfe47e-7da3-4f91-85ab-84c4cae4350a/app-roles - 304 - 5ms
[2026-04-15T15:04:08.264Z] [INFO] GET /api/dashboard/stats - 304 - 10ms
[2026-04-15T15:04:08.296Z] [INFO] GET /api/dashboard/conflicts - 304 - 42ms
[2026-04-15T15:04:08.297Z] [INFO] GET /api/dashboard/activity - 304 - 42ms
