[2026-03-31T12:24:16.044Z] [ERROR] GET /api/dashboard/stats - 500 - 60ms
[2026-03-31T12:25:17.755Z] [ERROR] GET /api/schedules?startDate=2026-03-30&endDate=2026-04-12 - 500 - 38ms
[2026-03-31T12:25:19.100Z] [ERROR] GET /api/schedules?startDate=2026-03-30&endDate=2026-04-12 - 500 - 32ms
[2026-03-31T12:25:19.960Z] [ERROR] GET /api/schedules?startDate=2026-03-30&endDate=2026-04-12 - 500 - 29ms
[2026-03-31T12:25:20.691Z] [ERROR] GET /api/members?limit=1000 - 500 - 43ms
[2026-03-31T12:25:20.695Z] [ERROR] GET /api/teams - 500 - 46ms
[2026-03-31T12:25:20.700Z] [ERROR] GET /api/groups - 500 - 51ms
[2026-03-31T12:25:20.703Z] [ERROR] GET /api/rotations/types - 500 - 52ms
[2026-03-31T12:25:20.708Z] [ERROR] GET /api/rotations/templates - 500 - 55ms
[2026-03-31T12:25:20.795Z] [ERROR] GET /api/rotations - 500 - 149ms
[2026-03-31T12:25:24.265Z] [ERROR] GET /api/location/cities - 500 - 36ms
[2026-03-31T12:25:24.267Z] [ERROR] GET /api/roles - 500 - 37ms
[2026-03-31T12:25:24.271Z] [ERROR] GET /api/members?page=1&limit=10&search=&jobTitle=&status=&location= - 500 - 40ms
[2026-03-31T12:25:24.276Z] [ERROR] GET /api/location/countries - 500 - 45ms
[2026-03-31T12:27:57.896Z] [ERROR] GET /api/location/cities - 500 - 38ms
[2026-03-31T12:27:57.900Z] [ERROR] GET /api/roles - 500 - 40ms
[2026-03-31T12:27:57.905Z] [ERROR] GET /api/members?page=1&limit=10&search=&jobTitle=&status=&location= - 500 - 45ms
[2026-03-31T12:27:57.907Z] [ERROR] GET /api/location/countries - 500 - 45ms
[2026-03-31T12:31:04.504Z] [ERROR] GET /api/roles - 500 - 59ms
[2026-03-31T12:31:04.507Z] [ERROR] GET /api/members?page=1&limit=10&search=&jobTitle=&status=&location= - 500 - 61ms
[2026-03-31T12:31:04.510Z] [ERROR] GET /api/location/countries - 500 - 63ms
[2026-03-31T12:31:04.585Z] [ERROR] GET /api/location/cities - 500 - 152ms
[2026-03-31T12:31:06.552Z] [ERROR] GET /api/location/cities - 500 - 39ms
[2026-03-31T12:31:06.554Z] [ERROR] GET /api/roles - 500 - 40ms
[2026-03-31T12:31:06.560Z] [ERROR] GET /api/members?page=1&limit=10&search=&jobTitle=&status=&location= - 500 - 45ms
[2026-03-31T12:31:06.563Z] [ERROR] GET /api/location/countries - 500 - 47ms
[2026-03-31T12:31:07.621Z] [ERROR] GET /api/members?limit=1000 - 500 - 46ms
[2026-03-31T12:31:07.623Z] [ERROR] GET /api/teams - 500 - 47ms
[2026-03-31T12:31:07.627Z] [ERROR] GET /api/groups - 500 - 50ms
[2026-03-31T12:31:07.632Z] [ERROR] GET /api/rotations/types - 500 - 53ms
[2026-03-31T12:31:07.715Z] [ERROR] GET /api/rotations - 500 - 141ms
[2026-03-31T12:31:07.731Z] [ERROR] GET /api/rotations/templates - 500 - 152ms
[2026-03-31T12:31:08.180Z] [ERROR] GET /api/location/cities - 500 - 36ms
[2026-03-31T12:31:08.183Z] [ERROR] GET /api/roles - 500 - 38ms
[2026-03-31T12:31:08.187Z] [ERROR] GET /api/members?page=1&limit=10&search=&jobTitle=&status=&location= - 500 - 42ms
[2026-03-31T12:31:08.192Z] [ERROR] GET /api/location/countries - 500 - 46ms
[2026-03-31T12:34:13.308Z] [ERROR] GET /api/roles - 500 - 66ms
[2026-03-31T12:34:13.309Z] [ERROR] GET /api/location/cities - 500 - 69ms
[2026-03-31T12:34:13.310Z] [ERROR] GET /api/location/countries - 500 - 67ms
[2026-03-31T12:34:13.311Z] [ERROR] GET /api/members?page=1&limit=10&search=&jobTitle=&status=&location= - 500 - 68ms
[2026-03-31T12:34:14.842Z] [ERROR] GET /api/location/cities - 500 - 35ms
[2026-03-31T12:34:14.848Z] [ERROR] GET /api/roles - 500 - 41ms
[2026-03-31T12:34:14.849Z] [ERROR] GET /api/members?page=1&limit=10&search=&jobTitle=&status=&location= - 500 - 41ms
[2026-03-31T12:34:14.856Z] [ERROR] GET /api/location/countries - 500 - 47ms
[2026-03-31T12:34:16.347Z] [ERROR] GET /api/rotations - 500 - 49ms
[2026-03-31T12:34:16.349Z] [ERROR] GET /api/teams - 500 - 50ms
[2026-03-31T12:34:16.350Z] [ERROR] GET /api/members?limit=1000 - 500 - 51ms
[2026-03-31T12:34:16.351Z] [ERROR] GET /api/groups - 500 - 52ms
[2026-03-31T12:34:16.353Z] [ERROR] GET /api/rotations/types - 500 - 52ms
[2026-03-31T12:34:16.358Z] [ERROR] GET /api/rotations/templates - 500 - 57ms
[2026-03-31T12:34:16.810Z] [ERROR] GET /api/location/cities - 500 - 35ms
[2026-03-31T12:34:16.813Z] [ERROR] GET /api/roles - 500 - 37ms
[2026-03-31T12:34:16.817Z] [ERROR] GET /api/members?page=1&limit=10&search=&jobTitle=&status=&location= - 500 - 41ms
[2026-03-31T12:34:16.821Z] [ERROR] GET /api/location/countries - 500 - 44ms
[2026-03-31T12:34:42.974Z] [INFO] GET /api/dashboard/stats - 200 - 190ms
[2026-03-31T12:34:45.235Z] [INFO] GET /api/schedules?startDate=2026-03-30&endDate=2026-04-12 - 200 - 31ms
[2026-03-31T12:34:46.588Z] [INFO] GET /api/rotations - 200 - 4ms
[2026-03-31T12:34:46.593Z] [INFO] GET /api/groups - 200 - 3ms
[2026-03-31T12:34:46.597Z] [INFO] GET /api/rotations/templates - 200 - 3ms
[2026-03-31T12:34:46.633Z] [INFO] GET /api/teams - 200 - 46ms
[2026-03-31T12:34:46.636Z] [INFO] GET /api/rotations/types - 200 - 46ms
[2026-03-31T12:34:46.658Z] [INFO] GET /api/members?limit=1000 - 200 - 72ms
[2026-03-31T12:34:48.081Z] [INFO] GET /api/location/cities - 200 - 3ms
[2026-03-31T12:34:48.082Z] [INFO] GET /api/roles - 200 - 3ms
[2026-03-31T12:34:48.082Z] [INFO] GET /api/location/countries - 200 - 2ms
[2026-03-31T12:34:48.093Z] [INFO] GET /api/members?page=1&limit=10&search=&jobTitle=&status=&location= - 200 - 14ms
[2026-03-31T12:35:06.979Z] [INFO] DELETE /api/members/8ce26b8d-1d26-486b-a049-505b298ff47b - 200 - 88ms
[2026-03-31T12:35:06.993Z] [INFO] GET /api/members?page=1&limit=10&search=&jobTitle=&status=&location= - 200 - 12ms
[2026-03-31T12:36:35.342Z] [INFO] GET /api/teams - 304 - 42ms
[2026-03-31T12:36:35.343Z] [INFO] GET /api/groups - 304 - 42ms
[2026-03-31T12:36:35.374Z] [INFO] GET /api/teams/c3af3991-e266-4d5c-99f3-d53950ebcba9/members - 304 - 12ms
[2026-03-31T12:36:38.304Z] [INFO] GET /api/rotations - 304 - 6ms
[2026-03-31T12:36:38.316Z] [INFO] GET /api/members?limit=1000 - 200 - 17ms
[2026-03-31T12:36:38.343Z] [INFO] GET /api/groups - 304 - 42ms
[2026-03-31T12:36:38.347Z] [INFO] GET /api/teams - 304 - 47ms
[2026-03-31T12:36:38.348Z] [INFO] GET /api/rotations/types - 304 - 46ms
[2026-03-31T12:36:38.354Z] [INFO] GET /api/rotations/templates - 304 - 52ms
[2026-03-31T12:36:39.310Z] [INFO] GET /api/schedules?startDate=2026-03-30&endDate=2026-04-12 - 304 - 20ms
[2026-03-31T12:36:39.787Z] [INFO] GET /api/dashboard/stats - 304 - 2ms
[2026-03-31T12:36:40.044Z] [INFO] GET /api/rotations - 304 - 2ms
[2026-03-31T12:36:40.045Z] [INFO] GET /api/groups - 304 - 2ms
[2026-03-31T12:36:40.046Z] [INFO] GET /api/teams - 304 - 3ms
[2026-03-31T12:36:40.047Z] [INFO] GET /api/rotations/templates - 304 - 3ms
[2026-03-31T12:36:40.047Z] [INFO] GET /api/rotations/types - 304 - 4ms
[2026-03-31T12:36:40.059Z] [INFO] GET /api/members?limit=1000 - 304 - 16ms
[2026-03-31T12:36:42.106Z] [INFO] GET /api/location/cities - 304 - 2ms
[2026-03-31T12:36:42.107Z] [INFO] GET /api/roles - 304 - 2ms
[2026-03-31T12:36:42.108Z] [INFO] GET /api/location/countries - 304 - 3ms
[2026-03-31T12:36:42.112Z] [INFO] GET /api/members?page=1&limit=10&search=&jobTitle=&status=&location= - 304 - 7ms
[2026-03-31T12:38:09.255Z] [INFO] GET /api/schedules?startDate=2026-03-30&endDate=2026-04-12 - 304 - 56ms
[2026-03-31T12:38:47.206Z] [INFO] GET /api/groups - 304 - 36ms
[2026-03-31T12:38:47.207Z] [INFO] GET /api/teams - 304 - 38ms
[2026-03-31T12:38:47.237Z] [INFO] GET /api/teams/c3af3991-e266-4d5c-99f3-d53950ebcba9/members - 304 - 9ms
[2026-03-31T12:38:48.696Z] [INFO] GET /api/location/cities - 304 - 2ms
[2026-03-31T12:38:48.698Z] [INFO] GET /api/roles - 304 - 3ms
[2026-03-31T12:38:48.699Z] [INFO] GET /api/location/countries - 304 - 3ms
[2026-03-31T12:38:48.744Z] [INFO] GET /api/members?page=1&limit=10&search=&jobTitle=&status=&location= - 304 - 49ms
[2026-03-31T12:47:09.132Z] [INFO] GET /api/teams - 304 - 56ms
[2026-03-31T12:47:09.133Z] [INFO] GET /api/groups - 304 - 56ms
[2026-03-31T12:47:09.156Z] [INFO] GET /api/teams/c3af3991-e266-4d5c-99f3-d53950ebcba9/members - 304 - 13ms
[2026-03-31T12:47:13.377Z] [INFO] GET /api/roles - 304 - 2ms
[2026-03-31T12:47:13.382Z] [INFO] GET /api/members?limit=1000 - 304 - 8ms
[2026-03-31T12:47:57.998Z] [INFO] GET /api/teams/91cdc28a-d851-4d06-8c7b-a87c737aca9c/members - 200 - 54ms
[2026-03-31T12:47:58.572Z] [INFO] GET /api/teams/fc2b466c-eba0-4d43-96ed-0f5a375507f2/members - 200 - 3ms
[2026-03-31T12:47:58.973Z] [INFO] GET /api/teams/a58c226e-9876-4bfc-a36d-706380ea3d68/members - 200 - 3ms
[2026-03-31T12:47:59.336Z] [INFO] GET /api/teams/1add3b10-6c87-4cf8-8143-c1debf894846/members - 200 - 3ms
[2026-03-31T12:48:01.630Z] [INFO] GET /api/location/cities - 304 - 2ms
[2026-03-31T12:48:01.640Z] [INFO] GET /api/members?page=1&limit=10&search=&jobTitle=&status=&location= - 304 - 8ms
[2026-03-31T12:48:01.681Z] [INFO] GET /api/location/countries - 304 - 49ms
[2026-03-31T12:48:01.682Z] [INFO] GET /api/roles - 304 - 52ms
[2026-03-31T12:48:02.838Z] [INFO] GET /api/teams - 304 - 6ms
[2026-03-31T12:48:02.840Z] [INFO] GET /api/rotations - 304 - 9ms
[2026-03-31T12:48:02.852Z] [INFO] GET /api/members?limit=1000 - 304 - 21ms
[2026-03-31T12:48:02.888Z] [INFO] GET /api/rotations/types - 304 - 53ms
[2026-03-31T12:48:02.889Z] [INFO] GET /api/groups - 304 - 55ms
[2026-03-31T12:48:02.892Z] [INFO] GET /api/rotations/templates - 304 - 57ms
[2026-03-31T12:48:04.942Z] [INFO] GET /api/schedules?startDate=2026-03-30&endDate=2026-04-12 - 304 - 26ms
[2026-03-31T12:48:05.538Z] [INFO] GET /api/dashboard/stats - 304 - 3ms
[2026-03-31T12:48:20.149Z] [INFO] GET /api/schedules?startDate=2026-03-30&endDate=2026-04-12 - 304 - 66ms
[2026-03-31T12:48:22.020Z] [INFO] GET /api/location/cities - 304 - 5ms
[2026-03-31T12:48:22.064Z] [INFO] GET /api/roles - 304 - 47ms
[2026-03-31T12:48:22.074Z] [INFO] GET /api/location/countries - 304 - 56ms
[2026-03-31T12:48:22.086Z] [INFO] GET /api/members?page=1&limit=10&search=&jobTitle=&status=&location= - 304 - 69ms
[2026-03-31T12:48:22.883Z] [INFO] GET /api/groups - 304 - 1ms
[2026-03-31T12:48:22.887Z] [INFO] GET /api/rotations/templates - 304 - 2ms
[2026-03-31T12:48:22.889Z] [INFO] GET /api/teams - 304 - 7ms
[2026-03-31T12:48:22.890Z] [INFO] GET /api/rotations - 304 - 9ms
[2026-03-31T12:48:22.901Z] [INFO] GET /api/members?limit=1000 - 304 - 19ms
[2026-03-31T12:48:22.927Z] [INFO] GET /api/rotations/types - 304 - 44ms
[2026-03-31T12:48:24.004Z] [INFO] GET /api/roles - 304 - 1ms
[2026-03-31T12:48:24.006Z] [INFO] GET /api/location/countries - 304 - 3ms
[2026-03-31T12:48:24.008Z] [INFO] GET /api/location/cities - 304 - 6ms
[2026-03-31T12:48:24.010Z] [INFO] GET /api/members?page=1&limit=10&search=&jobTitle=&status=&location= - 304 - 7ms
[2026-03-31T12:48:24.604Z] [INFO] GET /api/teams - 304 - 1ms
[2026-03-31T12:48:24.605Z] [INFO] GET /api/groups - 304 - 2ms
[2026-03-31T12:48:24.623Z] [INFO] GET /api/teams/c3af3991-e266-4d5c-99f3-d53950ebcba9/members - 304 - 8ms
[2026-03-31T12:49:50.293Z] [INFO] GET /api/roles - 304 - 57ms
[2026-03-31T12:49:50.295Z] [INFO] GET /api/location/cities - 304 - 59ms
[2026-03-31T12:49:50.300Z] [INFO] GET /api/location/countries - 304 - 62ms
[2026-03-31T12:49:50.321Z] [INFO] GET /api/members?page=1&limit=10&search=&jobTitle=&status=&location= - 304 - 83ms
[2026-03-31T12:49:56.024Z] [INFO] GET /api/dashboard/stats - 304 - 9ms
[2026-03-31T12:49:58.313Z] [INFO] GET /api/schedules?startDate=2026-03-30&endDate=2026-04-12 - 304 - 16ms
[2026-03-31T12:50:00.063Z] [INFO] GET /api/rotations - 304 - 1ms
[2026-03-31T12:50:00.066Z] [INFO] GET /api/groups - 304 - 2ms
[2026-03-31T12:50:00.068Z] [INFO] GET /api/rotations/types - 304 - 3ms
[2026-03-31T12:50:00.072Z] [INFO] GET /api/teams - 304 - 7ms
[2026-03-31T12:50:00.083Z] [INFO] GET /api/members?limit=1000 - 304 - 20ms
[2026-03-31T12:50:00.210Z] [INFO] GET /api/rotations/templates - 304 - 145ms
[2026-03-31T12:50:01.913Z] [INFO] GET /api/dashboard/stats - 304 - 13ms
[2026-03-31T12:50:04.393Z] [INFO] GET /api/teams - 304 - 3ms
[2026-03-31T12:50:04.395Z] [INFO] GET /api/rotations - 304 - 7ms
[2026-03-31T12:50:04.398Z] [INFO] GET /api/rotations/types - 304 - 5ms
[2026-03-31T12:50:04.396Z] [INFO] GET /api/groups - 304 - 6ms
[2026-03-31T12:50:04.400Z] [INFO] GET /api/rotations/templates - 304 - 4ms
[2026-03-31T12:50:04.401Z] [INFO] GET /api/members?limit=1000 - 304 - 12ms
[2026-03-31T12:50:05.284Z] [INFO] GET /api/location/cities - 304 - 1ms
[2026-03-31T12:50:05.285Z] [INFO] GET /api/roles - 304 - 2ms
[2026-03-31T12:50:05.289Z] [INFO] GET /api/location/countries - 304 - 3ms
[2026-03-31T12:50:05.291Z] [INFO] GET /api/members?page=1&limit=10&search=&jobTitle=&status=&location= - 304 - 7ms
[2026-03-31T12:58:06.328Z] [INFO] GET /api/location/countries - 304 - 60ms
[2026-03-31T12:58:06.330Z] [INFO] GET /api/roles - 304 - 65ms
[2026-03-31T12:58:06.331Z] [INFO] GET /api/location/cities - 304 - 80ms
[2026-03-31T12:58:06.340Z] [INFO] GET /api/members?page=1&limit=10&search=&jobTitle=&status=&location= - 304 - 74ms
[2026-03-31T12:58:18.601Z] [INFO] POST /api/login/reset - 200 - 2ms
[2026-03-31T12:58:24.087Z] [INFO] POST /api/login/validate - 200 - 1ms
[2026-03-31T12:58:33.452Z] [INFO] POST /api/login/reset - 200 - 0ms
[2026-03-31T12:58:36.697Z] [INFO] POST /api/login/reset - 200 - 1ms
[2026-03-31T12:59:41.604Z] [INFO] POST /api/login/reset - 200 - 0ms
[2026-03-31T13:02:06.534Z] [INFO] GET /api/location/countries - 304 - 49ms
[2026-03-31T13:02:06.535Z] [INFO] GET /api/location/cities - 304 - 52ms
[2026-03-31T13:02:06.538Z] [INFO] GET /api/roles - 304 - 53ms
[2026-03-31T13:02:06.558Z] [INFO] GET /api/members?page=1&limit=10&search=&jobTitle=&status=&location= - 304 - 72ms
[2026-03-31T13:11:20.414Z] [INFO] GET /api/dashboard/stats - 304 - 76ms
[2026-03-31T13:11:21.107Z] [INFO] GET /api/schedules?startDate=2026-03-30&endDate=2026-04-12 - 304 - 18ms
[2026-03-31T13:11:21.654Z] [INFO] GET /api/rotations - 304 - 5ms
[2026-03-31T13:11:21.658Z] [INFO] GET /api/groups - 304 - 4ms
[2026-03-31T13:11:21.702Z] [INFO] GET /api/teams - 304 - 52ms
[2026-03-31T13:11:21.704Z] [INFO] GET /api/rotations/types - 304 - 49ms
[2026-03-31T13:11:21.714Z] [INFO] GET /api/members?limit=1000 - 304 - 62ms
[2026-03-31T13:11:21.810Z] [INFO] GET /api/rotations/templates - 304 - 154ms
[2026-03-31T13:11:21.967Z] [INFO] GET /api/roles - 304 - 2ms
[2026-03-31T13:11:21.968Z] [INFO] GET /api/location/countries - 304 - 2ms
[2026-03-31T13:11:21.970Z] [INFO] GET /api/location/cities - 304 - 6ms
[2026-03-31T13:11:21.980Z] [INFO] GET /api/members?page=1&limit=10&search=&jobTitle=&status=&location= - 304 - 14ms
[2026-03-31T13:11:22.349Z] [INFO] GET /api/groups - 304 - 2ms
[2026-03-31T13:11:22.351Z] [INFO] GET /api/teams - 304 - 5ms
[2026-03-31T13:11:22.356Z] [INFO] GET /api/teams/c3af3991-e266-4d5c-99f3-d53950ebcba9/members - 304 - 3ms
[2026-03-31T13:11:23.887Z] [INFO] GET /api/dashboard/stats - 304 - 7ms
[2026-03-31T13:16:35.212Z] [INFO] GET /api/location/countries - 304 - 61ms
[2026-03-31T13:16:35.214Z] [INFO] GET /api/roles - 304 - 66ms
[2026-03-31T13:16:35.215Z] [INFO] GET /api/location/cities - 304 - 78ms
[2026-03-31T13:16:35.221Z] [INFO] GET /api/members?page=1&limit=10&search=&jobTitle=&status=&location= - 304 - 71ms
[2026-03-31T13:26:31.844Z] [INFO] GET /api/roles - 304 - 56ms
[2026-03-31T13:26:31.846Z] [INFO] GET /api/location/cities - 304 - 70ms
[2026-03-31T13:26:31.848Z] [INFO] GET /api/location/countries - 304 - 58ms
[2026-03-31T13:26:31.855Z] [INFO] GET /api/members?page=1&limit=10&search=&jobTitle=&status=&location= - 304 - 66ms
[2026-03-31T13:26:40.259Z] [INFO] POST /api/login/reset - 200 - 81ms
[2026-03-31T13:26:44.367Z] [INFO] POST /api/login/validate - 200 - 64ms
[2026-03-31T13:34:10.291Z] [INFO] POST /api/login/reset - 200 - 124ms
[2026-03-31T13:34:14.208Z] [INFO] POST /api/login/validate - 200 - 69ms
[2026-03-31T13:41:50.490Z] [INFO] POST /api/login/validate - 200 - 99ms
[2026-03-31T13:41:52.367Z] [INFO] GET /api/dashboard/stats - 304 - 15ms
[2026-03-31T13:41:56.352Z] [INFO] GET /api/schedules?startDate=2026-03-30&endDate=2026-04-12 - 304 - 16ms
[2026-03-31T13:41:56.990Z] [INFO] GET /api/rotations - 304 - 3ms
[2026-03-31T13:41:57.006Z] [INFO] GET /api/members?limit=1000 - 304 - 15ms
[2026-03-31T13:41:57.035Z] [INFO] GET /api/groups - 304 - 43ms
[2026-03-31T13:41:57.038Z] [INFO] GET /api/teams - 304 - 46ms
[2026-03-31T13:41:57.039Z] [INFO] GET /api/rotations/types - 304 - 46ms
[2026-03-31T13:41:57.045Z] [INFO] GET /api/rotations/templates - 304 - 52ms
[2026-03-31T13:41:57.458Z] [INFO] GET /api/roles - 304 - 3ms
[2026-03-31T13:41:57.458Z] [INFO] GET /api/location/countries - 304 - 2ms
[2026-03-31T13:41:57.461Z] [INFO] GET /api/location/cities - 304 - 6ms
[2026-03-31T13:41:57.471Z] [INFO] GET /api/members?page=1&limit=10&search=&jobTitle=&status=&location= - 304 - 15ms
[2026-03-31T13:41:57.948Z] [INFO] GET /api/teams - 304 - 2ms
[2026-03-31T13:41:57.949Z] [INFO] GET /api/groups - 304 - 2ms
[2026-03-31T13:41:57.959Z] [INFO] GET /api/teams/c3af3991-e266-4d5c-99f3-d53950ebcba9/members - 304 - 8ms
[2026-03-31T13:42:00.283Z] [INFO] GET /api/groups - 304 - 1ms
[2026-03-31T13:42:00.285Z] [INFO] GET /api/teams - 304 - 4ms
[2026-03-31T13:42:00.290Z] [INFO] GET /api/teams/c3af3991-e266-4d5c-99f3-d53950ebcba9/members - 304 - 2ms
[2026-03-31T13:42:02.875Z] [INFO] GET /api/dashboard/stats - 304 - 7ms
[2026-03-31T13:57:57.701Z] [INFO] POST /api/login/reset - 200 - 98ms
[2026-03-31T13:58:00.430Z] [INFO] POST /api/login/validate - 200 - 64ms
[2026-03-31T13:58:03.890Z] [INFO] GET /api/dashboard/stats - 304 - 13ms
[2026-03-31T13:58:45.371Z] [INFO] GET /api/roles - 304 - 43ms
[2026-03-31T13:58:45.374Z] [INFO] GET /api/location/cities - 304 - 46ms
[2026-03-31T13:58:45.379Z] [INFO] GET /api/location/countries - 304 - 49ms
[2026-03-31T13:58:45.392Z] [INFO] GET /api/members?page=1&limit=10&search=&jobTitle=&status=&location= - 304 - 62ms
[2026-03-31T14:03:34.620Z] [INFO] POST /api/login/reset - 200 - 98ms
[2026-03-31T14:03:38.342Z] [INFO] POST /api/login/validate - 200 - 63ms
[2026-03-31T14:03:38.390Z] [INFO] GET /api/members?search=giuseppe_manansala%40dummy.com&limit=1 - 200 - 45ms
[2026-03-31T14:03:41.991Z] [INFO] GET /api/dashboard/stats - 304 - 9ms
[2026-03-31T14:04:07.285Z] [INFO] POST /api/login/reset - 200 - 96ms
[2026-03-31T14:04:10.347Z] [INFO] POST /api/login/validate - 200 - 65ms
[2026-03-31T14:04:10.361Z] [INFO] GET /api/members?search=giuseppe_manansala%40dummy.com&limit=1 - 304 - 12ms
[2026-03-31T14:09:22.372Z] [INFO] POST /api/login/reset - 200 - 93ms
[2026-03-31T14:09:24.791Z] [INFO] POST /api/login/validate - 200 - 65ms
[2026-03-31T14:09:24.837Z] [INFO] GET /api/members?search=giuseppe_manansala%40dummy.com&limit=1 - 304 - 43ms
[2026-03-31T14:09:26.135Z] [INFO] GET /api/dashboard/stats - 304 - 7ms
[2026-03-31T14:09:49.438Z] [INFO] GET /api/dashboard/stats - 304 - 44ms
[2026-03-31T14:09:49.988Z] [INFO] GET /api/schedules?startDate=2026-03-30&endDate=2026-04-12 - 304 - 13ms
[2026-03-31T14:09:50.731Z] [INFO] GET /api/rotations - 304 - 2ms
[2026-03-31T14:09:50.735Z] [INFO] GET /api/teams - 304 - 3ms
[2026-03-31T14:09:50.774Z] [INFO] GET /api/rotations/types - 304 - 41ms
[2026-03-31T14:09:50.778Z] [INFO] GET /api/rotations/templates - 304 - 45ms
[2026-03-31T14:09:50.783Z] [INFO] GET /api/members?limit=1000 - 304 - 53ms
[2026-03-31T14:09:50.872Z] [INFO] GET /api/groups - 304 - 140ms
[2026-03-31T14:09:51.929Z] [INFO] GET /api/roles - 304 - 1ms
[2026-03-31T14:09:51.930Z] [INFO] GET /api/location/countries - 304 - 2ms
[2026-03-31T14:09:51.932Z] [INFO] GET /api/location/cities - 304 - 5ms
[2026-03-31T14:09:51.942Z] [INFO] GET /api/members?page=1&limit=10&search=&jobTitle=&status=&location= - 304 - 14ms
[2026-03-31T14:09:52.560Z] [INFO] GET /api/groups - 304 - 0ms
[2026-03-31T14:09:52.564Z] [INFO] GET /api/teams - 304 - 5ms
[2026-03-31T14:09:52.571Z] [INFO] GET /api/teams/c3af3991-e266-4d5c-99f3-d53950ebcba9/members - 304 - 2ms
[2026-03-31T14:10:23.989Z] [INFO] GET /api/teams - 304 - 41ms
[2026-03-31T14:10:23.990Z] [INFO] GET /api/groups - 304 - 41ms
[2026-03-31T14:10:24.004Z] [INFO] GET /api/teams/c3af3991-e266-4d5c-99f3-d53950ebcba9/members - 304 - 11ms
[2026-03-31T14:10:24.575Z] [INFO] GET /api/location/cities - 304 - 2ms
[2026-03-31T14:10:24.577Z] [INFO] GET /api/roles - 304 - 3ms
[2026-03-31T14:10:24.577Z] [INFO] GET /api/location/countries - 304 - 2ms
[2026-03-31T14:10:24.621Z] [INFO] GET /api/members?page=1&limit=10&search=&jobTitle=&status=&location= - 304 - 47ms
[2026-03-31T14:10:25.044Z] [INFO] GET /api/teams - 304 - 3ms
[2026-03-31T14:10:25.048Z] [INFO] GET /api/rotations/types - 304 - 4ms
[2026-03-31T14:10:25.048Z] [INFO] GET /api/rotations - 304 - 9ms
[2026-03-31T14:10:25.049Z] [INFO] GET /api/members?limit=1000 - 304 - 9ms
[2026-03-31T14:10:25.080Z] [INFO] GET /api/rotations/templates - 304 - 36ms
[2026-03-31T14:10:25.187Z] [INFO] GET /api/groups - 304 - 146ms
[2026-03-31T14:10:25.446Z] [INFO] GET /api/schedules?startDate=2026-03-30&endDate=2026-04-12 - 304 - 19ms
[2026-03-31T14:10:25.843Z] [INFO] GET /api/dashboard/stats - 304 - 2ms
[2026-03-31T14:21:13.914Z] [INFO] GET /api/dashboard/stats - 304 - 69ms
[2026-03-31T14:25:54.558Z] [INFO] POST /api/login/reset - 200 - 104ms
[2026-03-31T14:25:57.002Z] [INFO] POST /api/login/validate - 200 - 68ms
[2026-03-31T14:28:27.448Z] [INFO] GET /api/location/countries - 304 - 53ms
[2026-03-31T14:28:27.450Z] [INFO] GET /api/location/cities - 304 - 67ms
[2026-03-31T14:28:27.457Z] [INFO] GET /api/members?page=1&limit=10&search=&jobTitle=&status=&location= - 304 - 63ms
[2026-03-31T14:28:27.534Z] [INFO] GET /api/roles - 304 - 141ms
[2026-03-31T14:28:39.521Z] [INFO] POST /api/login/reset - 200 - 101ms
[2026-03-31T14:31:33.869Z] [INFO] GET /api/dashboard/stats - 304 - 92ms
[2026-03-31T14:31:36.557Z] [INFO] GET /api/schedules?startDate=2026-03-30&endDate=2026-04-12 - 304 - 19ms
[2026-03-31T14:31:37.711Z] [INFO] GET /api/rotations - 304 - 4ms
[2026-03-31T14:31:37.716Z] [INFO] GET /api/groups - 304 - 3ms
[2026-03-31T14:31:37.719Z] [INFO] GET /api/rotations/templates - 304 - 2ms
[2026-03-31T14:31:37.755Z] [INFO] GET /api/rotations/types - 304 - 42ms
[2026-03-31T14:31:37.758Z] [INFO] GET /api/teams - 304 - 48ms
[2026-03-31T14:31:37.870Z] [INFO] GET /api/members?limit=1000 - 304 - 162ms
[2026-03-31T14:31:38.574Z] [INFO] GET /api/location/cities - 304 - 3ms
[2026-03-31T14:31:38.575Z] [INFO] GET /api/roles - 304 - 3ms
[2026-03-31T14:31:38.576Z] [INFO] GET /api/location/countries - 304 - 3ms
[2026-03-31T14:31:38.588Z] [INFO] GET /api/members?page=1&limit=10&search=&jobTitle=&status=&location= - 304 - 15ms
[2026-03-31T14:31:39.946Z] [INFO] GET /api/groups - 304 - 0ms
[2026-03-31T14:31:39.949Z] [INFO] GET /api/teams - 304 - 4ms
[2026-03-31T14:31:39.959Z] [INFO] GET /api/teams/c3af3991-e266-4d5c-99f3-d53950ebcba9/members - 304 - 3ms
[2026-03-31T14:31:40.303Z] [INFO] GET /api/location/cities - 304 - 2ms
[2026-03-31T14:31:40.304Z] [INFO] GET /api/roles - 304 - 2ms
[2026-03-31T14:31:40.305Z] [INFO] GET /api/location/countries - 304 - 2ms
[2026-03-31T14:31:40.316Z] [INFO] GET /api/members?page=1&limit=10&search=&jobTitle=&status=&location= - 304 - 14ms
[2026-03-31T14:31:58.742Z] [INFO] POST /api/login/reset - 200 - 97ms
[2026-03-31T14:32:00.799Z] [INFO] POST /api/login/validate - 200 - 66ms
[2026-03-31T14:43:19.104Z] [INFO] POST /api/login/reset - 200 - 126ms
[2026-03-31T14:47:36.162Z] [INFO] GET /api/roles - 304 - 59ms
[2026-03-31T14:47:36.163Z] [INFO] GET /api/location/countries - 304 - 57ms
[2026-03-31T14:47:36.164Z] [INFO] GET /api/location/cities - 304 - 74ms
[2026-03-31T14:47:36.171Z] [INFO] GET /api/members?page=1&limit=10&search=&jobTitle=&status=&location= - 304 - 66ms
[2026-03-31T14:47:50.836Z] [INFO] POST /api/login/reset - 200 - 102ms
[2026-03-31T14:47:53.227Z] [INFO] POST /api/login/validate - 200 - 68ms
[2026-03-31T14:47:53.383Z] [INFO] GET /api/members?search=giuseppe_manansala%40dummy.com&limit=1 - 304 - 153ms
[2026-03-31T14:47:54.588Z] [INFO] GET /api/dashboard/stats - 304 - 12ms
[2026-03-31T14:47:56.819Z] [INFO] GET /api/schedules?startDate=2026-03-30&endDate=2026-04-12 - 304 - 14ms
[2026-03-31T14:47:57.751Z] [INFO] GET /api/rotations - 304 - 2ms
[2026-03-31T14:47:57.756Z] [INFO] GET /api/teams - 304 - 4ms
[2026-03-31T14:47:57.769Z] [INFO] GET /api/members?limit=1000 - 304 - 19ms
[2026-03-31T14:47:57.799Z] [INFO] GET /api/groups - 304 - 46ms
[2026-03-31T14:47:57.800Z] [INFO] GET /api/rotations/types - 304 - 46ms
[2026-03-31T14:47:57.803Z] [INFO] GET /api/rotations/templates - 304 - 49ms
[2026-03-31T14:47:58.265Z] [INFO] GET /api/location/countries - 304 - 1ms
[2026-03-31T14:47:58.266Z] [INFO] GET /api/roles - 304 - 3ms
[2026-03-31T14:47:58.268Z] [INFO] GET /api/location/cities - 304 - 5ms
[2026-03-31T14:47:58.279Z] [INFO] GET /api/members?page=1&limit=10&search=&jobTitle=&status=&location= - 304 - 16ms
[2026-03-31T14:47:59.058Z] [INFO] GET /api/groups - 304 - 2ms
[2026-03-31T14:47:59.059Z] [INFO] GET /api/teams - 304 - 4ms
[2026-03-31T14:47:59.069Z] [INFO] GET /api/teams/c3af3991-e266-4d5c-99f3-d53950ebcba9/members - 304 - 2ms
[2026-03-31T14:48:00.823Z] [INFO] GET /api/groups - 304 - 1ms
[2026-03-31T14:48:00.824Z] [INFO] GET /api/teams - 304 - 2ms
[2026-03-31T14:48:00.832Z] [INFO] GET /api/teams/c3af3991-e266-4d5c-99f3-d53950ebcba9/members - 304 - 2ms
[2026-03-31T14:48:15.911Z] [INFO] GET /api/roles - 304 - 41ms
[2026-03-31T14:48:15.913Z] [INFO] GET /api/location/cities - 304 - 45ms
[2026-03-31T14:48:15.921Z] [INFO] GET /api/location/countries - 304 - 51ms
[2026-03-31T14:48:15.933Z] [INFO] GET /api/members?page=1&limit=10&search=&jobTitle=&status=&location= - 304 - 62ms
[2026-03-31T14:48:16.393Z] [INFO] GET /api/groups - 304 - 2ms
[2026-03-31T14:48:16.395Z] [INFO] GET /api/teams - 304 - 5ms
[2026-03-31T14:48:16.396Z] [INFO] GET /api/rotations - 304 - 7ms
[2026-03-31T14:48:16.407Z] [INFO] GET /api/members?limit=1000 - 304 - 17ms
[2026-03-31T14:48:16.430Z] [INFO] GET /api/rotations/types - 304 - 39ms
[2026-03-31T14:48:16.432Z] [INFO] GET /api/rotations/templates - 304 - 41ms
[2026-03-31T14:48:16.904Z] [INFO] GET /api/schedules?startDate=2026-03-30&endDate=2026-04-12 - 304 - 20ms
[2026-03-31T14:48:17.266Z] [INFO] GET /api/dashboard/stats - 304 - 3ms
[2026-03-31T14:48:43.914Z] [INFO] POST /api/login/reset - 200 - 98ms
[2026-03-31T14:48:46.234Z] [INFO] POST /api/login/validate - 200 - 65ms
[2026-03-31T14:48:46.249Z] [INFO] GET /api/members?search=giuseppe_manansala%40dummy.com&limit=1 - 304 - 13ms
[2026-03-31T14:48:47.623Z] [INFO] GET /api/dashboard/stats - 304 - 10ms
[2026-03-31T14:48:54.707Z] [INFO] GET /api/location/cities - 304 - 1ms
[2026-03-31T14:48:54.710Z] [INFO] GET /api/roles - 304 - 2ms
[2026-03-31T14:48:54.758Z] [INFO] GET /api/members?page=1&limit=10&search=&jobTitle=&status=&location= - 304 - 50ms
[2026-03-31T14:48:54.848Z] [INFO] GET /api/location/countries - 304 - 139ms
[2026-03-31T14:49:14.873Z] [INFO] DELETE /api/members/02fbfe4e-56fc-4061-a6c5-a70dd1bebcde - 200 - 71ms
[2026-03-31T14:49:14.886Z] [INFO] GET /api/members?page=1&limit=10&search=&jobTitle=&status=&location= - 200 - 10ms
[2026-03-31T14:49:18.660Z] [INFO] GET /api/teams - 304 - 5ms
[2026-03-31T14:49:18.673Z] [INFO] GET /api/teams/c3af3991-e266-4d5c-99f3-d53950ebcba9/members - 304 - 2ms
[2026-03-31T14:49:18.695Z] [INFO] GET /api/groups - 304 - 40ms
[2026-03-31T14:49:19.423Z] [INFO] GET /api/groups - 304 - 1ms
[2026-03-31T14:49:19.426Z] [INFO] GET /api/teams - 304 - 4ms
[2026-03-31T14:49:19.439Z] [INFO] GET /api/teams/c3af3991-e266-4d5c-99f3-d53950ebcba9/members - 304 - 10ms
[2026-03-31T14:49:20.111Z] [INFO] GET /api/dashboard/stats - 304 - 7ms
[2026-03-31T14:49:21.072Z] [INFO] GET /api/schedules?startDate=2026-03-30&endDate=2026-04-12 - 304 - 13ms
[2026-03-31T14:49:21.487Z] [INFO] GET /api/dashboard/stats - 304 - 2ms
[2026-03-31T14:49:24.546Z] [INFO] GET /api/schedules?startDate=2026-03-30&endDate=2026-04-12 - 304 - 7ms
[2026-03-31T14:49:25.223Z] [INFO] GET /api/rotations - 304 - 2ms
[2026-03-31T14:49:25.226Z] [INFO] GET /api/teams - 304 - 3ms
[2026-03-31T14:49:25.229Z] [INFO] GET /api/rotations/templates - 304 - 2ms
[2026-03-31T14:49:25.230Z] [INFO] GET /api/members?limit=1000 - 200 - 8ms
[2026-03-31T14:49:25.263Z] [INFO] GET /api/groups - 304 - 39ms
[2026-03-31T14:49:25.265Z] [INFO] GET /api/rotations/types - 304 - 41ms
[2026-03-31T14:49:25.901Z] [INFO] GET /api/location/countries - 304 - 1ms
[2026-03-31T14:49:25.902Z] [INFO] GET /api/roles - 304 - 3ms
[2026-03-31T14:49:25.905Z] [INFO] GET /api/location/cities - 304 - 6ms
[2026-03-31T14:49:25.905Z] [INFO] GET /api/members?page=1&limit=10&search=&jobTitle=&status=&location= - 304 - 5ms
[2026-03-31T14:49:26.717Z] [INFO] GET /api/dashboard/stats - 304 - 4ms
[2026-03-31T15:42:53.972Z] [INFO] GET /api/schedules?startDate=2026-03-30&endDate=2026-04-12 - 304 - 183ms
[2026-03-31T15:42:54.861Z] [INFO] GET /api/rotations - 304 - 2ms
[2026-03-31T15:42:54.865Z] [INFO] GET /api/teams - 304 - 3ms
[2026-03-31T15:42:54.907Z] [INFO] GET /api/rotations/types - 304 - 45ms
[2026-03-31T15:42:54.908Z] [INFO] GET /api/rotations/templates - 304 - 46ms
[2026-03-31T15:42:54.911Z] [INFO] GET /api/groups - 304 - 48ms
[2026-03-31T15:42:54.915Z] [INFO] GET /api/members?limit=1000 - 304 - 56ms
[2026-03-31T15:42:55.461Z] [INFO] GET /api/location/cities - 304 - 1ms
[2026-03-31T15:42:55.463Z] [INFO] GET /api/roles - 304 - 3ms
[2026-03-31T15:42:55.464Z] [INFO] GET /api/location/countries - 304 - 3ms
[2026-03-31T15:42:55.477Z] [INFO] GET /api/members?page=1&limit=10&search=&jobTitle=&status=&location= - 304 - 16ms
[2026-03-31T15:42:56.028Z] [INFO] GET /api/groups - 304 - 2ms
[2026-03-31T15:42:56.030Z] [INFO] GET /api/teams - 304 - 5ms
[2026-03-31T15:42:56.040Z] [INFO] GET /api/teams/c3af3991-e266-4d5c-99f3-d53950ebcba9/members - 304 - 2ms
[2026-03-31T15:42:57.092Z] [INFO] GET /api/dashboard/stats - 304 - 6ms
[2026-03-31T15:42:59.876Z] [INFO] GET /api/schedules?startDate=2026-03-30&endDate=2026-04-12 - 304 - 12ms
[2026-03-31T15:43:00.226Z] [INFO] GET /api/rotations - 304 - 3ms
[2026-03-31T15:43:00.228Z] [INFO] GET /api/groups - 304 - 3ms
[2026-03-31T15:43:00.230Z] [INFO] GET /api/rotations/templates - 304 - 3ms
[2026-03-31T15:43:00.231Z] [INFO] GET /api/rotations/types - 304 - 4ms
[2026-03-31T15:43:00.233Z] [INFO] GET /api/teams - 304 - 9ms
[2026-03-31T15:43:00.244Z] [INFO] GET /api/members?limit=1000 - 304 - 21ms
[2026-03-31T15:43:00.740Z] [INFO] GET /api/roles - 304 - 2ms
[2026-03-31T15:43:00.740Z] [INFO] GET /api/location/cities - 304 - 2ms
[2026-03-31T15:43:00.742Z] [INFO] GET /api/location/countries - 304 - 3ms
[2026-03-31T15:43:00.744Z] [INFO] GET /api/members?page=1&limit=10&search=&jobTitle=&status=&location= - 304 - 5ms
[2026-03-31T15:43:01.139Z] [INFO] GET /api/groups - 304 - 1ms
[2026-03-31T15:43:01.140Z] [INFO] GET /api/teams - 304 - 2ms
[2026-03-31T15:43:01.151Z] [INFO] GET /api/teams/c3af3991-e266-4d5c-99f3-d53950ebcba9/members - 304 - 2ms
[2026-03-31T15:43:06.928Z] [INFO] GET /api/dashboard/stats - 304 - 3ms
[2026-03-31T15:55:15.238Z] [INFO] GET /api/schedules?startDate=2026-03-30&endDate=2026-04-12 - 304 - 55ms
[2026-03-31T15:55:16.601Z] [INFO] GET /api/rotations - 304 - 1ms
[2026-03-31T15:55:16.617Z] [INFO] GET /api/members?limit=1000 - 304 - 15ms
[2026-03-31T15:55:16.645Z] [INFO] GET /api/groups - 304 - 43ms
[2026-03-31T15:55:16.647Z] [INFO] GET /api/teams - 304 - 45ms
[2026-03-31T15:55:16.647Z] [INFO] GET /api/rotations/templates - 304 - 44ms
[2026-03-31T15:55:16.654Z] [INFO] GET /api/rotations/types - 304 - 50ms
[2026-03-31T15:55:17.246Z] [INFO] GET /api/roles - 304 - 2ms
[2026-03-31T15:55:17.247Z] [INFO] GET /api/location/countries - 304 - 3ms
[2026-03-31T15:55:17.248Z] [INFO] GET /api/location/cities - 304 - 5ms
[2026-03-31T15:55:17.257Z] [INFO] GET /api/members?page=1&limit=10&search=&jobTitle=&status=&location= - 304 - 13ms
[2026-03-31T15:55:17.919Z] [INFO] GET /api/teams - 304 - 1ms
[2026-03-31T15:55:17.920Z] [INFO] GET /api/groups - 304 - 2ms
[2026-03-31T15:55:17.938Z] [INFO] GET /api/teams/c3af3991-e266-4d5c-99f3-d53950ebcba9/members - 304 - 8ms
[2026-03-31T15:55:18.981Z] [INFO] GET /api/dashboard/stats - 304 - 8ms
[2026-03-31T15:56:11.145Z] [INFO] GET /api/groups - 304 - 39ms
[2026-03-31T15:56:11.146Z] [INFO] GET /api/teams - 304 - 40ms
[2026-03-31T15:56:11.160Z] [INFO] GET /api/teams/c3af3991-e266-4d5c-99f3-d53950ebcba9/members - 304 - 10ms
[2026-03-31T15:56:11.489Z] [INFO] GET /api/location/cities - 304 - 2ms
[2026-03-31T15:56:11.491Z] [INFO] GET /api/roles - 304 - 3ms
[2026-03-31T15:56:11.491Z] [INFO] GET /api/location/countries - 304 - 2ms
[2026-03-31T15:56:11.536Z] [INFO] GET /api/members?page=1&limit=10&search=&jobTitle=&status=&location= - 304 - 48ms
[2026-03-31T15:56:11.986Z] [INFO] GET /api/teams - 304 - 3ms
[2026-03-31T15:56:11.988Z] [INFO] GET /api/rotations - 304 - 6ms
[2026-03-31T15:56:11.989Z] [INFO] GET /api/members?limit=1000 - 304 - 7ms
[2026-03-31T15:56:12.022Z] [INFO] GET /api/groups - 304 - 39ms
[2026-03-31T15:56:12.027Z] [INFO] GET /api/rotations/templates - 304 - 43ms
[2026-03-31T15:56:12.122Z] [INFO] GET /api/rotations/types - 304 - 139ms
[2026-03-31T15:56:12.470Z] [INFO] GET /api/schedules?startDate=2026-03-30&endDate=2026-04-12 - 304 - 19ms
[2026-03-31T15:56:12.819Z] [INFO] GET /api/dashboard/stats - 304 - 2ms
[2026-03-31T15:56:15.117Z] [INFO] GET /api/schedules?startDate=2026-03-30&endDate=2026-04-12 - 304 - 6ms
[2026-03-31T15:59:28.962Z] [INFO] GET /api/rotations - 304 - 46ms
[2026-03-31T15:59:28.965Z] [INFO] GET /api/groups - 304 - 47ms
[2026-03-31T15:59:28.966Z] [INFO] GET /api/teams - 304 - 48ms
[2026-03-31T15:59:28.971Z] [INFO] GET /api/rotations/types - 304 - 51ms
[2026-03-31T15:59:28.973Z] [INFO] GET /api/rotations/templates - 304 - 52ms
[2026-03-31T15:59:29.068Z] [INFO] GET /api/members?limit=1000 - 304 - 150ms
[2026-03-31T15:59:30.334Z] [INFO] GET /api/location/cities - 304 - 1ms
[2026-03-31T15:59:30.336Z] [INFO] GET /api/roles - 304 - 3ms
[2026-03-31T15:59:30.336Z] [INFO] GET /api/location/countries - 304 - 2ms
[2026-03-31T15:59:30.348Z] [INFO] GET /api/members?page=1&limit=10&search=&jobTitle=&status=&location= - 304 - 14ms
[2026-03-31T15:59:30.598Z] [INFO] GET /api/groups - 304 - 1ms
[2026-03-31T15:59:30.602Z] [INFO] GET /api/teams - 304 - 5ms
[2026-03-31T15:59:30.611Z] [INFO] GET /api/teams/c3af3991-e266-4d5c-99f3-d53950ebcba9/members - 304 - 2ms
[2026-03-31T15:59:31.502Z] [INFO] GET /api/rotations/templates - 304 - 2ms
[2026-03-31T15:59:31.502Z] [INFO] GET /api/groups - 304 - 2ms
[2026-03-31T15:59:31.503Z] [INFO] GET /api/rotations/types - 304 - 3ms
[2026-03-31T15:59:31.503Z] [INFO] GET /api/rotations - 304 - 4ms
[2026-03-31T15:59:31.504Z] [INFO] GET /api/teams - 304 - 5ms
[2026-03-31T15:59:31.512Z] [INFO] GET /api/members?limit=1000 - 304 - 13ms
[2026-03-31T15:59:31.895Z] [INFO] GET /api/schedules?startDate=2026-03-30&endDate=2026-04-12 - 304 - 14ms
[2026-03-31T15:59:33.856Z] [INFO] GET /api/groups - 304 - 1ms
[2026-03-31T15:59:33.856Z] [INFO] GET /api/teams - 304 - 2ms
[2026-03-31T15:59:33.861Z] [INFO] GET /api/teams/c3af3991-e266-4d5c-99f3-d53950ebcba9/members - 304 - 1ms
[2026-03-31T15:59:36.414Z] [INFO] GET /api/dashboard/stats - 304 - 2ms
[2026-03-31T16:06:55.470Z] [INFO] GET /api/schedules?startDate=2026-03-30&endDate=2026-04-12 - 304 - 51ms
[2026-03-31T16:06:56.538Z] [INFO] GET /api/rotations - 304 - 3ms
[2026-03-31T16:06:56.542Z] [INFO] GET /api/rotations/types - 304 - 3ms
[2026-03-31T16:06:56.581Z] [INFO] GET /api/groups - 304 - 45ms
[2026-03-31T16:06:56.583Z] [INFO] GET /api/teams - 304 - 47ms
[2026-03-31T16:06:56.584Z] [INFO] GET /api/rotations/templates - 304 - 44ms
[2026-03-31T16:06:56.590Z] [INFO] GET /api/members?limit=1000 - 304 - 55ms
[2026-03-31T16:06:57.410Z] [INFO] GET /api/location/cities - 304 - 1ms
[2026-03-31T16:06:57.412Z] [INFO] GET /api/roles - 304 - 3ms
[2026-03-31T16:06:57.412Z] [INFO] GET /api/location/countries - 304 - 3ms
[2026-03-31T16:06:57.423Z] [INFO] GET /api/members?page=1&limit=10&search=&jobTitle=&status=&location= - 304 - 14ms
[2026-03-31T16:06:57.918Z] [INFO] GET /api/groups - 304 - 1ms
[2026-03-31T16:06:57.919Z] [INFO] GET /api/teams - 304 - 2ms
[2026-03-31T16:06:57.931Z] [INFO] GET /api/teams/c3af3991-e266-4d5c-99f3-d53950ebcba9/members - 304 - 2ms
[2026-03-31T16:09:20.275Z] [INFO] GET /api/groups - 304 - 40ms
[2026-03-31T16:09:20.276Z] [INFO] GET /api/teams - 304 - 42ms
[2026-03-31T16:09:20.291Z] [INFO] GET /api/teams/c3af3991-e266-4d5c-99f3-d53950ebcba9/members - 304 - 11ms
[2026-03-31T16:09:22.651Z] [INFO] GET /api/rotations - 304 - 5ms
[2026-03-31T16:09:22.664Z] [INFO] GET /api/members?limit=1000 - 304 - 17ms
[2026-03-31T16:09:22.688Z] [INFO] GET /api/teams - 304 - 40ms
[2026-03-31T16:09:22.689Z] [INFO] GET /api/groups - 304 - 40ms
[2026-03-31T16:09:22.692Z] [INFO] GET /api/rotations/types - 304 - 43ms
[2026-03-31T16:09:22.696Z] [INFO] GET /api/rotations/templates - 304 - 47ms
[2026-03-31T16:09:23.663Z] [INFO] GET /api/roles - 304 - 2ms
[2026-03-31T16:09:23.664Z] [INFO] GET /api/location/countries - 304 - 3ms
[2026-03-31T16:09:23.665Z] [INFO] GET /api/location/cities - 304 - 5ms
[2026-03-31T16:09:23.676Z] [INFO] GET /api/members?page=1&limit=10&search=&jobTitle=&status=&location= - 304 - 15ms
[2026-03-31T16:09:24.108Z] [INFO] GET /api/schedules?startDate=2026-03-30&endDate=2026-04-12 - 304 - 18ms
[2026-03-31T16:09:24.940Z] [INFO] GET /api/dashboard/stats - 304 - 3ms
[2026-03-31T16:09:28.454Z] [INFO] GET /api/schedules?startDate=2026-03-30&endDate=2026-04-12 - 304 - 6ms
[2026-03-31T16:09:37.875Z] [INFO] GET /api/schedules?startDate=2026-03-30&endDate=2026-04-30 - 200 - 5ms
