[2026-03-26T13:55:43.797Z] [INFO] GET /api/dashboard/stats - 304 - 2366ms
[2026-03-26T15:24:51.088Z] [INFO] GET /api/groups - 304 - 274ms
[2026-03-26T15:24:51.122Z] [INFO] GET /api/rotations/templates - 304 - 295ms
[2026-03-26T15:24:51.140Z] [INFO] GET /api/teams - 304 - 324ms
[2026-03-26T15:24:51.131Z] [INFO] GET /api/rotations/types - 304 - 320ms
[2026-03-26T15:24:51.147Z] [INFO] GET /api/rotations - 304 - 438ms
[2026-03-26T15:24:51.192Z] [INFO] GET /api/members?limit=1000 - 304 - 398ms
[2026-03-26T15:25:08.800Z] [INFO] GET /api/rotations/f0a0b985-5209-420d-b15e-b27a2e93cd9b/members - 304 - 178ms
[2026-03-26T15:25:15.071Z] [INFO] GET /api/teams/602e981b-c8db-41f2-9b83-c00050598dc6/members - 304 - 56ms
[2026-03-26T15:25:23.469Z] [ERROR] POST /api/rotations/f0a0b985-5209-420d-b15e-b27a2e93cd9b/members - 500 - 333ms
[2026-03-26T15:35:02.345Z] [INFO] GET /api/dashboard/stats - 304 - 280ms
[2026-03-26T15:35:04.566Z] [INFO] GET /api/schedules?startDate=2026-02-23&endDate=2026-03-31 - 304 - 118ms
[2026-03-26T15:58:32.881Z] [INFO] GET /api/groups - 304 - 255ms
[2026-03-26T15:58:32.896Z] [INFO] GET /api/rotations/templates - 304 - 260ms
[2026-03-26T15:58:32.899Z] [INFO] GET /api/rotations/types - 304 - 270ms
[2026-03-26T15:58:32.904Z] [INFO] GET /api/teams - 304 - 285ms
[2026-03-26T15:58:32.907Z] [INFO] GET /api/rotations - 304 - 315ms
[2026-03-26T15:58:32.933Z] [INFO] GET /api/members?limit=1000 - 304 - 312ms
[2026-03-26T16:11:48.792Z] [INFO] GET /api/rotations - 304 - 488ms
[2026-03-26T16:11:48.953Z] [INFO] GET /api/groups - 304 - 636ms
[2026-03-26T16:11:49.165Z] [INFO] GET /api/teams - 304 - 846ms
[2026-03-26T16:11:49.348Z] [INFO] GET /api/members?limit=1000 - 304 - 1022ms
[2026-03-26T16:11:49.446Z] [INFO] GET /api/rotations/types - 304 - 1122ms
[2026-03-26T16:11:49.489Z] [INFO] GET /api/rotations/templates - 304 - 1161ms
[2026-03-26T16:11:55.334Z] [INFO] GET /api/rotations/f0a0b985-5209-420d-b15e-b27a2e93cd9b/members - 304 - 61ms
[2026-03-26T16:12:19.306Z] [INFO] GET /api/rotations/f0a0b985-5209-420d-b15e-b27a2e93cd9b/members - 304 - 124ms
[2026-03-26T16:12:23.266Z] [INFO] GET /api/rotations/f0a0b985-5209-420d-b15e-b27a2e93cd9b/members - 304 - 4ms
[2026-03-26T16:12:42.713Z] [INFO] GET /api/rotations/f0a0b985-5209-420d-b15e-b27a2e93cd9b/members - 304 - 163ms
[2026-03-26T16:13:37.364Z] [INFO] GET /api/rotations/f0a0b985-5209-420d-b15e-b27a2e93cd9b/members - 304 - 186ms
[2026-03-26T16:13:41.489Z] [INFO] GET /api/rotations/f0a0b985-5209-420d-b15e-b27a2e93cd9b/members - 304 - 7ms
[2026-03-26T16:19:24.533Z] [INFO] GET /api/rotations/f0a0b985-5209-420d-b15e-b27a2e93cd9b/members - 304 - 297ms
[2026-03-26T16:19:31.558Z] [INFO] GET /api/rotations/f0a0b985-5209-420d-b15e-b27a2e93cd9b/members - 304 - 8ms
[2026-03-26T16:20:50.647Z] [INFO] GET /api/rotations/f0a0b985-5209-420d-b15e-b27a2e93cd9b/members - 304 - 1399ms
[2026-03-26T16:21:01.884Z] [INFO] GET /api/schedules?startDate=2026-02-23&endDate=2026-03-31 - 304 - 382ms
[2026-03-26T16:21:11.627Z] [INFO] GET /api/schedules/rotations - 304 - 38ms
[2026-03-26T16:21:37.714Z] [INFO] POST /api/schedules/generate - 200 - 718ms
[2026-03-26T16:21:37.810Z] [INFO] GET /api/schedules?startDate=2026-02-23&endDate=2026-03-31 - 200 - 52ms
[2026-03-26T16:21:37.961Z] [INFO] GET /api/schedules/rotations - 304 - 5ms
[2026-03-26T16:21:53.663Z] [INFO] GET /api/schedules/rotations - 304 - 174ms
[2026-03-26T16:22:00.031Z] [INFO] POST /api/schedules/generate - 200 - 221ms
[2026-03-26T16:22:00.113Z] [INFO] GET /api/schedules?startDate=2026-02-23&endDate=2026-03-31 - 200 - 36ms
[2026-03-26T16:22:00.289Z] [INFO] GET /api/schedules/rotations - 304 - 6ms
[2026-03-26T16:22:15.365Z] [INFO] GET /api/rotations - 304 - 139ms
[2026-03-26T16:22:15.400Z] [INFO] GET /api/groups - 304 - 162ms
[2026-03-26T16:22:15.403Z] [INFO] GET /api/teams - 304 - 173ms
[2026-03-26T16:22:15.414Z] [INFO] GET /api/rotations/types - 304 - 174ms
[2026-03-26T16:22:15.423Z] [INFO] GET /api/rotations/templates - 304 - 182ms
[2026-03-26T16:22:15.438Z] [INFO] GET /api/members?limit=1000 - 304 - 209ms
[2026-03-26T16:22:18.124Z] [INFO] GET /api/schedules?startDate=2026-02-23&endDate=2026-03-31 - 304 - 80ms
[2026-03-26T16:22:42.402Z] [INFO] GET /api/teams - 304 - 161ms
[2026-03-26T16:22:42.407Z] [INFO] GET /api/rotations - 304 - 169ms
[2026-03-26T16:22:42.404Z] [INFO] GET /api/groups - 304 - 162ms
[2026-03-26T16:22:42.420Z] [INFO] GET /api/rotations/types - 304 - 171ms
[2026-03-26T16:22:42.436Z] [INFO] GET /api/members?limit=1000 - 304 - 196ms
[2026-03-26T16:22:42.438Z] [INFO] GET /api/rotations/templates - 304 - 186ms
[2026-03-26T16:27:53.484Z] [INFO] GET /api/dashboard/stats - 304 - 196ms
[2026-03-26T16:27:55.598Z] [INFO] GET /api/schedules?startDate=2026-02-23&endDate=2026-03-31 - 304 - 71ms
[2026-03-26T16:27:56.268Z] [INFO] GET /api/rotations - 304 - 13ms
[2026-03-26T16:27:56.279Z] [INFO] GET /api/groups - 304 - 9ms
[2026-03-26T16:27:56.555Z] [INFO] GET /api/rotations/templates - 304 - 293ms
[2026-03-26T16:27:56.561Z] [INFO] GET /api/teams - 304 - 296ms
[2026-03-26T16:27:56.602Z] [INFO] GET /api/rotations/types - 304 - 330ms
[2026-03-26T16:27:56.695Z] [INFO] GET /api/members?limit=1000 - 304 - 424ms
[2026-03-26T16:27:57.198Z] [INFO] GET /api/location/cities - 304 - 14ms
[2026-03-26T16:27:57.201Z] [INFO] GET /api/roles - 304 - 12ms
[2026-03-26T16:27:57.208Z] [INFO] GET /api/location/countries - 304 - 13ms
[2026-03-26T16:27:57.245Z] [INFO] GET /api/members?page=1&limit=10&search=&jobTitle=&status=&location= - 304 - 52ms
[2026-03-26T16:28:09.711Z] [INFO] GET /api/dashboard/stats - 304 - 106ms
[2026-03-26T16:28:10.290Z] [INFO] GET /api/rotations - 304 - 16ms
[2026-03-26T16:28:10.428Z] [INFO] GET /api/teams - 304 - 150ms
[2026-03-26T16:28:10.452Z] [INFO] GET /api/rotations/templates - 304 - 167ms
[2026-03-26T16:28:10.454Z] [INFO] GET /api/members?limit=1000 - 304 - 179ms
[2026-03-26T16:28:10.463Z] [INFO] GET /api/rotations/types - 304 - 179ms
[2026-03-26T16:28:10.514Z] [INFO] GET /api/groups - 304 - 231ms
[2026-03-26T17:31:25.097Z] [INFO] GET /api/rotations/f0a0b985-5209-420d-b15e-b27a2e93cd9b/members - 304 - 362ms
