[2026-04-10T12:42:49.112Z] [INFO] GET /api/dashboard/stats - 304 - 1055ms
[2026-04-10T13:47:41.338Z] [INFO] POST /api/login/reset - 200 - 516ms
[2026-04-10T13:48:06.314Z] [INFO] POST /api/login/validate - 200 - 1267ms
[2026-04-10T13:52:53.198Z] [INFO] GET /api/location/countries - 304 - 202ms
[2026-04-10T13:52:53.210Z] [INFO] GET /api/roles - 304 - 221ms
[2026-04-10T13:52:53.236Z] [INFO] GET /api/location/cities - 304 - 286ms
[2026-04-10T13:52:53.295Z] [INFO] GET /api/members?page=1&limit=10&search=&jobTitle=&status=&location= - 304 - 303ms
[2026-04-10T13:53:18.988Z] [INFO] POST /api/login/validate - 200 - 171ms
[2026-04-10T16:25:53.074Z] [INFO] GET /api/location/countries - 304 - 222ms
[2026-04-10T16:25:53.080Z] [INFO] GET /api/roles - 304 - 234ms
[2026-04-10T16:25:53.083Z] [INFO] GET /api/location/cities - 304 - 269ms
[2026-04-10T16:25:53.142Z] [INFO] GET /api/members?page=1&limit=10&search=&jobTitle=&status=&location= - 304 - 293ms
[2026-04-10T16:26:06.037Z] [INFO] GET /api/members?page=2&limit=10&search=&jobTitle=&status=&location= - 200 - 100ms
[2026-04-10T16:26:07.037Z] [INFO] GET /api/members?page=3&limit=10&search=&jobTitle=&status=&location= - 200 - 12ms
[2026-04-10T16:26:32.725Z] [INFO] POST /api/login/validate - 200 - 166ms
[2026-04-10T16:29:54.432Z] [INFO] GET /api/members - 200 - 262ms
[2026-04-10T16:29:54.624Z] [WARN] GET /favicon.ico - 404 - 3ms
[2026-04-10T16:30:20.444Z] [WARN] GET /api/cities - 404 - 2ms
[2026-04-10T16:30:32.547Z] [INFO] GET /api/roles - 304 - 87ms
[2026-04-10T16:32:50.041Z] [INFO] GET /api/location/countries - 304 - 104ms
[2026-04-10T16:32:50.043Z] [INFO] GET /api/roles - 304 - 110ms
[2026-04-10T16:32:50.098Z] [INFO] GET /api/members?page=1&limit=10&search=&jobTitle=&status=&location= - 304 - 164ms
[2026-04-10T16:32:50.142Z] [INFO] GET /api/location/cities - 304 - 212ms
[2026-04-10T16:33:22.065Z] [INFO] POST /api/login/validate - 200 - 164ms
[2026-04-10T16:40:07.142Z] [INFO] GET /api/groups - 304 - 187ms
[2026-04-10T16:40:07.154Z] [INFO] GET /api/rotations - 304 - 220ms
[2026-04-10T16:40:07.182Z] [INFO] GET /api/teams - 200 - 228ms
[2026-04-10T16:40:07.240Z] [INFO] GET /api/members?limit=1000 - 304 - 289ms
[2026-04-10T16:40:07.261Z] [INFO] GET /api/rotations/types - 304 - 305ms
[2026-04-10T16:40:07.276Z] [INFO] GET /api/rotations/templates - 304 - 319ms
[2026-04-10T16:40:08.897Z] [INFO] GET /api/schedules?startDate=2026-04-01&endDate=2026-04-30 - 200 - 63ms
[2026-04-10T16:40:10.247Z] [INFO] GET /api/roles - 304 - 7ms
[2026-04-10T16:40:10.253Z] [INFO] GET /api/location/countries - 304 - 7ms
[2026-04-10T16:40:10.286Z] [INFO] GET /api/location/cities - 304 - 44ms
[2026-04-10T16:40:10.290Z] [INFO] GET /api/members?page=1&limit=10&search=&jobTitle=&status=&location= - 304 - 45ms
[2026-04-10T16:40:13.699Z] [INFO] GET /api/dashboard/stats - 304 - 20ms
[2026-04-10T16:40:17.081Z] [INFO] GET /api/location/cities - 304 - 4ms
[2026-04-10T16:40:17.086Z] [INFO] GET /api/roles - 304 - 7ms
[2026-04-10T16:40:17.093Z] [INFO] GET /api/location/countries - 304 - 6ms
[2026-04-10T16:40:17.115Z] [INFO] GET /api/members?page=1&limit=10&search=&jobTitle=&status=&location= - 304 - 32ms
[2026-04-10T16:40:22.051Z] [INFO] GET /api/schedules?startDate=2026-04-01&endDate=2026-04-30 - 304 - 49ms
[2026-04-10T16:40:55.632Z] [INFO] GET /api/schedules/rotations - 304 - 104ms
[2026-04-10T16:41:21.165Z] [INFO] GET /api/schedules?startDate=2026-04-01&endDate=2026-04-30&teamId=d41a032f-4d27-482d-9fe1-aea8b1ae7265 - 200 - 117ms
[2026-04-10T16:41:25.232Z] [INFO] GET /api/schedules?startDate=2026-04-01&endDate=2026-04-30&teamId=b3abdfd8-9b10-46d5-9c38-e0d5f1881add - 200 - 45ms
[2026-04-10T16:41:33.992Z] [INFO] GET /api/schedules?startDate=2026-04-01&endDate=2026-04-30&teamId=bb0afa07-c4da-466c-b18a-34bd174fafa4 - 200 - 30ms
[2026-04-10T16:41:41.372Z] [INFO] GET /api/schedules?startDate=2026-04-01&endDate=2026-04-30&teamId=bb0afa07-c4da-466c-b18a-34bd174fafa4&rotationType=On-Call - 200 - 14ms
[2026-04-10T16:41:44.710Z] [INFO] GET /api/schedules?startDate=2026-04-01&endDate=2026-04-30&teamId=bb0afa07-c4da-466c-b18a-34bd174fafa4&rotationType=Cross-Team+Analyst - 200 - 35ms
[2026-04-10T16:41:48.812Z] [INFO] GET /api/schedules?startDate=2026-04-01&endDate=2026-04-30&teamId=bb0afa07-c4da-466c-b18a-34bd174fafa4 - 304 - 24ms
[2026-04-10T16:41:49.785Z] [INFO] GET /api/schedules?startDate=2026-04-01&endDate=2026-04-30&teamId=bb0afa07-c4da-466c-b18a-34bd174fafa4 - 304 - 27ms
[2026-04-10T16:41:55.177Z] [INFO] GET /api/schedules?startDate=2026-04-01&endDate=2027-03-31&teamId=bb0afa07-c4da-466c-b18a-34bd174fafa4 - 200 - 14ms
[2026-04-10T16:42:02.091Z] [INFO] GET /api/schedules?startDate=2026-04-01&endDate=2026-04-30&teamId=bb0afa07-c4da-466c-b18a-34bd174fafa4 - 304 - 25ms
[2026-04-10T16:42:07.005Z] [INFO] GET /api/schedules?startDate=2026-05-01&endDate=2026-05-31&teamId=bb0afa07-c4da-466c-b18a-34bd174fafa4 - 200 - 34ms
[2026-04-10T16:42:07.913Z] [INFO] GET /api/schedules?startDate=2026-06-01&endDate=2026-06-30&teamId=bb0afa07-c4da-466c-b18a-34bd174fafa4 - 200 - 32ms
[2026-04-10T16:42:08.646Z] [INFO] GET /api/schedules?startDate=2026-07-01&endDate=2026-07-31&teamId=bb0afa07-c4da-466c-b18a-34bd174fafa4 - 200 - 24ms
[2026-04-10T16:42:09.312Z] [INFO] GET /api/schedules?startDate=2026-08-01&endDate=2026-08-31&teamId=bb0afa07-c4da-466c-b18a-34bd174fafa4 - 200 - 25ms
[2026-04-10T16:42:10.346Z] [INFO] GET /api/schedules?startDate=2026-09-01&endDate=2026-09-30&teamId=bb0afa07-c4da-466c-b18a-34bd174fafa4 - 200 - 45ms
[2026-04-10T16:42:16.567Z] [INFO] GET /api/schedules?startDate=2026-08-01&endDate=2026-08-31&teamId=bb0afa07-c4da-466c-b18a-34bd174fafa4 - 304 - 19ms
[2026-04-10T16:42:23.680Z] [INFO] GET /api/schedules?startDate=2026-08-01&endDate=2026-08-31 - 200 - 25ms
[2026-04-10T16:42:28.910Z] [INFO] GET /api/schedules?startDate=2026-05-01&endDate=2026-05-31 - 200 - 38ms
[2026-04-10T16:42:29.790Z] [INFO] GET /api/schedules?startDate=2026-03-01&endDate=2026-03-31 - 200 - 16ms
[2026-04-10T16:42:34.634Z] [INFO] GET /api/schedules?startDate=2026-02-01&endDate=2026-02-28 - 200 - 35ms
[2026-04-10T16:42:37.102Z] [INFO] GET /api/schedules?startDate=2026-03-01&endDate=2026-03-31 - 304 - 24ms
[2026-04-10T16:43:32.608Z] [INFO] GET /api/members?limit=1000 - 304 - 175ms
[2026-04-10T16:43:32.635Z] [INFO] GET /api/teams - 304 - 197ms
[2026-04-10T16:43:32.661Z] [INFO] GET /api/groups - 304 - 217ms
[2026-04-10T16:43:32.686Z] [INFO] GET /api/rotations - 304 - 256ms
[2026-04-10T16:43:32.710Z] [INFO] GET /api/rotations/types - 304 - 259ms
[2026-04-10T16:43:32.733Z] [INFO] GET /api/rotations/templates - 304 - 277ms
[2026-04-10T16:43:35.888Z] [INFO] GET /api/roles - 304 - 7ms
[2026-04-10T16:43:35.902Z] [INFO] GET /api/location/countries - 304 - 5ms
[2026-04-10T16:43:35.941Z] [INFO] GET /api/members?page=1&limit=10&search=&jobTitle=&status=&location= - 304 - 59ms
[2026-04-10T16:43:35.949Z] [INFO] GET /api/location/cities - 304 - 69ms
[2026-04-10T16:43:42.471Z] [INFO] GET /api/groups - 304 - 2ms
[2026-04-10T16:43:42.477Z] [INFO] GET /api/teams - 304 - 9ms
[2026-04-10T16:43:42.583Z] [INFO] GET /api/teams/d41a032f-4d27-482d-9fe1-aea8b1ae7265/members - 304 - 19ms
[2026-04-10T16:43:50.206Z] [INFO] GET /api/teams/50ef787a-4fc6-40e4-b443-bd39bbf55317/members - 200 - 14ms
[2026-04-10T16:43:51.346Z] [INFO] GET /api/teams/a37f014e-9834-4441-b475-b9984412b419/members - 200 - 6ms
[2026-04-10T16:43:52.580Z] [INFO] GET /api/teams/b3abdfd8-9b10-46d5-9c38-e0d5f1881add/members - 200 - 11ms
[2026-04-10T16:43:54.192Z] [INFO] GET /api/teams/5b8c0deb-2c48-4190-9624-02cd154d0185/members - 200 - 9ms
[2026-04-10T16:43:55.642Z] [INFO] PUT /api/teams/5b8c0deb-2c48-4190-9624-02cd154d0185/status - 200 - 29ms
[2026-04-10T16:44:04.149Z] [INFO] GET /api/schedules?startDate=2026-04-01&endDate=2026-04-30 - 200 - 84ms
[2026-04-10T16:44:09.027Z] [INFO] GET /api/dashboard/stats - 200 - 4ms
[2026-04-10T16:44:11.806Z] [INFO] GET /api/rotations - 304 - 3ms
[2026-04-10T16:44:11.822Z] [INFO] GET /api/groups - 304 - 7ms
[2026-04-10T16:44:11.999Z] [INFO] GET /api/rotations/templates - 304 - 180ms
[2026-04-10T16:44:12.044Z] [INFO] GET /api/rotations/types - 304 - 226ms
[2026-04-10T16:44:12.054Z] [INFO] GET /api/members?limit=1000 - 304 - 239ms
[2026-04-10T16:44:12.073Z] [INFO] GET /api/teams - 200 - 257ms
[2026-04-10T16:44:16.163Z] [INFO] GET /api/schedules?startDate=2026-04-01&endDate=2026-04-30 - 304 - 110ms
[2026-04-10T16:44:19.385Z] [INFO] GET /api/roles - 304 - 3ms
[2026-04-10T16:44:19.395Z] [INFO] GET /api/location/cities - 304 - 14ms
[2026-04-10T16:44:19.404Z] [INFO] GET /api/location/countries - 304 - 6ms
[2026-04-10T16:44:19.427Z] [INFO] GET /api/members?page=1&limit=10&search=&jobTitle=&status=&location= - 304 - 43ms
[2026-04-10T16:44:28.122Z] [INFO] GET /api/members?page=2&limit=10&search=&jobTitle=&status=&location= - 304 - 7ms
[2026-04-10T16:44:28.961Z] [INFO] GET /api/members?page=3&limit=10&search=&jobTitle=&status=&location= - 304 - 9ms
[2026-04-10T16:44:30.541Z] [INFO] GET /api/members?page=4&limit=10&search=&jobTitle=&status=&location= - 200 - 9ms
[2026-04-10T16:44:35.793Z] [INFO] GET /api/teams - 304 - 12ms
[2026-04-10T16:44:35.813Z] [INFO] GET /api/teams/d41a032f-4d27-482d-9fe1-aea8b1ae7265/members - 304 - 5ms
[2026-04-10T16:44:35.935Z] [INFO] GET /api/groups - 304 - 151ms
