[2026-03-30T13:26:34.427Z] [INFO] GET /api/rotations/types - 304 - 245ms
[2026-03-30T13:26:34.435Z] [INFO] GET /api/rotations/templates - 304 - 255ms
[2026-03-30T13:26:34.441Z] [INFO] GET /api/groups - 304 - 263ms
[2026-03-30T13:26:34.448Z] [INFO] GET /api/teams - 304 - 287ms
[2026-03-30T13:26:34.452Z] [INFO] GET /api/rotations - 304 - 268ms
[2026-03-30T13:26:34.481Z] [INFO] GET /api/members?limit=1000 - 304 - 306ms
[2026-03-30T13:26:36.026Z] [INFO] GET /api/rotations/f0a0b985-5209-420d-b15e-b27a2e93cd9b/members - 304 - 42ms
[2026-03-30T16:31:41.682Z] [INFO] GET /api/rotations/types - 304 - 236ms
[2026-03-30T16:31:41.687Z] [INFO] GET /api/rotations - 304 - 273ms
[2026-03-30T16:31:41.694Z] [INFO] GET /api/teams - 304 - 252ms
[2026-03-30T16:31:41.708Z] [INFO] GET /api/members?limit=1000 - 304 - 269ms
[2026-03-30T16:31:41.716Z] [INFO] GET /api/groups - 304 - 271ms
[2026-03-30T16:31:41.737Z] [INFO] GET /api/rotations/templates - 304 - 289ms
[2026-03-30T16:31:58.498Z] [INFO] DELETE /api/rotations/f0a0b985-5209-420d-b15e-b27a2e93cd9b - 200 - 189ms
[2026-03-30T16:31:58.522Z] [INFO] GET /api/rotations - 200 - 18ms
[2026-03-30T16:32:08.019Z] [INFO] DELETE /api/rotations/9757dab0-15ce-460c-8a56-aea7d70de354 - 200 - 21ms
[2026-03-30T16:32:08.073Z] [INFO] GET /api/rotations - 200 - 4ms
[2026-03-30T16:33:52.545Z] [INFO] GET /api/rotations - 304 - 138ms
[2026-03-30T16:33:52.556Z] [INFO] GET /api/groups - 304 - 137ms
[2026-03-30T16:33:52.564Z] [INFO] GET /api/teams - 304 - 152ms
[2026-03-30T16:33:52.579Z] [INFO] GET /api/members?limit=1000 - 304 - 170ms
[2026-03-30T16:33:52.576Z] [INFO] GET /api/rotations/types - 304 - 146ms
[2026-03-30T16:33:52.588Z] [INFO] GET /api/rotations/templates - 304 - 153ms
[2026-03-30T21:33:21.146Z] [INFO] GET /api/rotations/adafe9a4-fc07-4396-9c0d-08d8b03c87ce/members - 200 - 288ms
[2026-03-30T21:33:23.375Z] [INFO] GET /api/rotations/adafe9a4-fc07-4396-9c0d-08d8b03c87ce/members - 304 - 8ms
[2026-03-30T21:34:40.382Z] [INFO] GET /api/schedules?startDate=2026-02-23&endDate=2026-03-31 - 200 - 181ms
[2026-03-30T21:34:57.885Z] [INFO] GET /api/schedules?startDate=2026-03-30&endDate=2026-04-12 - 200 - 167ms
[2026-03-30T21:34:59.567Z] [INFO] GET /api/schedules?startDate=2026-03-30&endDate=2026-04-05 - 200 - 22ms
[2026-03-30T21:35:11.817Z] [INFO] GET /api/schedules?startDate=2026-02-23&endDate=2026-03-31 - 304 - 158ms
