[2026-03-24T17:17:09.060Z] GET /?startDate=2026-02-23&endDate=2026-03-31 - 304 - 231ms
[2026-03-24T17:17:53.991Z] GET /types - 304 - 196ms
[2026-03-24T17:17:54.025Z] GET / - 304 - 236ms
[2026-03-24T17:17:54.070Z] GET /?limit=1000 - 304 - 283ms
[2026-03-24T17:17:54.077Z] GET / - 304 - 279ms
[2026-03-24T17:17:54.081Z] GET / - 304 - 300ms
[2026-03-24T17:17:54.096Z] GET /templates - 304 - 300ms
[2026-03-24T17:18:13.375Z] GET /countries - 304 - 182ms
[2026-03-24T17:18:13.394Z] GET /cities - 304 - 215ms
[2026-03-24T17:18:13.443Z] GET /?page=1&limit=10&search=&jobTitle=&status=&location= - 304 - 254ms
[2026-03-24T17:18:13.462Z] GET / - 304 - 277ms
[2026-03-24T17:18:21.501Z] GET /?page=1&limit=10&search=&jobTitle=ca4fc34c-e5f3-4d57-8085-56e598ca182f&status=&location= - 200 - 42ms
[2026-03-24T17:18:22.549Z] GET /?page=1&limit=10&search=&jobTitle=ca4fc34c-e5f3-4d57-8085-56e598ca182f,985b176f-2847-4ace-a95d-6e82e71d16fa&status=&location= - 200 - 14ms
[2026-03-24T17:18:23.371Z] GET /?page=1&limit=10&search=&jobTitle=ca4fc34c-e5f3-4d57-8085-56e598ca182f,985b176f-2847-4ace-a95d-6e82e71d16fa,fc94f17d-eead-4754-9d9d-0a9ebc4c09b6&status=&location= - 200 - 13ms
[2026-03-24T17:18:26.896Z] GET /?page=1&limit=10&search=&jobTitle=&status=&location= - 304 - 9ms
[2026-03-24T17:19:40.245Z] GET /?page=1&limit=10&search=&jobTitle=&status=true&location= - 304 - 210ms
[2026-03-24T17:19:40.843Z] GET /?page=1&limit=10&search=&jobTitle=&status=&location= - 304 - 9ms
[2026-03-24T17:19:43.551Z] GET /?startDate=2026-02-23&endDate=2026-03-31 - 304 - 61ms
[2026-03-24T17:19:49.273Z] GET /stats - 304 - 6ms
[2026-03-24T17:19:50.760Z] GET /cities - 304 - 3ms
[2026-03-24T17:19:50.766Z] GET / - 304 - 4ms
[2026-03-24T17:19:50.771Z] GET /countries - 304 - 2ms
[2026-03-24T17:19:50.940Z] GET /?page=1&limit=10&search=&jobTitle=&status=&location= - 304 - 176ms
[2026-03-24T17:25:36.613Z] GET / - 304 - 178ms
[2026-03-24T17:25:36.672Z] GET /countries - 304 - 232ms
[2026-03-24T17:25:36.704Z] GET /?page=1&limit=10&search=&jobTitle=&status=&location= - 304 - 264ms
[2026-03-24T17:25:36.761Z] GET /cities - 304 - 329ms
[2026-03-24T17:28:28.581Z] GET /?startDate=2026-02-23&endDate=2026-03-31 - 304 - 140ms
[2026-03-24T17:29:02.746Z] GET /?startDate=2026-03-23&endDate=2026-04-05 - 304 - 135ms
[2026-03-24T17:29:20.250Z] GET /?startDate=2026-03-23&endDate=2026-04-05&rotationType=Business+Domain - 200 - 110ms
[2026-03-24T17:29:22.438Z] GET /?startDate=2026-03-23&endDate=2026-04-05&rotationType=Mountain+Time - 200 - 17ms
[2026-03-24T17:29:27.440Z] GET /?startDate=2026-03-23&endDate=2026-04-05&rotationType=Service+Desk - 200 - 16ms
[2026-03-24T17:29:32.073Z] GET /?startDate=2026-03-23&endDate=2026-04-05&rotationType=Team-Level - 200 - 16ms
[2026-03-24T17:29:34.986Z] GET /?startDate=2026-03-23&endDate=2026-04-05&teamId=47c9a182-c030-4ca9-bf66-20bf8ec6b016&rotationType=Team-Level - 200 - 16ms
[2026-03-24T17:29:39.461Z] GET /?startDate=2026-03-23&endDate=2026-04-05&teamId=4063af33-f0d3-46ab-bd53-a58b12459c0e&rotationType=Team-Level - 200 - 15ms
[2026-03-24T17:29:42.461Z] GET /?startDate=2026-03-23&endDate=2026-04-05&teamId=837f1da7-61da-4a29-bf3e-73d27e63287c&rotationType=Team-Level - 200 - 16ms
[2026-03-24T17:29:46.227Z] GET /?startDate=2026-03-23&endDate=2026-04-05&teamId=2e5f521d-a004-4a81-a400-26692d990a79&rotationType=Team-Level - 200 - 17ms
[2026-03-24T17:29:51.214Z] GET /?startDate=2026-03-23&endDate=2026-04-05&search=m&teamId=2e5f521d-a004-4a81-a400-26692d990a79&rotationType=Team-Level - 200 - 20ms
[2026-03-24T17:29:56.112Z] GET /?startDate=2026-03-23&endDate=2026-04-05&search=m&rotationType=Team-Level - 200 - 23ms
[2026-03-24T17:30:00.182Z] GET /?startDate=2026-03-23&endDate=2026-04-05&search=ma&rotationType=Team-Level - 200 - 13ms
[2026-03-24T17:30:04.014Z] GET /?startDate=2026-03-23&endDate=2026-04-05&search=m&rotationType=Team-Level - 304 - 21ms
[2026-03-24T17:30:06.593Z] GET /?startDate=2026-03-23&endDate=2026-04-05&rotationType=Team-Level - 304 - 20ms
[2026-03-24T17:30:14.801Z] GET /?startDate=2026-03-23&endDate=2026-04-05 - 304 - 17ms
[2026-03-24T17:30:16.797Z] GET /?startDate=2026-03-23&endDate=2026-04-05&search=h - 200 - 20ms
[2026-03-24T17:30:19.615Z] GET /?startDate=2026-03-23&endDate=2026-04-05 - 304 - 23ms
[2026-03-24T17:30:23.461Z] GET /?startDate=2026-03-23&endDate=2026-04-05&search=M - 200 - 19ms
[2026-03-24T17:30:26.879Z] GET /?startDate=2026-03-23&endDate=2026-04-05&search=Ma - 200 - 22ms
[2026-03-24T17:30:31.650Z] GET /?startDate=2026-03-23&endDate=2026-04-05&search=Mah - 200 - 18ms
[2026-03-24T17:30:33.308Z] GET /?startDate=2026-03-23&endDate=2026-04-05&search=Maha - 200 - 22ms
[2026-03-24T17:30:38.826Z] GET /?startDate=2026-02-23&endDate=2026-03-31&search=Maha - 200 - 17ms
[2026-03-24T17:30:40.488Z] GET /?startDate=2026-02-23&endDate=2026-03-31&search=Mah - 200 - 20ms
[2026-03-24T17:30:47.627Z] GET /?startDate=2026-02-23&endDate=2026-03-31 - 304 - 19ms
[2026-03-24T17:30:51.796Z] GET /?startDate=2026-03-23&endDate=2026-04-05 - 304 - 12ms
[2026-03-24T17:30:57.213Z] GET /?limit=1000 - 304 - 39ms
[2026-03-24T17:30:57.382Z] GET / - 304 - 203ms
[2026-03-24T17:30:57.409Z] GET / - 304 - 228ms
[2026-03-24T17:30:57.416Z] GET /types - 304 - 234ms
[2026-03-24T17:30:57.432Z] GET /templates - 304 - 249ms
[2026-03-24T17:30:57.443Z] GET / - 304 - 263ms
[2026-03-24T17:30:57.993Z] GET / - 304 - 11ms
[2026-03-24T17:30:57.997Z] GET /cities - 304 - 20ms
[2026-03-24T17:30:57.998Z] GET /countries - 304 - 9ms
[2026-03-24T17:30:58.029Z] GET /?page=1&limit=10&search=&jobTitle=&status=&location= - 304 - 42ms
[2026-03-24T17:30:59.325Z] GET / - 304 - 3ms
[2026-03-24T17:30:59.333Z] GET / - 304 - 11ms
[2026-03-24T17:30:59.365Z] GET /4063af33-f0d3-46ab-bd53-a58b12459c0e/members - 304 - 6ms
[2026-03-24T17:31:03.887Z] GET / - 304 - 9ms
[2026-03-24T17:31:03.911Z] GET / - 304 - 15ms
[2026-03-24T17:31:03.912Z] GET /types - 304 - 15ms
[2026-03-24T17:31:03.899Z] GET / - 304 - 5ms
[2026-03-24T17:31:03.916Z] GET /templates - 304 - 19ms
[2026-03-24T17:31:03.931Z] GET /?limit=1000 - 304 - 51ms
[2026-03-24T17:31:04.773Z] GET /?startDate=2026-02-23&endDate=2026-03-31 - 304 - 59ms
[2026-03-24T17:31:48.408Z] GET /?startDate=2026-02-23&endDate=2026-03-31 - 304 - 113ms
[2026-03-24T17:31:51.894Z] GET /?startDate=2026-03-23&endDate=2026-04-05 - 304 - 11ms
[2026-03-24T17:37:07.386Z] GET /rotations - 304 - 143ms
[2026-03-24T17:38:51.594Z] GET /rotations - 304 - 140ms
[2026-03-24T17:42:28.399Z] GET /rotations - 304 - 149ms
[2026-03-24T17:44:10.404Z] GET /rotations - 304 - 151ms
[2026-03-24T17:44:55.714Z] POST /generate - 200 - 266ms
[2026-03-24T17:44:55.781Z] GET /?startDate=2026-03-23&endDate=2026-04-05 - 200 - 33ms
[2026-03-24T17:44:55.853Z] GET /rotations - 304 - 5ms
[2026-03-24T17:46:18.696Z] GET /rotations - 304 - 277ms
[2026-03-24T17:47:03.279Z] GET /?startDate=2026-03-23&endDate=2026-04-05 - 304 - 146ms
[2026-03-24T17:47:05.649Z] GET /rotations - 304 - 10ms
